<?xml version="1.0" encoding="UTF-8" ?>
<testsuite errors="0" failures="0" hostname="HaiYen" name="Test1.TestQuanLyVoucher" skipped="0" tests="1" time="0.998" timestamp="2024-04-03T10:46:27">
  <properties>
    <property name="file.reference.AbsoluteLayout.jar-2" value="lib\AbsoluteLayout.jar" />
    <property name="libs.spring-framework300.classpath" value="C:\Program Files\NetBeans-12.6\netbeansrr\platform\modules\org-apache-commons-logging.jar;C:\Program Files\NetBeans-12.6\netbeansrr\java\modules\ext\cglib-2.2.jar;C:\Program Files\NetBeans-12.6\netbeansrr\java\modules\ext\spring-3.0\spring-aop-3.2.18.RELEASE.jar;C:\Program Files\NetBeans-12.6\netbeansrr\java\modules\ext\spring-3.0\spring-aspects-3.2.18.RELEASE.jar;C:\Program Files\NetBeans-12.6\netbeansrr\java\modules\ext\spring-3.0\spring-beans-3.2.18.RELEASE.jar;C:\Program Files\NetBeans-12.6\netbeansrr\java\modules\ext\spring-3.0\spring-context-3.2.18.RELEASE.jar;C:\Program Files\NetBeans-12.6\netbeansrr\java\modules\ext\spring-3.0\spring-context-support-3.2.18.RELEASE.jar;C:\Program Files\NetBeans-12.6\netbeansrr\java\modules\ext\spring-3.0\spring-core-3.2.18.RELEASE.jar;C:\Program Files\NetBeans-12.6\netbeansrr\java\modules\ext\spring-3.0\spring-expression-3.2.18.RELEASE.jar;C:\Program Files\NetBeans-12.6\netbeansrr\java\modules\ext\spring-3.0\spring-instrument-3.2.18.RELEASE.jar;C:\Program Files\NetBeans-12.6\netbeansrr\java\modules\ext\spring-3.0\spring-instrument-tomcat-3.2.18.RELEASE.jar;C:\Program Files\NetBeans-12.6\netbeansrr\java\modules\ext\spring-3.0\spring-jdbc-3.2.18.RELEASE.jar;C:\Program Files\NetBeans-12.6\netbeansrr\java\modules\ext\spring-3.0\spring-jms-3.2.18.RELEASE.jar;C:\Program Files\NetBeans-12.6\netbeansrr\java\modules\ext\spring-3.0\spring-orm-3.2.18.RELEASE.jar;C:\Program Files\NetBeans-12.6\netbeansrr\java\modules\ext\spring-3.0\spring-oxm-3.2.18.RELEASE.jar;C:\Program Files\NetBeans-12.6\netbeansrr\java\modules\ext\spring-3.0\spring-struts-3.2.18.RELEASE.jar;C:\Program Files\NetBeans-12.6\netbeansrr\java\modules\ext\spring-3.0\spring-test-3.2.18.RELEASE.jar;C:\Program Files\NetBeans-12.6\netbeansrr\java\modules\ext\spring-3.0\spring-tx-3.2.18.RELEASE.jar;C:\Program Files\NetBeans-12.6\netbeansrr\java\modules\ext\spring-3.0\spring-web-3.2.18.RELEASE.jar;C:\Program Files\NetBeans-12.6\netbeansrr\java\modules\ext\spring-3.0\spring-webmvc-3.2.18.RELEASE.jar;C:\Program Files\NetBeans-12.6\netbeansrr\java\modules\ext\spring-3.0\spring-webmvc-portlet-3.2.18.RELEASE.jar" />
    <property name="javac.test.classpath" value="lib\flatlaf-3.2.jar:lib\flatlaf-extras-3.2.jar:lib\flatlaf-fonts-roboto-2.137.jar:lib\swing-toast-notifications-1.0.1.jar:lib\jsvg-1.2.0.jar:C:\Users\Admin\Documents\NetBeansProjects\mssql-jdbc-7.2.2.jre8.jar:D:\2. FPT Polytechnic\1. JAVA 1-6\Java3\JDBC Library\mssql-jdbc-11.2.3.jre17.jar:D:\2. FPT Polytechnic\1. JAVA 1-6\Java3\JDBC Library\jcalendar-1.4\lib\jcalendar-1.4.jar:C:\Users\ThinkPad\Desktop\Hung_DuAn1\jar_files\activation-1.1.jar:C:\Users\ThinkPad\Desktop\Hung_DuAn1\jar_files\javax.mail-1.6.1.jar:D:\2. FPT Polytechnic\1. JAVA 1-6\Java3\JDBC Library\apache_poi\commons-codec-1.11.jar:D:\2. FPT Polytechnic\1. JAVA 1-6\Java3\JDBC Library\apache_poi\commons-collections4-4.2.jar:D:\2. FPT Polytechnic\1. JAVA 1-6\Java3\JDBC Library\apache_poi\commons-compress-1.18.jar:D:\2. FPT Polytechnic\1. JAVA 1-6\Java3\JDBC Library\apache_poi\poi-4.0.1.jar:D:\2. FPT Polytechnic\1. JAVA 1-6\Java3\JDBC Library\apache_poi\poi-ooxml-4.0.1.jar:D:\2. FPT Polytechnic\1. JAVA 1-6\Java3\JDBC Library\apache_poi\poi-ooxml-schemas-4.0.1.jar:D:\2. FPT Polytechnic\1. JAVA 1-6\Java3\JDBC Library\apache_poi\xmlbeans-3.0.2.jar:lib\core-3.5.0.jar:lib\javase-3.5.0.jar:E:\OneDrive\Máy tính\lib\lib\activation-1.1.jar:E:\OneDrive\Máy tính\lib\lib\commons-codec-1.11.jar:E:\OneDrive\Máy tính\lib\lib\commons-codec-1.15.jar:E:\OneDrive\Máy tính\lib\lib\commons-collections4-4.2.jar:E:\OneDrive\Máy tính\lib\lib\commons-collections4-4.4.jar:E:\OneDrive\Máy tính\lib\lib\commons-compress-1.18.jar:E:\OneDrive\Máy tính\lib\lib\commons-compress-1.21.jar:E:\OneDrive\Máy tính\lib\lib\commons-io-2.11.0.jar:E:\OneDrive\Máy tính\lib\lib\commons-logging-1.2.jar:E:\OneDrive\Máy tính\lib\lib\commons-math3-3.6.1.jar:E:\OneDrive\Máy tính\lib\lib\core-3.5.0.jar:E:\OneDrive\Máy tính\lib\lib\flatlaf-3.2.jar:E:\OneDrive\Máy tính\lib\lib\flatlaf-extras-3.2.jar:E:\OneDrive\Máy tính\lib\lib\flatlaf-fonts-roboto-2.137.jar:E:\OneDrive\Máy tính\lib\lib\javase-3.5.0.jar:E:\OneDrive\Máy tính\lib\lib\javax.mail-1.6.1.jar:E:\OneDrive\Máy tính\lib\lib\jcalendar-1.4.jar:E:\OneDrive\Máy tính\lib\lib\jgoodies-common-1.2.0.jar:E:\OneDrive\Máy tính\lib\lib\jgoodies-looks-2.4.1.jar:E:\OneDrive\Máy tính\lib\lib\jsvg-1.2.0.jar:E:\OneDrive\Máy tính\lib\lib\junit-4.6.jar:E:\OneDrive\Máy tính\lib\lib\log4j-1.2.17.jar:E:\OneDrive\Máy tính\lib\lib\log4j-api-2.17.2.jar:E:\OneDrive\Máy tính\lib\lib\log4j-core-2.17.2.jar:E:\OneDrive\Máy tính\lib\lib\poi-4.0.1.jar:E:\OneDrive\Máy tính\lib\lib\poi-ooxml-4.0.1.jar:E:\OneDrive\Máy tính\lib\lib\poi-ooxml-schemas-4.0.1.jar:E:\OneDrive\Máy tính\lib\lib\swing-toast-notifications-1.0.1.jar:E:\OneDrive\Máy tính\lib\lib\xmlbeans-3.0.2.jar:C:\Program Files\NetBeans-12.6\netbeansrr\java\modules\ext\AbsoluteLayout.jar:E:\OneDrive\Máy tính\thuvienxuathoadonpdf\io-7.0.2.jar:E:\OneDrive\Máy tính\thuvienxuathoadonpdf\itextpdf-5.5.13.3.jar:E:\OneDrive\Máy tính\thuvienxuathoadonpdf\kernel-7.0.2.jar:E:\OneDrive\Máy tính\thuvienxuathoadonpdf\layout-7.0.2.jar:E:\OneDrive\Máy tính\thuvienxuathoadonpdf\slf4j-api-1.7.13.jar:E:\OneDrive\Máy tính\thuvienxuathoadonpdf\slf4j-api-1.7.36.jar:C:\Users\Admin\Documents\NetBeansProjects\jar_files\activation-1.1.jar:C:\Users\Admin\Documents\NetBeansProjects\jar_files\javax.mail-1.6.1.jar:C:\Users\Admin\Documents\NetBeansProjects\jar_files\jfreechart-1.5.0.jar:C:\Users\Admin\Documents\NetBeansProjects\Long_lib\Long_lib\AbsoluteLayout.jar:C:\Users\Admin\Documents\NetBeansProjects\Long_lib\Long_lib\bridj-0.6.2-windows-only.jar:C:\Users\Admin\Documents\NetBeansProjects\Long_lib\Long_lib\commons-codec-1.11.jar:C:\Users\Admin\Documents\NetBeansProjects\Long_lib\Long_lib\commons-collections4-4.2.jar:C:\Users\Admin\Documents\NetBeansProjects\Long_lib\Long_lib\commons-compress-1.18.jar:C:\Users\Admin\Documents\NetBeansProjects\Long_lib\Long_lib\core-3.3.0.jar:C:\Users\Admin\Documents\NetBeansProjects\Long_lib\Long_lib\core-3.5.0.jar:C:\Users\Admin\Documents\NetBeansProjects\Long_lib\Long_lib\javase-3.3.0.jar:C:\Users\Admin\Documents\NetBeansProjects\Long_lib\Long_lib\javase-3.5.0.jar:C:\Users\Admin\Documents\NetBeansProjects\Long_lib\Long_lib\log4j-1.2.17.jar:C:\Users\Admin\Documents\NetBeansProjects\Long_lib\Long_lib\poi-4.0.1.jar:C:\Users\Admin\Documents\NetBeansProjects\Long_lib\Long_lib\poi-ooxml-4.0.1.jar:C:\Users\Admin\Documents\NetBeansProjects\Long_lib\Long_lib\poi-ooxml-schemas-4.0.1.jar:C:\Users\Admin\Documents\NetBeansProjects\Long_lib\Long_lib\slf4j-api-1.6.2.jar:C:\Users\Admin\Documents\NetBeansProjects\Long_lib\Long_lib\slf4j-log4j12-1.6.2.jar:C:\Users\Admin\Documents\NetBeansProjects\Long_lib\Long_lib\webcam-capture-0.3.12.jar:C:\Users\Admin\Documents\NetBeansProjects\Long_lib\Long_lib\xmlbeans-3.0.2.jar:D:\duanNho\duan1.1\lib\AbsoluteLayout.jar:D:\duanNho\duan1.1\lib\activation-1.1.jar:D:\duanNho\duan1.1\lib\bridj-0.6.2-windows-only.jar:D:\duanNho\duan1.1\lib\commons-codec-1.11.jar:D:\duanNho\duan1.1\lib\commons-codec-1.15.jar:D:\duanNho\duan1.1\lib\commons-collections4-4.2.jar:D:\duanNho\duan1.1\lib\commons-collections4-4.4.jar:D:\duanNho\duan1.1\lib\commons-compress-1.18.jar:D:\duanNho\duan1.1\lib\commons-compress-1.21.jar:D:\duanNho\duan1.1\lib\commons-io-2.11.0.jar:D:\duanNho\duan1.1\lib\commons-logging-1.2.jar:D:\duanNho\duan1.1\lib\commons-math3-3.6.1.jar:D:\duanNho\duan1.1\lib\core-3.3.0.jar:D:\duanNho\duan1.1\lib\core-3.5.0.jar:D:\duanNho\duan1.1\lib\flatlaf-3.2.jar:D:\duanNho\duan1.1\lib\flatlaf-extras-3.2.jar:D:\duanNho\duan1.1\lib\flatlaf-fonts-roboto-2.137.jar:D:\duanNho\duan1.1\lib\io-7.0.2.jar:D:\duanNho\duan1.1\lib\itextpdf-5.5.13.3.jar:D:\duanNho\duan1.1\lib\javase-3.3.0.jar:D:\duanNho\duan1.1\lib\javase-3.5.0.jar:D:\duanNho\duan1.1\lib\javax.mail-1.6.1.jar:D:\duanNho\duan1.1\lib\jcalendar-1.4.jar:D:\duanNho\duan1.1\lib\jfreechart-1.5.0.jar:D:\duanNho\duan1.1\lib\jgoodies-common-1.2.0.jar:D:\duanNho\duan1.1\lib\jgoodies-looks-2.4.1.jar:D:\duanNho\duan1.1\lib\jsvg-1.2.0.jar:D:\duanNho\duan1.1\lib\junit-4.6.jar:D:\duanNho\duan1.1\lib\kernel-7.0.2.jar:D:\duanNho\duan1.1\lib\layout-7.0.2.jar:D:\duanNho\duan1.1\lib\log4j-1.2.17.jar:D:\duanNho\duan1.1\lib\log4j-api-2.17.2.jar:D:\duanNho\duan1.1\lib\log4j-core-2.17.2.jar:D:\duanNho\duan1.1\lib\mssql-jdbc-7.2.2.jre8.jar:D:\duanNho\duan1.1\lib\poi-4.0.1.jar:D:\duanNho\duan1.1\lib\poi-ooxml-4.0.1.jar:D:\duanNho\duan1.1\lib\poi-ooxml-schemas-4.0.1.jar:D:\duanNho\duan1.1\lib\slf4j-api-1.6.2.jar:D:\duanNho\duan1.1\lib\slf4j-api-1.7.13.jar:D:\duanNho\duan1.1\lib\slf4j-api-1.7.36.jar:D:\duanNho\duan1.1\lib\slf4j-log4j12-1.6.2.jar:D:\duanNho\duan1.1\lib\swing-toast-notifications-1.0.1.jar:D:\duanNho\duan1.1\lib\webcam-capture-0.3.12.jar:D:\duanNho\duan1.1\lib\xmlbeans-3.0.2.jar:lib\AbsoluteLayout.jar:lib\activation-1.1.jar:lib\bridj-0.6.2-windows-only.jar:lib\commons-codec-1.11.jar:lib\commons-codec-1.15.jar:lib\commons-collections4-4.2.jar:lib\commons-collections4-4.4.jar:lib\commons-compress-1.18.jar:lib\commons-compress-1.21.jar:lib\commons-io-2.11.0.jar:lib\commons-logging-1.2.jar:lib\commons-math3-3.6.1.jar:lib\core-3.3.0.jar:lib\io-7.0.2.jar:lib\itextpdf-5.5.13.3.jar:lib\javase-3.3.0.jar:lib\javax.mail-1.6.1.jar:lib\jcalendar-1.4.jar:lib\jfreechart-1.5.0.jar:lib\jgoodies-common-1.2.0.jar:lib\jgoodies-looks-2.4.1.jar:lib\junit-4.6.jar:lib\kernel-7.0.2.jar:lib\layout-7.0.2.jar:lib\log4j-1.2.17.jar:lib\log4j-api-2.17.2.jar:lib\log4j-core-2.17.2.jar:lib\mssql-jdbc-7.2.2.jre8.jar:lib\poi-4.0.1.jar:lib\poi-ooxml-4.0.1.jar:lib\poi-ooxml-schemas-4.0.1.jar:lib\slf4j-api-1.6.2.jar:lib\slf4j-api-1.7.13.jar:lib\slf4j-api-1.7.36.jar:lib\slf4j-log4j12-1.6.2.jar:lib\webcam-capture-0.3.12.jar:lib\xmlbeans-3.0.2.jar:..\..\..\Documents\sqljdbc_10.2\enu\mssql-jdbc-10.2.3.jre17.jar:C:\Users\admin\Desktop\selenium-api-4.19.0-sources.jar:C:\Users\admin\Desktop\selenium-api-4.19.0.jar:C:\Users\admin\Desktop\selenium-chrome-driver-4.19.0-sources.jar:C:\Users\admin\Desktop\selenium-chrome-driver-4.19.0.jar:C:\Users\admin\Desktop\selenium-chromium-driver-4.19.0-sources.jar:C:\Users\admin\Desktop\selenium-chromium-driver-4.19.0.jar:C:\Users\admin\Desktop\selenium-devtools-v121-4.19.0-sources.jar:C:\Users\admin\Desktop\selenium-devtools-v121-4.19.0.jar:C:\Users\admin\Desktop\selenium-devtools-v122-4.19.0-sources.jar:C:\Users\admin\Desktop\selenium-devtools-v122-4.19.0.jar:C:\Users\admin\Desktop\selenium-devtools-v123-4.19.0-sources.jar:C:\Users\admin\Desktop\selenium-devtools-v123-4.19.0.jar:C:\Users\admin\Desktop\selenium-devtools-v85-4.19.0-sources.jar:C:\Users\admin\Desktop\selenium-devtools-v85-4.19.0.jar:C:\Users\admin\Desktop\selenium-edge-driver-4.19.0-sources.jar:C:\Users\admin\Desktop\selenium-edge-driver-4.19.0.jar:C:\Users\admin\Desktop\selenium-firefox-driver-4.19.0-sources.jar:C:\Users\admin\Desktop\selenium-firefox-driver-4.19.0.jar:C:\Users\admin\Desktop\selenium-http-4.19.0-sources.jar:C:\Users\admin\Desktop\selenium-http-4.19.0.jar:C:\Users\admin\Desktop\selenium-ie-driver-4.19.0-sources.jar:C:\Users\admin\Desktop\selenium-ie-driver-4.19.0.jar:C:\Users\admin\Desktop\selenium-java-4.19.0-sources.jar:C:\Users\admin\Desktop\selenium-java-4.19.0.jar:C:\Users\admin\Desktop\selenium-json-4.19.0-sources.jar:C:\Users\admin\Desktop\selenium-json-4.19.0.jar:C:\Users\admin\Desktop\selenium-manager-4.19.0-sources.jar:C:\Users\admin\Desktop\selenium-manager-4.19.0.jar:C:\Users\admin\Desktop\selenium-os-4.19.0-sources.jar:C:\Users\admin\Desktop\selenium-os-4.19.0.jar:C:\Users\admin\Desktop\selenium-remote-driver-4.19.0-sources.jar:C:\Users\admin\Desktop\selenium-remote-driver-4.19.0.jar:C:\Users\admin\Desktop\selenium-safari-driver-4.19.0-sources.jar:C:\Users\admin\Desktop\selenium-safari-driver-4.19.0.jar:C:\Users\admin\Desktop\selenium-support-4.19.0-sources.jar:C:\Users\admin\Desktop\selenium-support-4.19.0.jar:C:\Users\admin\Documents\mssql-jdbc-10.2.3.jre17.jar:D:\Download\hamcrest-core-1.3-javadoc.jar:D:\Download\junit-4.13.2-javadoc.jar:build/classes" />
    <property name="file.reference.junit-4.13.2-javadoc.jar" value="D:\Download\junit-4.13.2-javadoc.jar" />
    <property name="java.specification.version" value="17" />
    <property name="file.reference.jgoodies-looks-2.4.1.jar-1" value="D:\duanNho\duan1.1\lib\jgoodies-looks-2.4.1.jar" />
    <property name="ant.file.phanmembantui-impl" value="Y:\BL4\DuAn1\PRO1041_SD18307_Yennthph31906\nbproject\build-impl.xml" />
    <property name="libs.spring-framework500.classpath" value="C:\Program Files\NetBeans-12.6\netbeansrr\platform\modules\org-apache-commons-logging.jar;C:\Program Files\NetBeans-12.6\netbeansrr\java\modules\ext\cglib-2.2.jar;C:\Program Files\NetBeans-12.6\netbeansrr\java\modules\ext\spring-5\spring-aop-5.2.9.RELEASE.jar;C:\Program Files\NetBeans-12.6\netbeansrr\java\modules\ext\spring-5\spring-aspects-5.2.9.RELEASE.jar;C:\Program Files\NetBeans-12.6\netbeansrr\java\modules\ext\spring-5\spring-beans-5.2.9.RELEASE.jar;C:\Program Files\NetBeans-12.6\netbeansrr\java\modules\ext\spring-5\spring-context-5.2.9.RELEASE.jar;C:\Program Files\NetBeans-12.6\netbeansrr\java\modules\ext\spring-5\spring-context-indexer-5.2.9.RELEASE.jar;C:\Program Files\NetBeans-12.6\netbeansrr\java\modules\ext\spring-5\spring-context-support-5.2.9.RELEASE.jar;C:\Program Files\NetBeans-12.6\netbeansrr\java\modules\ext\spring-5\spring-core-5.2.9.RELEASE.jar;C:\Program Files\NetBeans-12.6\netbeansrr\java\modules\ext\spring-5\spring-expression-5.2.9.RELEASE.jar;C:\Program Files\NetBeans-12.6\netbeansrr\java\modules\ext\spring-5\spring-instrument-5.2.9.RELEASE.jar;C:\Program Files\NetBeans-12.6\netbeansrr\java\modules\ext\spring-5\spring-jcl-5.2.9.RELEASE.jar;C:\Program Files\NetBeans-12.6\netbeansrr\java\modules\ext\spring-5\spring-jdbc-5.2.9.RELEASE.jar;C:\Program Files\NetBeans-12.6\netbeansrr\java\modules\ext\spring-5\spring-jms-5.2.9.RELEASE.jar;C:\Program Files\NetBeans-12.6\netbeansrr\java\modules\ext\spring-5\spring-messaging-5.2.9.RELEASE.jar;C:\Program Files\NetBeans-12.6\netbeansrr\java\modules\ext\spring-5\spring-orm-5.2.9.RELEASE.jar;C:\Program Files\NetBeans-12.6\netbeansrr\java\modules\ext\spring-5\spring-oxm-5.2.9.RELEASE.jar;C:\Program Files\NetBeans-12.6\netbeansrr\java\modules\ext\spring-5\spring-test-5.2.9.RELEASE.jar;C:\Program Files\NetBeans-12.6\netbeansrr\java\modules\ext\spring-5\spring-tx-5.2.9.RELEASE.jar;C:\Program Files\NetBeans-12.6\netbeansrr\java\modules\ext\spring-5\spring-web-5.2.9.RELEASE.jar;C:\Program Files\NetBeans-12.6\netbeansrr\java\modules\ext\spring-5\spring-webflux-5.2.9.RELEASE.jar;C:\Program Files\NetBeans-12.6\netbeansrr\java\modules\ext\spring-5\spring-webmvc-5.2.9.RELEASE.jar;C:\Program Files\NetBeans-12.6\netbeansrr\java\modules\ext\spring-5\spring-websocket-5.2.9.RELEASE.jar" />
    <property name="jar.index.metainf" value="false" />
    <property name="libs.spring-webmvc4.0.javadoc" value="" />
    <property name="libs.spring-framework400.classpath" value="C:\Program Files\NetBeans-12.6\netbeansrr\platform\modules\org-apache-commons-logging.jar;C:\Program Files\NetBeans-12.6\netbeansrr\java\modules\ext\cglib-2.2.jar;C:\Program Files\NetBeans-12.6\netbeansrr\java\modules\ext\spring-4\spring-aop-4.3.29.RELEASE.jar;C:\Program Files\NetBeans-12.6\netbeansrr\java\modules\ext\spring-4\spring-aspects-4.3.29.RELEASE.jar;C:\Program Files\NetBeans-12.6\netbeansrr\java\modules\ext\spring-4\spring-beans-4.3.29.RELEASE.jar;C:\Program Files\NetBeans-12.6\netbeansrr\java\modules\ext\spring-4\spring-context-4.3.29.RELEASE.jar;C:\Program Files\NetBeans-12.6\netbeansrr\java\modules\ext\spring-4\spring-context-support-4.3.29.RELEASE.jar;C:\Program Files\NetBeans-12.6\netbeansrr\java\modules\ext\spring-4\spring-core-4.3.29.RELEASE.jar;C:\Program Files\NetBeans-12.6\netbeansrr\java\modules\ext\spring-4\spring-expression-4.3.29.RELEASE.jar;C:\Program Files\NetBeans-12.6\netbeansrr\java\modules\ext\spring-4\spring-instrument-4.3.29.RELEASE.jar;C:\Program Files\NetBeans-12.6\netbeansrr\java\modules\ext\spring-4\spring-instrument-tomcat-4.3.29.RELEASE.jar;C:\Program Files\NetBeans-12.6\netbeansrr\java\modules\ext\spring-4\spring-jdbc-4.3.29.RELEASE.jar;C:\Program Files\NetBeans-12.6\netbeansrr\java\modules\ext\spring-4\spring-jms-4.3.29.RELEASE.jar;C:\Program Files\NetBeans-12.6\netbeansrr\java\modules\ext\spring-4\spring-messaging-4.3.29.RELEASE.jar;C:\Program Files\NetBeans-12.6\netbeansrr\java\modules\ext\spring-4\spring-orm-4.3.29.RELEASE.jar;C:\Program Files\NetBeans-12.6\netbeansrr\java\modules\ext\spring-4\spring-oxm-4.3.29.RELEASE.jar;C:\Program Files\NetBeans-12.6\netbeansrr\java\modules\ext\spring-4\spring-test-4.3.29.RELEASE.jar;C:\Program Files\NetBeans-12.6\netbeansrr\java\modules\ext\spring-4\spring-tx-4.3.29.RELEASE.jar;C:\Program Files\NetBeans-12.6\netbeansrr\java\modules\ext\spring-4\spring-web-4.3.29.RELEASE.jar;C:\Program Files\NetBeans-12.6\netbeansrr\java\modules\ext\spring-4\spring-webmvc-4.3.29.RELEASE.jar;C:\Program Files\NetBeans-12.6\netbeansrr\java\modules\ext\spring-4\spring-webmvc-portlet-4.3.29.RELEASE.jar;C:\Program Files\NetBeans-12.6\netbeansrr\java\modules\ext\spring-4\spring-websocket-4.3.29.RELEASE.jar" />
    <property name="test.binaryincludes" value="&lt;nothing&gt;" />
    <property name="file.reference.AbsoluteLayout.jar-1" value="D:\duanNho\duan1.1\lib\AbsoluteLayout.jar" />
    <property name="file.reference.jgoodies-looks-2.4.1.jar-2" value="lib\jgoodies-looks-2.4.1.jar" />
    <property name="file.reference.layout-7.0.2.jar" value="E:\OneDrive\Máy tính\thuvienxuathoadonpdf\layout-7.0.2.jar" />
    <property name="debug-transport" value="dt_shmem" />
    <property name="libs.javaee-web-api-8.0.src" value="" />
    <property name="java.vendor.url" value="https://java.oracle.com/" />
    <property name="file.reference.commons-codec-1.11.jar-1" value="E:\OneDrive\Máy tính\lib\lib\commons-codec-1.11.jar" />
    <property name="debug.modulepath" value="" />
    <property name="libs.eclipselink.javadoc" value="C:\Program Files\NetBeans-12.6\netbeansrr\java\modules\ext\docs\javax.persistence-2.2.1-doc.zip" />
    <property name="libs.jsp-compilation.src" value="" />
    <property name="libs.JWSAntTasks.javadoc" value="" />
    <property name="file.reference.log4j-1.2.17.jar" value="E:\OneDrive\Máy tính\lib\lib\log4j-1.2.17.jar" />
    <property name="sun.boot.library.path" value="C:\Program Files\Java\jdk-17\bin" />
    <property name="sun.java.command" value="org.apache.tools.ant.taskdefs.optional.junit.JUnitTestRunner Test1.TestQuanLyVoucher methods=deleteVoucherInValid skipNonTests=false filtertrace=true haltOnError=false haltOnFailure=false showoutput=true outputtoformatters=true logfailedtests=true threadid=0 logtestlistenerevents=true formatter=org.apache.tools.ant.taskdefs.optional.junit.BriefJUnitResultFormatter formatter=org.apache.tools.ant.taskdefs.optional.junit.XMLJUnitResultFormatter,Y:\BL4\DuAn1\PRO1041_SD18307_Yennthph31906\build\test\results\TEST-Test1.TestQuanLyVoucher.xml crashfile=Y:\BL4\DuAn1\PRO1041_SD18307_Yennthph31906\build\junitvmwatcher17150117580541393779.properties propsfile=Y:\BL4\DuAn1\PRO1041_SD18307_Yennthph31906\build\junit11274764896780033688.properties" />
    <property name="file.reference.flatlaf-fonts-roboto-2.137.jar" value="lib\flatlaf-fonts-roboto-2.137.jar" />
    <property name="jdk.debug" value="release" />
    <property name="file.reference.poi-ooxml-4.0.1.jar-4" value="lib\poi-ooxml-4.0.1.jar" />
    <property name="file.reference.poi-ooxml-4.0.1.jar-3" value="D:\duanNho\duan1.1\lib\poi-ooxml-4.0.1.jar" />
    <property name="file.reference.selenium-chrome-driver-4.19.0-sources.jar" value="C:\Users\admin\Desktop\selenium-chrome-driver-4.19.0-sources.jar" />
    <property name="file.reference.poi-ooxml-4.0.1.jar-2" value="C:\Users\Admin\Documents\NetBeansProjects\Long_lib\Long_lib\poi-ooxml-4.0.1.jar" />
    <property name="file.reference.poi-ooxml-4.0.1.jar-1" value="E:\OneDrive\Máy tính\lib\lib\poi-ooxml-4.0.1.jar" />
    <property name="file.reference.commons-codec-1.11.jar-4" value="lib\commons-codec-1.11.jar" />
    <property name="libs.spring-framework300.src" value="" />
    <property name="javadoc.use" value="true" />
    <property name="file.reference.commons-codec-1.11.jar-2" value="C:\Users\Admin\Documents\NetBeansProjects\Long_lib\Long_lib\commons-codec-1.11.jar" />
    <property name="file.reference.commons-codec-1.11.jar-3" value="D:\duanNho\duan1.1\lib\commons-codec-1.11.jar" />
    <property name="javadoc.notree" value="false" />
    <property name="file.reference.flatlaf-extras-3.2.jar-1" value="E:\OneDrive\Máy tính\lib\lib\flatlaf-extras-3.2.jar" />
    <property name="file.reference.flatlaf-extras-3.2.jar-2" value="D:\duanNho\duan1.1\lib\flatlaf-extras-3.2.jar" />
    <property name="file.reference.log4j-core-2.17.2.jar" value="E:\OneDrive\Máy tính\lib\lib\log4j-core-2.17.2.jar" />
    <property name="file.reference.commons-math3-3.6.1.jar" value="E:\OneDrive\Máy tính\lib\lib\commons-math3-3.6.1.jar" />
    <property name="basedir" value="Y:\BL4\DuAn1\PRO1041_SD18307_Yennthph31906" />
    <property name="application.vendor" value="RAVEN" />
    <property name="file.reference.selenium-ie-driver-4.19.0.jar" value="C:\Users\admin\Desktop\selenium-ie-driver-4.19.0.jar" />
    <property name="java.vm.specification.vendor" value="Oracle Corporation" />
    <property name="java.specification.name" value="Java Platform API Specification" />
    <property name="file.reference.javax.mail-1.6.1.jar" value="C:\Users\ThinkPad\Desktop\Hung_DuAn1\jar_files\javax.mail-1.6.1.jar" />
    <property name="file.reference.activation-1.1.jar" value="C:\Users\ThinkPad\Desktop\Hung_DuAn1\jar_files\activation-1.1.jar" />
    <property name="file.reference.commons-compress-1.21.jar" value="E:\OneDrive\Máy tính\lib\lib\commons-compress-1.21.jar" />
    <property name="libs.jsf20.classpath" value="C:\Program Files\NetBeans-12.6\netbeansrr\enterprise\modules\ext\jsf-2_2\javax.faces.jar" />
    <property name="file.reference.junit-4.6.jar-2" value="lib\junit-4.6.jar" />
    <property name="file.reference.selenium-safari-driver-4.19.0.jar" value="C:\Users\admin\Desktop\selenium-safari-driver-4.19.0.jar" />
    <property name="netbeans.extbrowser.manual_chrome_plugin_install" value="yes" />
    <property name="file.reference.junit-4.6.jar-1" value="D:\duanNho\duan1.1\lib\junit-4.6.jar" />
    <property name="netbeans.default_userdir_root" value="C:\Users\admin\AppData\Roaming\NetBeans" />
    <property name="libs.spring-framework500.javadoc" value="" />
    <property name="libs.jsp-compilation-syscp.src" value="" />
    <property name="jdk.home" value="C:\Program Files\Java\jdk-17" />
    <property name="java.runtime.version" value="17.0.7+8-LTS-224" />
    <property name="libs.eclipselink.maven-pom" value="" />
    <property name="libs.metro.maven-pom" value="" />
    <property name="libs.JAXB-ENDORSED.javadoc" value="" />
    <property name="file.reference.selenium-devtools-v122-4.19.0.jar" value="C:\Users\admin\Desktop\selenium-devtools-v122-4.19.0.jar" />
    <property name="file.reference.core-3.3.0.jar-1" value="D:\duanNho\duan1.1\lib\core-3.3.0.jar" />
    <property name="file.reference.core-3.3.0.jar-2" value="lib\core-3.3.0.jar" />
    <property name="sun.java2d.noddraw" value="true" />
    <property name="sun.zip.disableMemoryMapping" value="true" />
    <property name="jnidispatch.path" value="C:\Users\admin\AppData\Local\Temp\jna-92668751\jna5362293006080832763.dll" />
    <property name="file.reference.jfreechart-1.5.0.jar" value="C:\Users\Admin\Documents\NetBeansProjects\jar_files\jfreechart-1.5.0.jar" />
    <property name="libs.primefaces.javadoc" value="" />
    <property name="libs.jsp-compilation.javadoc" value="" />
    <property name="libs.jsf12.src" value="" />
    <property name="file.reference.commons-math3-3.6.1.jar-1" value="D:\duanNho\duan1.1\lib\commons-math3-3.6.1.jar" />
    <property name="libs.groovy-all.maven-pom" value="" />
    <property name="file.reference.swing-toast-notifications-1.0.1.jar" value="lib\swing-toast-notifications-1.0.1.jar" />
    <property name="libs.restapi.src" value="" />
    <property name="file.reference.selenium-java-4.19.0.jar" value="C:\Users\admin\Desktop\selenium-java-4.19.0.jar" />
    <property name="libs.junit_5.javadoc" value="C:\Program Files\NetBeans-12.6\netbeansrr\platform\docs\junit-jupiter-api-5.6.0-javadoc.jar;C:\Program Files\NetBeans-12.6\netbeansrr\platform\docs\junit-jupiter-params-5.6.0-javadoc.jar;C:\Program Files\NetBeans-12.6\netbeansrr\platform\docs\junit-jupiter-engine-5.6.0-javadoc.jar" />
    <property name="file.reference.commons-codec-1.15.jar" value="E:\OneDrive\Máy tính\lib\lib\commons-codec-1.15.jar" />
    <property name="file.reference.commons-math3-3.6.1.jar-2" value="lib\commons-math3-3.6.1.jar" />
    <property name="file.reference.hamcrest-core-1.3-javadoc.jar" value="D:\Download\hamcrest-core-1.3-javadoc.jar" />
    <property name="dist.archive.excludes" value="" />
    <property name="java.io.tmpdir" value="C:\Users\admin\AppData\Local\Temp\" />
    <property name="file.reference.commons-compress-1.18.jar-4" value="lib\commons-compress-1.18.jar" />
    <property name="file.reference.log4j-1.2.17.jar-2" value="D:\duanNho\duan1.1\lib\log4j-1.2.17.jar" />
    <property name="file.reference.commons-compress-1.18.jar-3" value="D:\duanNho\duan1.1\lib\commons-compress-1.18.jar" />
    <property name="file.reference.log4j-1.2.17.jar-1" value="C:\Users\Admin\Documents\NetBeansProjects\Long_lib\Long_lib\log4j-1.2.17.jar" />
    <property name="java.version" value="17.0.7" />
    <property name="file.reference.log4j-1.2.17.jar-3" value="lib\log4j-1.2.17.jar" />
    <property name="libs.jakartaee-api-8.0.javadoc" value="C:\Program Files\NetBeans-12.6\netbeansrr\enterprise\docs\jakartaee8-doc-api.jar" />
    <property name="file.reference.commons-compress-1.18.jar-2" value="C:\Users\Admin\Documents\NetBeansProjects\Long_lib\Long_lib\commons-compress-1.18.jar" />
    <property name="java.vm.specification.name" value="Java Virtual Machine Specification" />
    <property name="file.reference.commons-compress-1.18.jar-1" value="E:\OneDrive\Máy tính\lib\lib\commons-compress-1.18.jar" />
    <property name="file.reference.log4j-core-2.17.2.jar-1" value="D:\duanNho\duan1.1\lib\log4j-core-2.17.2.jar" />
    <property name="file.reference.log4j-core-2.17.2.jar-2" value="lib\log4j-core-2.17.2.jar" />
    <property name="native.encoding" value="Cp1252" />
    <property name="java.library.path" value="C:\Program Files\Java\jdk-17\bin;C:\WINDOWS\Sun\Java\bin;C:\WINDOWS\system32;C:\WINDOWS;C:\Program Files\Common Files\Oracle\Java\javapath;C:\WINDOWS\system32;C:\WINDOWS;C:\WINDOWS\System32\Wbem;C:\WINDOWS\System32\WindowsPowerShell\v1.0\;C:\WINDOWS\System32\OpenSSH\;C:\Program Files\Azure Data Studio\bin;C:\Program Files\nodejs\;C:\Program Files\Git\cmd;C:\Program Files\dotnet\;C:\Program Files\Microsoft SQL Server\Client SDK\ODBC\170\Tools\Binn\;C:\Program Files (x86)\Microsoft SQL Server\150\Tools\Binn\;C:\Program Files\Microsoft SQL Server\150\Tools\Binn\;C:\Program Files\Microsoft SQL Server\150\DTS\Binn\;C:\Program Files (x86)\Microsoft SQL Server\160\DTS\Binn\;C:\Users\admin\AppData\Local\Microsoft\WindowsApps;C:\Program Files\Azure Data Studio\bin;C:\Users\admin\AppData\Local\Programs\Microsoft VS Code\bin;C:\Users\admin\AppData\Roaming\npm;C:\Program Files\nodejs;C:\Users\admin\.dotnet\tools;." />
    <property name="libs.hamcrest.src" value="" />
    <property name="java.vendor" value="Oracle Corporation" />
    <property name="libs.testng.javadoc" value="C:\Program Files\NetBeans-12.6\netbeansrr\platform\docs\testng-6.13.1-javadoc.jar" />
    <property name="libs.groovy-all.src" value="" />
    <property name="meta.inf.dir" value="src/META-INF" />
    <property name="file.reference.commons-collections4-4.4.jar" value="E:\OneDrive\Máy tính\lib\lib\commons-collections4-4.4.jar" />
    <property name="jlink.additionalparam" value="" />
    <property name="libs.testng.maven-pom" value="" />
    <property name="org.openide.version" value="deprecated" />
    <property name="file.reference.jfreechart-1.5.0.jar-1" value="D:\duanNho\duan1.1\lib\jfreechart-1.5.0.jar" />
    <property name="run.classpath" value="lib\flatlaf-3.2.jar:lib\flatlaf-extras-3.2.jar:lib\flatlaf-fonts-roboto-2.137.jar:lib\swing-toast-notifications-1.0.1.jar:lib\jsvg-1.2.0.jar:C:\Users\Admin\Documents\NetBeansProjects\mssql-jdbc-7.2.2.jre8.jar:D:\2. FPT Polytechnic\1. JAVA 1-6\Java3\JDBC Library\mssql-jdbc-11.2.3.jre17.jar:D:\2. FPT Polytechnic\1. JAVA 1-6\Java3\JDBC Library\jcalendar-1.4\lib\jcalendar-1.4.jar:C:\Users\ThinkPad\Desktop\Hung_DuAn1\jar_files\activation-1.1.jar:C:\Users\ThinkPad\Desktop\Hung_DuAn1\jar_files\javax.mail-1.6.1.jar:D:\2. FPT Polytechnic\1. JAVA 1-6\Java3\JDBC Library\apache_poi\commons-codec-1.11.jar:D:\2. FPT Polytechnic\1. JAVA 1-6\Java3\JDBC Library\apache_poi\commons-collections4-4.2.jar:D:\2. FPT Polytechnic\1. JAVA 1-6\Java3\JDBC Library\apache_poi\commons-compress-1.18.jar:D:\2. FPT Polytechnic\1. JAVA 1-6\Java3\JDBC Library\apache_poi\poi-4.0.1.jar:D:\2. FPT Polytechnic\1. JAVA 1-6\Java3\JDBC Library\apache_poi\poi-ooxml-4.0.1.jar:D:\2. FPT Polytechnic\1. JAVA 1-6\Java3\JDBC Library\apache_poi\poi-ooxml-schemas-4.0.1.jar:D:\2. FPT Polytechnic\1. JAVA 1-6\Java3\JDBC Library\apache_poi\xmlbeans-3.0.2.jar:lib\core-3.5.0.jar:lib\javase-3.5.0.jar:E:\OneDrive\Máy tính\lib\lib\activation-1.1.jar:E:\OneDrive\Máy tính\lib\lib\commons-codec-1.11.jar:E:\OneDrive\Máy tính\lib\lib\commons-codec-1.15.jar:E:\OneDrive\Máy tính\lib\lib\commons-collections4-4.2.jar:E:\OneDrive\Máy tính\lib\lib\commons-collections4-4.4.jar:E:\OneDrive\Máy tính\lib\lib\commons-compress-1.18.jar:E:\OneDrive\Máy tính\lib\lib\commons-compress-1.21.jar:E:\OneDrive\Máy tính\lib\lib\commons-io-2.11.0.jar:E:\OneDrive\Máy tính\lib\lib\commons-logging-1.2.jar:E:\OneDrive\Máy tính\lib\lib\commons-math3-3.6.1.jar:E:\OneDrive\Máy tính\lib\lib\core-3.5.0.jar:E:\OneDrive\Máy tính\lib\lib\flatlaf-3.2.jar:E:\OneDrive\Máy tính\lib\lib\flatlaf-extras-3.2.jar:E:\OneDrive\Máy tính\lib\lib\flatlaf-fonts-roboto-2.137.jar:E:\OneDrive\Máy tính\lib\lib\javase-3.5.0.jar:E:\OneDrive\Máy tính\lib\lib\javax.mail-1.6.1.jar:E:\OneDrive\Máy tính\lib\lib\jcalendar-1.4.jar:E:\OneDrive\Máy tính\lib\lib\jgoodies-common-1.2.0.jar:E:\OneDrive\Máy tính\lib\lib\jgoodies-looks-2.4.1.jar:E:\OneDrive\Máy tính\lib\lib\jsvg-1.2.0.jar:E:\OneDrive\Máy tính\lib\lib\junit-4.6.jar:E:\OneDrive\Máy tính\lib\lib\log4j-1.2.17.jar:E:\OneDrive\Máy tính\lib\lib\log4j-api-2.17.2.jar:E:\OneDrive\Máy tính\lib\lib\log4j-core-2.17.2.jar:E:\OneDrive\Máy tính\lib\lib\poi-4.0.1.jar:E:\OneDrive\Máy tính\lib\lib\poi-ooxml-4.0.1.jar:E:\OneDrive\Máy tính\lib\lib\poi-ooxml-schemas-4.0.1.jar:E:\OneDrive\Máy tính\lib\lib\swing-toast-notifications-1.0.1.jar:E:\OneDrive\Máy tính\lib\lib\xmlbeans-3.0.2.jar:C:\Program Files\NetBeans-12.6\netbeansrr\java\modules\ext\AbsoluteLayout.jar:E:\OneDrive\Máy tính\thuvienxuathoadonpdf\io-7.0.2.jar:E:\OneDrive\Máy tính\thuvienxuathoadonpdf\itextpdf-5.5.13.3.jar:E:\OneDrive\Máy tính\thuvienxuathoadonpdf\kernel-7.0.2.jar:E:\OneDrive\Máy tính\thuvienxuathoadonpdf\layout-7.0.2.jar:E:\OneDrive\Máy tính\thuvienxuathoadonpdf\slf4j-api-1.7.13.jar:E:\OneDrive\Máy tính\thuvienxuathoadonpdf\slf4j-api-1.7.36.jar:C:\Users\Admin\Documents\NetBeansProjects\jar_files\activation-1.1.jar:C:\Users\Admin\Documents\NetBeansProjects\jar_files\javax.mail-1.6.1.jar:C:\Users\Admin\Documents\NetBeansProjects\jar_files\jfreechart-1.5.0.jar:C:\Users\Admin\Documents\NetBeansProjects\Long_lib\Long_lib\AbsoluteLayout.jar:C:\Users\Admin\Documents\NetBeansProjects\Long_lib\Long_lib\bridj-0.6.2-windows-only.jar:C:\Users\Admin\Documents\NetBeansProjects\Long_lib\Long_lib\commons-codec-1.11.jar:C:\Users\Admin\Documents\NetBeansProjects\Long_lib\Long_lib\commons-collections4-4.2.jar:C:\Users\Admin\Documents\NetBeansProjects\Long_lib\Long_lib\commons-compress-1.18.jar:C:\Users\Admin\Documents\NetBeansProjects\Long_lib\Long_lib\core-3.3.0.jar:C:\Users\Admin\Documents\NetBeansProjects\Long_lib\Long_lib\core-3.5.0.jar:C:\Users\Admin\Documents\NetBeansProjects\Long_lib\Long_lib\javase-3.3.0.jar:C:\Users\Admin\Documents\NetBeansProjects\Long_lib\Long_lib\javase-3.5.0.jar:C:\Users\Admin\Documents\NetBeansProjects\Long_lib\Long_lib\log4j-1.2.17.jar:C:\Users\Admin\Documents\NetBeansProjects\Long_lib\Long_lib\poi-4.0.1.jar:C:\Users\Admin\Documents\NetBeansProjects\Long_lib\Long_lib\poi-ooxml-4.0.1.jar:C:\Users\Admin\Documents\NetBeansProjects\Long_lib\Long_lib\poi-ooxml-schemas-4.0.1.jar:C:\Users\Admin\Documents\NetBeansProjects\Long_lib\Long_lib\slf4j-api-1.6.2.jar:C:\Users\Admin\Documents\NetBeansProjects\Long_lib\Long_lib\slf4j-log4j12-1.6.2.jar:C:\Users\Admin\Documents\NetBeansProjects\Long_lib\Long_lib\webcam-capture-0.3.12.jar:C:\Users\Admin\Documents\NetBeansProjects\Long_lib\Long_lib\xmlbeans-3.0.2.jar:D:\duanNho\duan1.1\lib\AbsoluteLayout.jar:D:\duanNho\duan1.1\lib\activation-1.1.jar:D:\duanNho\duan1.1\lib\bridj-0.6.2-windows-only.jar:D:\duanNho\duan1.1\lib\commons-codec-1.11.jar:D:\duanNho\duan1.1\lib\commons-codec-1.15.jar:D:\duanNho\duan1.1\lib\commons-collections4-4.2.jar:D:\duanNho\duan1.1\lib\commons-collections4-4.4.jar:D:\duanNho\duan1.1\lib\commons-compress-1.18.jar:D:\duanNho\duan1.1\lib\commons-compress-1.21.jar:D:\duanNho\duan1.1\lib\commons-io-2.11.0.jar:D:\duanNho\duan1.1\lib\commons-logging-1.2.jar:D:\duanNho\duan1.1\lib\commons-math3-3.6.1.jar:D:\duanNho\duan1.1\lib\core-3.3.0.jar:D:\duanNho\duan1.1\lib\core-3.5.0.jar:D:\duanNho\duan1.1\lib\flatlaf-3.2.jar:D:\duanNho\duan1.1\lib\flatlaf-extras-3.2.jar:D:\duanNho\duan1.1\lib\flatlaf-fonts-roboto-2.137.jar:D:\duanNho\duan1.1\lib\io-7.0.2.jar:D:\duanNho\duan1.1\lib\itextpdf-5.5.13.3.jar:D:\duanNho\duan1.1\lib\javase-3.3.0.jar:D:\duanNho\duan1.1\lib\javase-3.5.0.jar:D:\duanNho\duan1.1\lib\javax.mail-1.6.1.jar:D:\duanNho\duan1.1\lib\jcalendar-1.4.jar:D:\duanNho\duan1.1\lib\jfreechart-1.5.0.jar:D:\duanNho\duan1.1\lib\jgoodies-common-1.2.0.jar:D:\duanNho\duan1.1\lib\jgoodies-looks-2.4.1.jar:D:\duanNho\duan1.1\lib\jsvg-1.2.0.jar:D:\duanNho\duan1.1\lib\junit-4.6.jar:D:\duanNho\duan1.1\lib\kernel-7.0.2.jar:D:\duanNho\duan1.1\lib\layout-7.0.2.jar:D:\duanNho\duan1.1\lib\log4j-1.2.17.jar:D:\duanNho\duan1.1\lib\log4j-api-2.17.2.jar:D:\duanNho\duan1.1\lib\log4j-core-2.17.2.jar:D:\duanNho\duan1.1\lib\mssql-jdbc-7.2.2.jre8.jar:D:\duanNho\duan1.1\lib\poi-4.0.1.jar:D:\duanNho\duan1.1\lib\poi-ooxml-4.0.1.jar:D:\duanNho\duan1.1\lib\poi-ooxml-schemas-4.0.1.jar:D:\duanNho\duan1.1\lib\slf4j-api-1.6.2.jar:D:\duanNho\duan1.1\lib\slf4j-api-1.7.13.jar:D:\duanNho\duan1.1\lib\slf4j-api-1.7.36.jar:D:\duanNho\duan1.1\lib\slf4j-log4j12-1.6.2.jar:D:\duanNho\duan1.1\lib\swing-toast-notifications-1.0.1.jar:D:\duanNho\duan1.1\lib\webcam-capture-0.3.12.jar:D:\duanNho\duan1.1\lib\xmlbeans-3.0.2.jar:lib\AbsoluteLayout.jar:lib\activation-1.1.jar:lib\bridj-0.6.2-windows-only.jar:lib\commons-codec-1.11.jar:lib\commons-codec-1.15.jar:lib\commons-collections4-4.2.jar:lib\commons-collections4-4.4.jar:lib\commons-compress-1.18.jar:lib\commons-compress-1.21.jar:lib\commons-io-2.11.0.jar:lib\commons-logging-1.2.jar:lib\commons-math3-3.6.1.jar:lib\core-3.3.0.jar:lib\io-7.0.2.jar:lib\itextpdf-5.5.13.3.jar:lib\javase-3.3.0.jar:lib\javax.mail-1.6.1.jar:lib\jcalendar-1.4.jar:lib\jfreechart-1.5.0.jar:lib\jgoodies-common-1.2.0.jar:lib\jgoodies-looks-2.4.1.jar:lib\junit-4.6.jar:lib\kernel-7.0.2.jar:lib\layout-7.0.2.jar:lib\log4j-1.2.17.jar:lib\log4j-api-2.17.2.jar:lib\log4j-core-2.17.2.jar:lib\mssql-jdbc-7.2.2.jre8.jar:lib\poi-4.0.1.jar:lib\poi-ooxml-4.0.1.jar:lib\poi-ooxml-schemas-4.0.1.jar:lib\slf4j-api-1.6.2.jar:lib\slf4j-api-1.7.13.jar:lib\slf4j-api-1.7.36.jar:lib\slf4j-log4j12-1.6.2.jar:lib\webcam-capture-0.3.12.jar:lib\xmlbeans-3.0.2.jar:..\..\..\Documents\sqljdbc_10.2\enu\mssql-jdbc-10.2.3.jre17.jar:C:\Users\admin\Desktop\selenium-api-4.19.0-sources.jar:C:\Users\admin\Desktop\selenium-api-4.19.0.jar:C:\Users\admin\Desktop\selenium-chrome-driver-4.19.0-sources.jar:C:\Users\admin\Desktop\selenium-chrome-driver-4.19.0.jar:C:\Users\admin\Desktop\selenium-chromium-driver-4.19.0-sources.jar:C:\Users\admin\Desktop\selenium-chromium-driver-4.19.0.jar:C:\Users\admin\Desktop\selenium-devtools-v121-4.19.0-sources.jar:C:\Users\admin\Desktop\selenium-devtools-v121-4.19.0.jar:C:\Users\admin\Desktop\selenium-devtools-v122-4.19.0-sources.jar:C:\Users\admin\Desktop\selenium-devtools-v122-4.19.0.jar:C:\Users\admin\Desktop\selenium-devtools-v123-4.19.0-sources.jar:C:\Users\admin\Desktop\selenium-devtools-v123-4.19.0.jar:C:\Users\admin\Desktop\selenium-devtools-v85-4.19.0-sources.jar:C:\Users\admin\Desktop\selenium-devtools-v85-4.19.0.jar:C:\Users\admin\Desktop\selenium-edge-driver-4.19.0-sources.jar:C:\Users\admin\Desktop\selenium-edge-driver-4.19.0.jar:C:\Users\admin\Desktop\selenium-firefox-driver-4.19.0-sources.jar:C:\Users\admin\Desktop\selenium-firefox-driver-4.19.0.jar:C:\Users\admin\Desktop\selenium-http-4.19.0-sources.jar:C:\Users\admin\Desktop\selenium-http-4.19.0.jar:C:\Users\admin\Desktop\selenium-ie-driver-4.19.0-sources.jar:C:\Users\admin\Desktop\selenium-ie-driver-4.19.0.jar:C:\Users\admin\Desktop\selenium-java-4.19.0-sources.jar:C:\Users\admin\Desktop\selenium-java-4.19.0.jar:C:\Users\admin\Desktop\selenium-json-4.19.0-sources.jar:C:\Users\admin\Desktop\selenium-json-4.19.0.jar:C:\Users\admin\Desktop\selenium-manager-4.19.0-sources.jar:C:\Users\admin\Desktop\selenium-manager-4.19.0.jar:C:\Users\admin\Desktop\selenium-os-4.19.0-sources.jar:C:\Users\admin\Desktop\selenium-os-4.19.0.jar:C:\Users\admin\Desktop\selenium-remote-driver-4.19.0-sources.jar:C:\Users\admin\Desktop\selenium-remote-driver-4.19.0.jar:C:\Users\admin\Desktop\selenium-safari-driver-4.19.0-sources.jar:C:\Users\admin\Desktop\selenium-safari-driver-4.19.0.jar:C:\Users\admin\Desktop\selenium-support-4.19.0-sources.jar:C:\Users\admin\Desktop\selenium-support-4.19.0.jar:C:\Users\admin\Documents\mssql-jdbc-10.2.3.jre17.jar:D:\Download\hamcrest-core-1.3-javadoc.jar:D:\Download\junit-4.13.2-javadoc.jar:build/classes" />
    <property name="libs.jaxb.src" value="" />
    <property name="file.reference.jfreechart-1.5.0.jar-2" value="lib\jfreechart-1.5.0.jar" />
    <property name="test.src.dir" value="test" />
    <property name="sun.awt.enableExtraMouseButtons" value="true" />
    <property name="org.openide.major.version" value="IDE/1" />
    <property name="file.reference.poi-ooxml-4.0.1.jar" value="D:\2. FPT Polytechnic\1. JAVA 1-6\Java3\JDBC Library\apache_poi\poi-ooxml-4.0.1.jar" />
    <property name="libs.spring-framework300.javadoc" value="" />
    <property name="ap.proc.none.internal" value="" />
    <property name="org.openide.specification.version" value="6.2" />
    <property name="user.timezone" value="Asia/Bangkok" />
    <property name="jar.index" value="false" />
    <property name="libs.jpa20-persistence.classpath" value="C:\Program Files\NetBeans-12.6\netbeansrr\java\modules\ext\eclipselink\javax.persistence-2.2.1.jar" />
    <property name="libs.eclipselinkmodelgen.javadoc" value="" />
    <property name="java.vm.specification.version" value="17" />
    <property name="libs.junit_5.classpath" value="C:\Program Files\NetBeans-12.6\netbeansrr\platform\modules\ext\junit-jupiter-api-5.6.0.jar;C:\Program Files\NetBeans-12.6\netbeansrr\platform\modules\ext\junit-jupiter-params-5.6.0.jar;C:\Program Files\NetBeans-12.6\netbeansrr\platform\modules\ext\junit-jupiter-engine-5.6.0.jar" />
    <property name="javadoc.noindex" value="false" />
    <property name="javadoc.private" value="false" />
    <property name="libs.spring-webmvc4.0.maven-pom" value="" />
    <property name="libs.JAXB-ENDORSED.maven-pom" value="" />
    <property name="user.home" value="C:\Users\admin" />
    <property name="libs.eclipselinkmodelgen.maven-pom" value="" />
    <property name="have.sources" value="true" />
    <property name="annotation.processing.processors.list" value="" />
    <property name="file.reference.jsvg-1.2.0.jar-1" value="E:\OneDrive\Máy tính\lib\lib\jsvg-1.2.0.jar" />
    <property name="jlink.launcher" value="true" />
    <property name="file.reference.jsvg-1.2.0.jar-2" value="D:\duanNho\duan1.1\lib\jsvg-1.2.0.jar" />
    <property name="javac.deprecation" value="false" />
    <property name="file.reference.xmlbeans-3.0.2.jar-4" value="lib\xmlbeans-3.0.2.jar" />
    <property name="file.reference.xmlbeans-3.0.2.jar-3" value="D:\duanNho\duan1.1\lib\xmlbeans-3.0.2.jar" />
    <property name="build.generated.sources.dir" value="build/generated-sources" />
    <property name="plugin.manager.check.updates" value="false" />
    <property name="netbeans.autoupdate.language" value="en" />
    <property name="file.reference.flatlaf-extras-3.2.jar" value="lib\flatlaf-extras-3.2.jar" />
    <property name="libs.eclipselinkmodelgen.src" value="" />
    <property name="build.compiler.emacs" value="true" />
    <property name="build.classes.excludes" value="**/*.java,**/*.form" />
    <property name="dist.jar" value="dist/phanmembantui.jar" />
    <property name="libs.jakartaee-web-api-9.0.classpath" value="C:\Program Files\NetBeans-12.6\netbeansrr\enterprise\modules\ext\jakarta.jakartaee-web-api-9.0.0.jar" />
    <property name="libs.spring-webmvc4.0.classpath" value="C:\Program Files\NetBeans-12.6\netbeansrr\java\modules\ext\spring-4\spring-webmvc-4.3.29.RELEASE.jar" />
    <property name="file.reference.xmlbeans-3.0.2.jar-2" value="C:\Users\Admin\Documents\NetBeansProjects\Long_lib\Long_lib\xmlbeans-3.0.2.jar" />
    <property name="libs.javaee-endorsed-api-7.0.javadoc" value="C:\Program Files\NetBeans-12.6\netbeansrr\enterprise\docs\javaee-doc-api.jar" />
    <property name="file.reference.xmlbeans-3.0.2.jar-1" value="E:\OneDrive\Máy tính\lib\lib\xmlbeans-3.0.2.jar" />
    <property name="os.version" value="10.0" />
    <property name="netbeans.home" value="C:\Program Files\NetBeans-12.6\netbeansrr\platform" />
    <property name="libs.CopyLibs.javadoc" value="" />
    <property name="file.reference.javase-3.3.0.jar-1" value="D:\duanNho\duan1.1\lib\javase-3.3.0.jar" />
    <property name="debug-transport-by-os" value="dt_shmem" />
    <property name="libs.jsf20.src" value="" />
    <property name="libs.javaee-api-8.0.javadoc" value="C:\Program Files\NetBeans-12.6\netbeansrr\enterprise\docs\javaee-doc-api.jar" />
    <property name="java.vm.name" value="Java HotSpot(TM) 64-Bit Server VM" />
    <property name="file.reference.javase-3.3.0.jar-2" value="lib\javase-3.3.0.jar" />
    <property name="libs.jstl.javadoc" value="C:\Program Files\NetBeans-12.6\netbeansrr\enterprise\docs\javaee-doc-api.jar" />
    <property name="libs.javaee-endorsed-api-7.0.maven-pom" value="" />
    <property name="libs.jaxws21.classpath" value="C:\Program Files\NetBeans-12.6\netbeansrr\ide\modules\ext\jaxb\jaxb-impl.jar;C:\Program Files\NetBeans-12.6\netbeansrr\ide\modules\ext\jaxb\jaxb-xjc.jar;C:\Program Files\NetBeans-12.6\netbeansrr\java\modules\ext\jaxws22\FastInfoset.jar;C:\Program Files\NetBeans-12.6\netbeansrr\java\modules\ext\jaxws22\gmbal-api-only.jar;C:\Program Files\NetBeans-12.6\netbeansrr\java\modules\ext\jaxws22\ha-api.jar;C:\Program Files\NetBeans-12.6\netbeansrr\java\modules\ext\jaxws22\javax.mail_1.4.jar;C:\Program Files\NetBeans-12.6\netbeansrr\java\modules\ext\jaxws22\jaxws-rt.jar;C:\Program Files\NetBeans-12.6\netbeansrr\java\modules\ext\jaxws22\jaxws-tools.jar;C:\Program Files\NetBeans-12.6\netbeansrr\java\modules\ext\jaxws22\management-api.jar;C:\Program Files\NetBeans-12.6\netbeansrr\java\modules\ext\jaxws22\mimepull.jar;C:\Program Files\NetBeans-12.6\netbeansrr\java\modules\ext\jaxws22\policy.jar;C:\Program Files\NetBeans-12.6\netbeansrr\java\modules\ext\jaxws22\saaj-impl.jar;C:\Program Files\NetBeans-12.6\netbeansrr\java\modules\ext\jaxws22\stax-ex.jar;C:\Program Files\NetBeans-12.6\netbeansrr\java\modules\ext\jaxws22\stax2-api.jar;C:\Program Files\NetBeans-12.6\netbeansrr\java\modules\ext\jaxws22\streambuffer.jar;C:\Program Files\NetBeans-12.6\netbeansrr\java\modules\ext\jaxws22\woodstox-core-asl.jar;C:\Program Files\NetBeans-12.6\netbeansrr\java\modules\ext\jaxws22\api\jaxws-api.jar;C:\Program Files\NetBeans-12.6\netbeansrr\java\modules\ext\jaxws22\api\jsr181-api.jar;C:\Program Files\NetBeans-12.6\netbeansrr\java\modules\ext\jaxws22\api\javax.annotation.jar;C:\Program Files\NetBeans-12.6\netbeansrr\java\modules\ext\jaxws22\api\saaj-api.jar;C:\Program Files\NetBeans-12.6\netbeansrr\ide\modules\ext\jaxb\activation.jar;C:\Program Files\NetBeans-12.6\netbeansrr\ide\modules\ext\jaxb\api\jaxb-api.jar" />
    <property name="libs.restapi.classpath" value="C:\Program Files\NetBeans-12.6\netbeansrr\enterprise\modules\ext\jaxrs-2.1\jakarta.ws.rs-api-2.1.6.jar" />
    <property name="os.arch" value="amd64" />
    <property name="build.generated.dir" value="build/generated" />
    <property name="libs.groovy-all.javadoc" value="" />
    <property name="libs.jakartaee-api-8.0.classpath" value="C:\Program Files\NetBeans-12.6\netbeansrr\enterprise\modules\ext\jakarta.jakartaee-api-8.0.0.jar" />
    <property name="libs.javaee-web-api-7.0.javadoc" value="C:\Program Files\NetBeans-12.6\netbeansrr\enterprise\docs\javaee-doc-api.jar" />
    <property name="libs.javaee-endorsed-api-6.0.src" value="" />
    <property name="file.reference.selenium-firefox-driver-4.19.0.jar" value="C:\Users\admin\Desktop\selenium-firefox-driver-4.19.0.jar" />
    <property name="libs.jsf12.maven-pom" value="" />
    <property name="libs.javaee-endorsed-api-7.0.classpath" value="C:\Program Files\NetBeans-12.6\netbeansrr\enterprise\modules\ext\javaee7-endorsed\javax.annotation-api.jar;C:\Program Files\NetBeans-12.6\netbeansrr\enterprise\modules\ext\javaee7-endorsed\javax.xml.soap-api.jar;C:\Program Files\NetBeans-12.6\netbeansrr\enterprise\modules\ext\javaee7-endorsed\jaxb-api-osgi.jar;C:\Program Files\NetBeans-12.6\netbeansrr\enterprise\modules\ext\javaee7-endorsed\jaxws-api.jar;C:\Program Files\NetBeans-12.6\netbeansrr\enterprise\modules\ext\javaee7-endorsed\jsr181-api.jar" />
    <property name="org.netbeans.io.suspend" value="1" />
    <property name="libs.primefaces.maven-pom" value="" />
    <property name="ant.project.name" value="phanmembantui" />
    <property name="dist.javadoc.dir" value="dist/javadoc" />
    <property name="default.javac.target" value="17" />
    <property name="javac.fork" value="true" />
    <property name="libs.eclipselink.classpath" value="C:\Program Files\NetBeans-12.6\netbeansrr\java\modules\ext\eclipselink\org.eclipse.persistence.core-2.7.9.jar;C:\Program Files\NetBeans-12.6\netbeansrr\java\modules\ext\eclipselink\org.eclipse.persistence.asm-9.1.0.jar;C:\Program Files\NetBeans-12.6\netbeansrr\java\modules\ext\eclipselink\org.eclipse.persistence.antlr-2.7.9.jar;C:\Program Files\NetBeans-12.6\netbeansrr\java\modules\ext\eclipselink\org.eclipse.persistence.jpa-2.7.9.jar;C:\Program Files\NetBeans-12.6\netbeansrr\java\modules\ext\eclipselink\org.eclipse.persistence.jpa.jpql-2.7.9.jar;C:\Program Files\NetBeans-12.6\netbeansrr\java\modules\ext\eclipselink\org.eclipse.persistence.moxy-2.7.9.jar;C:\Program Files\NetBeans-12.6\netbeansrr\java\modules\ext\eclipselink\javax.persistence-2.2.1.jar" />
    <property name="file.reference.selenium-java-4.19.0-sources.jar" value="C:\Users\admin\Desktop\selenium-java-4.19.0-sources.jar" />
    <property name="file.reference.core-3.3.0.jar" value="C:\Users\Admin\Documents\NetBeansProjects\Long_lib\Long_lib\core-3.3.0.jar" />
    <property name="libs.struts.classpath" value="C:\Program Files\NetBeans-12.6\netbeansrr\enterprise\modules\ext\struts\antlr-2.7.2.jar;C:\Program Files\NetBeans-12.6\netbeansrr\enterprise\modules\ext\struts\bsf-2.3.0.jar;C:\Program Files\NetBeans-12.6\netbeansrr\enterprise\modules\ext\struts\commons-beanutils-1.8.0.jar;C:\Program Files\NetBeans-12.6\netbeansrr\enterprise\modules\ext\struts\commons-chain-1.2.jar;C:\Program Files\NetBeans-12.6\netbeansrr\enterprise\modules\ext\struts\commons-digester-1.8.jar;C:\Program Files\NetBeans-12.6\netbeansrr\enterprise\modules\ext\struts\commons-fileupload-1.1.1.jar;C:\Program Files\NetBeans-12.6\netbeansrr\enterprise\modules\ext\struts\commons-io-1.1.jar;C:\Program Files\NetBeans-12.6\netbeansrr\enterprise\modules\ext\struts\commons-logging-1.0.4.jar;C:\Program Files\NetBeans-12.6\netbeansrr\enterprise\modules\ext\struts\commons-validator-1.3.1.jar;C:\Program Files\NetBeans-12.6\netbeansrr\enterprise\modules\ext\struts\jstl-1.0.2.jar;C:\Program Files\NetBeans-12.6\netbeansrr\enterprise\modules\ext\struts\oro-2.0.8.jar;C:\Program Files\NetBeans-12.6\netbeansrr\enterprise\modules\ext\struts\standard-1.0.6.jar;C:\Program Files\NetBeans-12.6\netbeansrr\enterprise\modules\ext\struts\struts-core-1.3.10.jar;C:\Program Files\NetBeans-12.6\netbeansrr\enterprise\modules\ext\struts\struts-el-1.3.10.jar;C:\Program Files\NetBeans-12.6\netbeansrr\enterprise\modules\ext\struts\struts-extras-1.3.10.jar;C:\Program Files\NetBeans-12.6\netbeansrr\enterprise\modules\ext\struts\struts-faces-1.3.10.jar;C:\Program Files\NetBeans-12.6\netbeansrr\enterprise\modules\ext\struts\struts-mailreader-dao-1.3.10.jar;C:\Program Files\NetBeans-12.6\netbeansrr\enterprise\modules\ext\struts\struts-scripting-1.3.10.jar;C:\Program Files\NetBeans-12.6\netbeansrr\enterprise\modules\ext\struts\struts-taglib-1.3.10.jar;C:\Program Files\NetBeans-12.6\netbeansrr\enterprise\modules\ext\struts\struts-tiles-1.3.10.jar" />
    <property name="file.reference.selenium-json-4.19.0.jar" value="C:\Users\admin\Desktop\selenium-json-4.19.0.jar" />
    <property name="file.reference.poi-4.0.1.jar" value="D:\2. FPT Polytechnic\1. JAVA 1-6\Java3\JDBC Library\apache_poi\poi-4.0.1.jar" />
    <property name="file.reference.selenium-chromium-driver-4.19.0-sources.jar" value="C:\Users\admin\Desktop\selenium-chromium-driver-4.19.0-sources.jar" />
    <property name="libs.PostgreSQLDriver.maven-pom" value="" />
    <property name="libs.absolutelayout.src" value="" />
    <property name="file.reference.javax.mail-1.6.1.jar-3" value="D:\duanNho\duan1.1\lib\javax.mail-1.6.1.jar" />
    <property name="file.reference.javax.mail-1.6.1.jar-4" value="lib\javax.mail-1.6.1.jar" />
    <property name="file.reference.javax.mail-1.6.1.jar-1" value="E:\OneDrive\Máy tính\lib\lib\javax.mail-1.6.1.jar" />
    <property name="file.reference.log4j-api-2.17.2.jar" value="E:\OneDrive\Máy tính\lib\lib\log4j-api-2.17.2.jar" />
    <property name="file.reference.javax.mail-1.6.1.jar-2" value="C:\Users\Admin\Documents\NetBeansProjects\jar_files\javax.mail-1.6.1.jar" />
    <property name="file.reference.selenium-chrome-driver-4.19.0.jar" value="C:\Users\admin\Desktop\selenium-chrome-driver-4.19.0.jar" />
    <property name="testng.mode" value="testng" />
    <property name="annotation.processing.enabled.in.editor" value="false" />
    <property name="java.vm.compressedOopsMode" value="32-bit" />
    <property name="file.reference.slf4j-log4j12-1.6.2.jar-2" value="lib\slf4j-log4j12-1.6.2.jar" />
    <property name="file.reference.slf4j-log4j12-1.6.2.jar-1" value="D:\duanNho\duan1.1\lib\slf4j-log4j12-1.6.2.jar" />
    <property name="netbeans.productversion" value="Apache NetBeans IDE 12.6" />
    <property name="file.reference.selenium-api-4.19.0.jar" value="C:\Users\admin\Desktop\selenium-api-4.19.0.jar" />
    <property name="mkdist.disabled" value="false" />
    <property name="libs.javaee-web-api-6.0.javadoc" value="C:\Program Files\NetBeans-12.6\netbeansrr\enterprise\docs\javaee-doc-api.jar" />
    <property name="file.reference.io-7.0.2.jar-1" value="D:\duanNho\duan1.1\lib\io-7.0.2.jar" />
    <property name="file.reference.io-7.0.2.jar-2" value="lib\io-7.0.2.jar" />
    <property name="file.reference.commons-compress-1.18.jar" value="D:\2. FPT Polytechnic\1. JAVA 1-6\Java3\JDBC Library\apache_poi\commons-compress-1.18.jar" />
    <property name="libs.groovy-all.classpath" value="C:\Program Files\NetBeans-12.6\netbeansrr\groovy\modules\ext\groovy-3.0.8.jar;C:\Program Files\NetBeans-12.6\netbeansrr\groovy\modules\ext\groovy-ant-3.0.8.jar" />
    <property name="libs.javaee-api-7.0.maven-pom" value="" />
    <property name="file.reference.commons-collections4-4.4.jar-2" value="lib\commons-collections4-4.4.jar" />
    <property name="file.reference.javase-3.5.0.jar-2" value="C:\Users\Admin\Documents\NetBeansProjects\Long_lib\Long_lib\javase-3.5.0.jar" />
    <property name="file.reference.javase-3.5.0.jar-3" value="D:\duanNho\duan1.1\lib\javase-3.5.0.jar" />
    <property name="libs.absolutelayout.javadoc" value="" />
    <property name="file.reference.javase-3.5.0.jar-1" value="E:\OneDrive\Máy tính\lib\lib\javase-3.5.0.jar" />
    <property name="libs.jaxb.maven-pom" value="" />
    <property name="annotation.processing.processor.options" value="" />
    <property name="file.reference.commons-collections4-4.4.jar-1" value="D:\duanNho\duan1.1\lib\commons-collections4-4.4.jar" />
    <property name="libs.javaee-api-6.0.maven-pom" value="" />
    <property name="file.reference.commons-io-2.11.0.jar" value="E:\OneDrive\Máy tính\lib\lib\commons-io-2.11.0.jar" />
    <property name="dist.dir" value="dist" />
    <property name="build.dir" value="build" />
    <property name="libs.graaljs.maven-pom" value="" />
    <property name="netbeans.autoupdate.variant" value="" />
    <property name="javadoc.version" value="false" />
    <property name="libs.metro.src" value="" />
    <property name="libs.metro.classpath" value="C:\Program Files\NetBeans-12.6\netbeansrr\ide\modules\ext\jaxb\activation.jar;C:\Program Files\NetBeans-12.6\netbeansrr\enterprise\modules\ext\metro\webservices-api.jar;C:\Program Files\NetBeans-12.6\netbeansrr\enterprise\modules\ext\metro\webservices-extra-api.jar;C:\Program Files\NetBeans-12.6\netbeansrr\enterprise\modules\ext\metro\webservices-extra.jar;C:\Program Files\NetBeans-12.6\netbeansrr\enterprise\modules\ext\metro\webservices-rt.jar;C:\Program Files\NetBeans-12.6\netbeansrr\enterprise\modules\ext\metro\webservices-tools.jar" />
    <property name="libs.CopyLibs.classpath" value="C:\Program Files\NetBeans-12.6\netbeansrr\java\ant\extra\org-netbeans-modules-java-j2seproject-copylibstask.jar" />
    <property name="sun.os.patch.level" value="" />
    <property name="file.reference.slf4j-api-1.7.36.jar-2" value="lib\slf4j-api-1.7.36.jar" />
    <property name="file.reference.slf4j-api-1.7.36.jar-1" value="D:\duanNho\duan1.1\lib\slf4j-api-1.7.36.jar" />
    <property name="javadoc.html5" value="false" />
    <property name="javac.test.processorpath" value="lib\flatlaf-3.2.jar:lib\flatlaf-extras-3.2.jar:lib\flatlaf-fonts-roboto-2.137.jar:lib\swing-toast-notifications-1.0.1.jar:lib\jsvg-1.2.0.jar:C:\Users\Admin\Documents\NetBeansProjects\mssql-jdbc-7.2.2.jre8.jar:D:\2. FPT Polytechnic\1. JAVA 1-6\Java3\JDBC Library\mssql-jdbc-11.2.3.jre17.jar:D:\2. FPT Polytechnic\1. JAVA 1-6\Java3\JDBC Library\jcalendar-1.4\lib\jcalendar-1.4.jar:C:\Users\ThinkPad\Desktop\Hung_DuAn1\jar_files\activation-1.1.jar:C:\Users\ThinkPad\Desktop\Hung_DuAn1\jar_files\javax.mail-1.6.1.jar:D:\2. FPT Polytechnic\1. JAVA 1-6\Java3\JDBC Library\apache_poi\commons-codec-1.11.jar:D:\2. FPT Polytechnic\1. JAVA 1-6\Java3\JDBC Library\apache_poi\commons-collections4-4.2.jar:D:\2. FPT Polytechnic\1. JAVA 1-6\Java3\JDBC Library\apache_poi\commons-compress-1.18.jar:D:\2. FPT Polytechnic\1. JAVA 1-6\Java3\JDBC Library\apache_poi\poi-4.0.1.jar:D:\2. FPT Polytechnic\1. JAVA 1-6\Java3\JDBC Library\apache_poi\poi-ooxml-4.0.1.jar:D:\2. FPT Polytechnic\1. JAVA 1-6\Java3\JDBC Library\apache_poi\poi-ooxml-schemas-4.0.1.jar:D:\2. FPT Polytechnic\1. JAVA 1-6\Java3\JDBC Library\apache_poi\xmlbeans-3.0.2.jar:lib\core-3.5.0.jar:lib\javase-3.5.0.jar:E:\OneDrive\Máy tính\lib\lib\activation-1.1.jar:E:\OneDrive\Máy tính\lib\lib\commons-codec-1.11.jar:E:\OneDrive\Máy tính\lib\lib\commons-codec-1.15.jar:E:\OneDrive\Máy tính\lib\lib\commons-collections4-4.2.jar:E:\OneDrive\Máy tính\lib\lib\commons-collections4-4.4.jar:E:\OneDrive\Máy tính\lib\lib\commons-compress-1.18.jar:E:\OneDrive\Máy tính\lib\lib\commons-compress-1.21.jar:E:\OneDrive\Máy tính\lib\lib\commons-io-2.11.0.jar:E:\OneDrive\Máy tính\lib\lib\commons-logging-1.2.jar:E:\OneDrive\Máy tính\lib\lib\commons-math3-3.6.1.jar:E:\OneDrive\Máy tính\lib\lib\core-3.5.0.jar:E:\OneDrive\Máy tính\lib\lib\flatlaf-3.2.jar:E:\OneDrive\Máy tính\lib\lib\flatlaf-extras-3.2.jar:E:\OneDrive\Máy tính\lib\lib\flatlaf-fonts-roboto-2.137.jar:E:\OneDrive\Máy tính\lib\lib\javase-3.5.0.jar:E:\OneDrive\Máy tính\lib\lib\javax.mail-1.6.1.jar:E:\OneDrive\Máy tính\lib\lib\jcalendar-1.4.jar:E:\OneDrive\Máy tính\lib\lib\jgoodies-common-1.2.0.jar:E:\OneDrive\Máy tính\lib\lib\jgoodies-looks-2.4.1.jar:E:\OneDrive\Máy tính\lib\lib\jsvg-1.2.0.jar:E:\OneDrive\Máy tính\lib\lib\junit-4.6.jar:E:\OneDrive\Máy tính\lib\lib\log4j-1.2.17.jar:E:\OneDrive\Máy tính\lib\lib\log4j-api-2.17.2.jar:E:\OneDrive\Máy tính\lib\lib\log4j-core-2.17.2.jar:E:\OneDrive\Máy tính\lib\lib\poi-4.0.1.jar:E:\OneDrive\Máy tính\lib\lib\poi-ooxml-4.0.1.jar:E:\OneDrive\Máy tính\lib\lib\poi-ooxml-schemas-4.0.1.jar:E:\OneDrive\Máy tính\lib\lib\swing-toast-notifications-1.0.1.jar:E:\OneDrive\Máy tính\lib\lib\xmlbeans-3.0.2.jar:C:\Program Files\NetBeans-12.6\netbeansrr\java\modules\ext\AbsoluteLayout.jar:E:\OneDrive\Máy tính\thuvienxuathoadonpdf\io-7.0.2.jar:E:\OneDrive\Máy tính\thuvienxuathoadonpdf\itextpdf-5.5.13.3.jar:E:\OneDrive\Máy tính\thuvienxuathoadonpdf\kernel-7.0.2.jar:E:\OneDrive\Máy tính\thuvienxuathoadonpdf\layout-7.0.2.jar:E:\OneDrive\Máy tính\thuvienxuathoadonpdf\slf4j-api-1.7.13.jar:E:\OneDrive\Máy tính\thuvienxuathoadonpdf\slf4j-api-1.7.36.jar:C:\Users\Admin\Documents\NetBeansProjects\jar_files\activation-1.1.jar:C:\Users\Admin\Documents\NetBeansProjects\jar_files\javax.mail-1.6.1.jar:C:\Users\Admin\Documents\NetBeansProjects\jar_files\jfreechart-1.5.0.jar:C:\Users\Admin\Documents\NetBeansProjects\Long_lib\Long_lib\AbsoluteLayout.jar:C:\Users\Admin\Documents\NetBeansProjects\Long_lib\Long_lib\bridj-0.6.2-windows-only.jar:C:\Users\Admin\Documents\NetBeansProjects\Long_lib\Long_lib\commons-codec-1.11.jar:C:\Users\Admin\Documents\NetBeansProjects\Long_lib\Long_lib\commons-collections4-4.2.jar:C:\Users\Admin\Documents\NetBeansProjects\Long_lib\Long_lib\commons-compress-1.18.jar:C:\Users\Admin\Documents\NetBeansProjects\Long_lib\Long_lib\core-3.3.0.jar:C:\Users\Admin\Documents\NetBeansProjects\Long_lib\Long_lib\core-3.5.0.jar:C:\Users\Admin\Documents\NetBeansProjects\Long_lib\Long_lib\javase-3.3.0.jar:C:\Users\Admin\Documents\NetBeansProjects\Long_lib\Long_lib\javase-3.5.0.jar:C:\Users\Admin\Documents\NetBeansProjects\Long_lib\Long_lib\log4j-1.2.17.jar:C:\Users\Admin\Documents\NetBeansProjects\Long_lib\Long_lib\poi-4.0.1.jar:C:\Users\Admin\Documents\NetBeansProjects\Long_lib\Long_lib\poi-ooxml-4.0.1.jar:C:\Users\Admin\Documents\NetBeansProjects\Long_lib\Long_lib\poi-ooxml-schemas-4.0.1.jar:C:\Users\Admin\Documents\NetBeansProjects\Long_lib\Long_lib\slf4j-api-1.6.2.jar:C:\Users\Admin\Documents\NetBeansProjects\Long_lib\Long_lib\slf4j-log4j12-1.6.2.jar:C:\Users\Admin\Documents\NetBeansProjects\Long_lib\Long_lib\webcam-capture-0.3.12.jar:C:\Users\Admin\Documents\NetBeansProjects\Long_lib\Long_lib\xmlbeans-3.0.2.jar:D:\duanNho\duan1.1\lib\AbsoluteLayout.jar:D:\duanNho\duan1.1\lib\activation-1.1.jar:D:\duanNho\duan1.1\lib\bridj-0.6.2-windows-only.jar:D:\duanNho\duan1.1\lib\commons-codec-1.11.jar:D:\duanNho\duan1.1\lib\commons-codec-1.15.jar:D:\duanNho\duan1.1\lib\commons-collections4-4.2.jar:D:\duanNho\duan1.1\lib\commons-collections4-4.4.jar:D:\duanNho\duan1.1\lib\commons-compress-1.18.jar:D:\duanNho\duan1.1\lib\commons-compress-1.21.jar:D:\duanNho\duan1.1\lib\commons-io-2.11.0.jar:D:\duanNho\duan1.1\lib\commons-logging-1.2.jar:D:\duanNho\duan1.1\lib\commons-math3-3.6.1.jar:D:\duanNho\duan1.1\lib\core-3.3.0.jar:D:\duanNho\duan1.1\lib\core-3.5.0.jar:D:\duanNho\duan1.1\lib\flatlaf-3.2.jar:D:\duanNho\duan1.1\lib\flatlaf-extras-3.2.jar:D:\duanNho\duan1.1\lib\flatlaf-fonts-roboto-2.137.jar:D:\duanNho\duan1.1\lib\io-7.0.2.jar:D:\duanNho\duan1.1\lib\itextpdf-5.5.13.3.jar:D:\duanNho\duan1.1\lib\javase-3.3.0.jar:D:\duanNho\duan1.1\lib\javase-3.5.0.jar:D:\duanNho\duan1.1\lib\javax.mail-1.6.1.jar:D:\duanNho\duan1.1\lib\jcalendar-1.4.jar:D:\duanNho\duan1.1\lib\jfreechart-1.5.0.jar:D:\duanNho\duan1.1\lib\jgoodies-common-1.2.0.jar:D:\duanNho\duan1.1\lib\jgoodies-looks-2.4.1.jar:D:\duanNho\duan1.1\lib\jsvg-1.2.0.jar:D:\duanNho\duan1.1\lib\junit-4.6.jar:D:\duanNho\duan1.1\lib\kernel-7.0.2.jar:D:\duanNho\duan1.1\lib\layout-7.0.2.jar:D:\duanNho\duan1.1\lib\log4j-1.2.17.jar:D:\duanNho\duan1.1\lib\log4j-api-2.17.2.jar:D:\duanNho\duan1.1\lib\log4j-core-2.17.2.jar:D:\duanNho\duan1.1\lib\mssql-jdbc-7.2.2.jre8.jar:D:\duanNho\duan1.1\lib\poi-4.0.1.jar:D:\duanNho\duan1.1\lib\poi-ooxml-4.0.1.jar:D:\duanNho\duan1.1\lib\poi-ooxml-schemas-4.0.1.jar:D:\duanNho\duan1.1\lib\slf4j-api-1.6.2.jar:D:\duanNho\duan1.1\lib\slf4j-api-1.7.13.jar:D:\duanNho\duan1.1\lib\slf4j-api-1.7.36.jar:D:\duanNho\duan1.1\lib\slf4j-log4j12-1.6.2.jar:D:\duanNho\duan1.1\lib\swing-toast-notifications-1.0.1.jar:D:\duanNho\duan1.1\lib\webcam-capture-0.3.12.jar:D:\duanNho\duan1.1\lib\xmlbeans-3.0.2.jar:lib\AbsoluteLayout.jar:lib\activation-1.1.jar:lib\bridj-0.6.2-windows-only.jar:lib\commons-codec-1.11.jar:lib\commons-codec-1.15.jar:lib\commons-collections4-4.2.jar:lib\commons-collections4-4.4.jar:lib\commons-compress-1.18.jar:lib\commons-compress-1.21.jar:lib\commons-io-2.11.0.jar:lib\commons-logging-1.2.jar:lib\commons-math3-3.6.1.jar:lib\core-3.3.0.jar:lib\io-7.0.2.jar:lib\itextpdf-5.5.13.3.jar:lib\javase-3.3.0.jar:lib\javax.mail-1.6.1.jar:lib\jcalendar-1.4.jar:lib\jfreechart-1.5.0.jar:lib\jgoodies-common-1.2.0.jar:lib\jgoodies-looks-2.4.1.jar:lib\junit-4.6.jar:lib\kernel-7.0.2.jar:lib\layout-7.0.2.jar:lib\log4j-1.2.17.jar:lib\log4j-api-2.17.2.jar:lib\log4j-core-2.17.2.jar:lib\mssql-jdbc-7.2.2.jre8.jar:lib\poi-4.0.1.jar:lib\poi-ooxml-4.0.1.jar:lib\poi-ooxml-schemas-4.0.1.jar:lib\slf4j-api-1.6.2.jar:lib\slf4j-api-1.7.13.jar:lib\slf4j-api-1.7.36.jar:lib\slf4j-log4j12-1.6.2.jar:lib\webcam-capture-0.3.12.jar:lib\xmlbeans-3.0.2.jar:..\..\..\Documents\sqljdbc_10.2\enu\mssql-jdbc-10.2.3.jre17.jar:C:\Users\admin\Desktop\selenium-api-4.19.0-sources.jar:C:\Users\admin\Desktop\selenium-api-4.19.0.jar:C:\Users\admin\Desktop\selenium-chrome-driver-4.19.0-sources.jar:C:\Users\admin\Desktop\selenium-chrome-driver-4.19.0.jar:C:\Users\admin\Desktop\selenium-chromium-driver-4.19.0-sources.jar:C:\Users\admin\Desktop\selenium-chromium-driver-4.19.0.jar:C:\Users\admin\Desktop\selenium-devtools-v121-4.19.0-sources.jar:C:\Users\admin\Desktop\selenium-devtools-v121-4.19.0.jar:C:\Users\admin\Desktop\selenium-devtools-v122-4.19.0-sources.jar:C:\Users\admin\Desktop\selenium-devtools-v122-4.19.0.jar:C:\Users\admin\Desktop\selenium-devtools-v123-4.19.0-sources.jar:C:\Users\admin\Desktop\selenium-devtools-v123-4.19.0.jar:C:\Users\admin\Desktop\selenium-devtools-v85-4.19.0-sources.jar:C:\Users\admin\Desktop\selenium-devtools-v85-4.19.0.jar:C:\Users\admin\Desktop\selenium-edge-driver-4.19.0-sources.jar:C:\Users\admin\Desktop\selenium-edge-driver-4.19.0.jar:C:\Users\admin\Desktop\selenium-firefox-driver-4.19.0-sources.jar:C:\Users\admin\Desktop\selenium-firefox-driver-4.19.0.jar:C:\Users\admin\Desktop\selenium-http-4.19.0-sources.jar:C:\Users\admin\Desktop\selenium-http-4.19.0.jar:C:\Users\admin\Desktop\selenium-ie-driver-4.19.0-sources.jar:C:\Users\admin\Desktop\selenium-ie-driver-4.19.0.jar:C:\Users\admin\Desktop\selenium-java-4.19.0-sources.jar:C:\Users\admin\Desktop\selenium-java-4.19.0.jar:C:\Users\admin\Desktop\selenium-json-4.19.0-sources.jar:C:\Users\admin\Desktop\selenium-json-4.19.0.jar:C:\Users\admin\Desktop\selenium-manager-4.19.0-sources.jar:C:\Users\admin\Desktop\selenium-manager-4.19.0.jar:C:\Users\admin\Desktop\selenium-os-4.19.0-sources.jar:C:\Users\admin\Desktop\selenium-os-4.19.0.jar:C:\Users\admin\Desktop\selenium-remote-driver-4.19.0-sources.jar:C:\Users\admin\Desktop\selenium-remote-driver-4.19.0.jar:C:\Users\admin\Desktop\selenium-safari-driver-4.19.0-sources.jar:C:\Users\admin\Desktop\selenium-safari-driver-4.19.0.jar:C:\Users\admin\Desktop\selenium-support-4.19.0-sources.jar:C:\Users\admin\Desktop\selenium-support-4.19.0.jar:C:\Users\admin\Documents\mssql-jdbc-10.2.3.jre17.jar:D:\Download\hamcrest-core-1.3-javadoc.jar:D:\Download\junit-4.13.2-javadoc.jar:build/classes" />
    <property name="libs.javaee-web-api-7.0.maven-pom" value="" />
    <property name="libs.javaee-web-api-8.0.maven-pom" value="" />
    <property name="netbeans.dirs" value="C:\Program Files\NetBeans-12.6\netbeansrr\nb;C:\Program Files\NetBeans-12.6\netbeansrr\ergonomics;C:\Program Files\NetBeans-12.6\netbeansrr\ide;C:\Program Files\NetBeans-12.6\netbeansrr\extide;C:\Program Files\NetBeans-12.6\netbeansrr\java;C:\Program Files\NetBeans-12.6\netbeansrr\apisupport;C:\Program Files\NetBeans-12.6\netbeansrr\webcommon;C:\Program Files\NetBeans-12.6\netbeansrr\websvccommon;C:\Program Files\NetBeans-12.6\netbeansrr\enterprise;C:\Program Files\NetBeans-12.6\netbeansrr\mobility;C:\Program Files\NetBeans-12.6\netbeansrr\profiler;C:\Program Files\NetBeans-12.6\netbeansrr\python;C:\Program Files\NetBeans-12.6\netbeansrr\php;C:\Program Files\NetBeans-12.6\netbeansrr\identity;C:\Program Files\NetBeans-12.6\netbeansrr\harness;C:\Program Files\NetBeans-12.6\netbeansrr\cnd;C:\Program Files\NetBeans-12.6\netbeansrr\cndext;C:\Program Files\NetBeans-12.6\netbeansrr\cpplite;C:\Program Files\NetBeans-12.6\netbeansrr\dlight;C:\Program Files\NetBeans-12.6\netbeansrr\groovy;C:\Program Files\NetBeans-12.6\netbeansrr\extra;C:\Program Files\NetBeans-12.6\netbeansrr\javacard;C:\Program Files\NetBeans-12.6\netbeansrr\javafx" />
    <property name="libs.hamcrest.maven-pom" value="" />
    <property name="file.reference.AbsoluteLayout.jar" value="C:\Users\Admin\Documents\NetBeansProjects\Long_lib\Long_lib\AbsoluteLayout.jar" />
    <property name="javac.processorpath" value="lib\flatlaf-3.2.jar:lib\flatlaf-extras-3.2.jar:lib\flatlaf-fonts-roboto-2.137.jar:lib\swing-toast-notifications-1.0.1.jar:lib\jsvg-1.2.0.jar:C:\Users\Admin\Documents\NetBeansProjects\mssql-jdbc-7.2.2.jre8.jar:D:\2. FPT Polytechnic\1. JAVA 1-6\Java3\JDBC Library\mssql-jdbc-11.2.3.jre17.jar:D:\2. FPT Polytechnic\1. JAVA 1-6\Java3\JDBC Library\jcalendar-1.4\lib\jcalendar-1.4.jar:C:\Users\ThinkPad\Desktop\Hung_DuAn1\jar_files\activation-1.1.jar:C:\Users\ThinkPad\Desktop\Hung_DuAn1\jar_files\javax.mail-1.6.1.jar:D:\2. FPT Polytechnic\1. JAVA 1-6\Java3\JDBC Library\apache_poi\commons-codec-1.11.jar:D:\2. FPT Polytechnic\1. JAVA 1-6\Java3\JDBC Library\apache_poi\commons-collections4-4.2.jar:D:\2. FPT Polytechnic\1. JAVA 1-6\Java3\JDBC Library\apache_poi\commons-compress-1.18.jar:D:\2. FPT Polytechnic\1. JAVA 1-6\Java3\JDBC Library\apache_poi\poi-4.0.1.jar:D:\2. FPT Polytechnic\1. JAVA 1-6\Java3\JDBC Library\apache_poi\poi-ooxml-4.0.1.jar:D:\2. FPT Polytechnic\1. JAVA 1-6\Java3\JDBC Library\apache_poi\poi-ooxml-schemas-4.0.1.jar:D:\2. FPT Polytechnic\1. JAVA 1-6\Java3\JDBC Library\apache_poi\xmlbeans-3.0.2.jar:lib\core-3.5.0.jar:lib\javase-3.5.0.jar:E:\OneDrive\Máy tính\lib\lib\activation-1.1.jar:E:\OneDrive\Máy tính\lib\lib\commons-codec-1.11.jar:E:\OneDrive\Máy tính\lib\lib\commons-codec-1.15.jar:E:\OneDrive\Máy tính\lib\lib\commons-collections4-4.2.jar:E:\OneDrive\Máy tính\lib\lib\commons-collections4-4.4.jar:E:\OneDrive\Máy tính\lib\lib\commons-compress-1.18.jar:E:\OneDrive\Máy tính\lib\lib\commons-compress-1.21.jar:E:\OneDrive\Máy tính\lib\lib\commons-io-2.11.0.jar:E:\OneDrive\Máy tính\lib\lib\commons-logging-1.2.jar:E:\OneDrive\Máy tính\lib\lib\commons-math3-3.6.1.jar:E:\OneDrive\Máy tính\lib\lib\core-3.5.0.jar:E:\OneDrive\Máy tính\lib\lib\flatlaf-3.2.jar:E:\OneDrive\Máy tính\lib\lib\flatlaf-extras-3.2.jar:E:\OneDrive\Máy tính\lib\lib\flatlaf-fonts-roboto-2.137.jar:E:\OneDrive\Máy tính\lib\lib\javase-3.5.0.jar:E:\OneDrive\Máy tính\lib\lib\javax.mail-1.6.1.jar:E:\OneDrive\Máy tính\lib\lib\jcalendar-1.4.jar:E:\OneDrive\Máy tính\lib\lib\jgoodies-common-1.2.0.jar:E:\OneDrive\Máy tính\lib\lib\jgoodies-looks-2.4.1.jar:E:\OneDrive\Máy tính\lib\lib\jsvg-1.2.0.jar:E:\OneDrive\Máy tính\lib\lib\junit-4.6.jar:E:\OneDrive\Máy tính\lib\lib\log4j-1.2.17.jar:E:\OneDrive\Máy tính\lib\lib\log4j-api-2.17.2.jar:E:\OneDrive\Máy tính\lib\lib\log4j-core-2.17.2.jar:E:\OneDrive\Máy tính\lib\lib\poi-4.0.1.jar:E:\OneDrive\Máy tính\lib\lib\poi-ooxml-4.0.1.jar:E:\OneDrive\Máy tính\lib\lib\poi-ooxml-schemas-4.0.1.jar:E:\OneDrive\Máy tính\lib\lib\swing-toast-notifications-1.0.1.jar:E:\OneDrive\Máy tính\lib\lib\xmlbeans-3.0.2.jar:C:\Program Files\NetBeans-12.6\netbeansrr\java\modules\ext\AbsoluteLayout.jar:E:\OneDrive\Máy tính\thuvienxuathoadonpdf\io-7.0.2.jar:E:\OneDrive\Máy tính\thuvienxuathoadonpdf\itextpdf-5.5.13.3.jar:E:\OneDrive\Máy tính\thuvienxuathoadonpdf\kernel-7.0.2.jar:E:\OneDrive\Máy tính\thuvienxuathoadonpdf\layout-7.0.2.jar:E:\OneDrive\Máy tính\thuvienxuathoadonpdf\slf4j-api-1.7.13.jar:E:\OneDrive\Máy tính\thuvienxuathoadonpdf\slf4j-api-1.7.36.jar:C:\Users\Admin\Documents\NetBeansProjects\jar_files\activation-1.1.jar:C:\Users\Admin\Documents\NetBeansProjects\jar_files\javax.mail-1.6.1.jar:C:\Users\Admin\Documents\NetBeansProjects\jar_files\jfreechart-1.5.0.jar:C:\Users\Admin\Documents\NetBeansProjects\Long_lib\Long_lib\AbsoluteLayout.jar:C:\Users\Admin\Documents\NetBeansProjects\Long_lib\Long_lib\bridj-0.6.2-windows-only.jar:C:\Users\Admin\Documents\NetBeansProjects\Long_lib\Long_lib\commons-codec-1.11.jar:C:\Users\Admin\Documents\NetBeansProjects\Long_lib\Long_lib\commons-collections4-4.2.jar:C:\Users\Admin\Documents\NetBeansProjects\Long_lib\Long_lib\commons-compress-1.18.jar:C:\Users\Admin\Documents\NetBeansProjects\Long_lib\Long_lib\core-3.3.0.jar:C:\Users\Admin\Documents\NetBeansProjects\Long_lib\Long_lib\core-3.5.0.jar:C:\Users\Admin\Documents\NetBeansProjects\Long_lib\Long_lib\javase-3.3.0.jar:C:\Users\Admin\Documents\NetBeansProjects\Long_lib\Long_lib\javase-3.5.0.jar:C:\Users\Admin\Documents\NetBeansProjects\Long_lib\Long_lib\log4j-1.2.17.jar:C:\Users\Admin\Documents\NetBeansProjects\Long_lib\Long_lib\poi-4.0.1.jar:C:\Users\Admin\Documents\NetBeansProjects\Long_lib\Long_lib\poi-ooxml-4.0.1.jar:C:\Users\Admin\Documents\NetBeansProjects\Long_lib\Long_lib\poi-ooxml-schemas-4.0.1.jar:C:\Users\Admin\Documents\NetBeansProjects\Long_lib\Long_lib\slf4j-api-1.6.2.jar:C:\Users\Admin\Documents\NetBeansProjects\Long_lib\Long_lib\slf4j-log4j12-1.6.2.jar:C:\Users\Admin\Documents\NetBeansProjects\Long_lib\Long_lib\webcam-capture-0.3.12.jar:C:\Users\Admin\Documents\NetBeansProjects\Long_lib\Long_lib\xmlbeans-3.0.2.jar:D:\duanNho\duan1.1\lib\AbsoluteLayout.jar:D:\duanNho\duan1.1\lib\activation-1.1.jar:D:\duanNho\duan1.1\lib\bridj-0.6.2-windows-only.jar:D:\duanNho\duan1.1\lib\commons-codec-1.11.jar:D:\duanNho\duan1.1\lib\commons-codec-1.15.jar:D:\duanNho\duan1.1\lib\commons-collections4-4.2.jar:D:\duanNho\duan1.1\lib\commons-collections4-4.4.jar:D:\duanNho\duan1.1\lib\commons-compress-1.18.jar:D:\duanNho\duan1.1\lib\commons-compress-1.21.jar:D:\duanNho\duan1.1\lib\commons-io-2.11.0.jar:D:\duanNho\duan1.1\lib\commons-logging-1.2.jar:D:\duanNho\duan1.1\lib\commons-math3-3.6.1.jar:D:\duanNho\duan1.1\lib\core-3.3.0.jar:D:\duanNho\duan1.1\lib\core-3.5.0.jar:D:\duanNho\duan1.1\lib\flatlaf-3.2.jar:D:\duanNho\duan1.1\lib\flatlaf-extras-3.2.jar:D:\duanNho\duan1.1\lib\flatlaf-fonts-roboto-2.137.jar:D:\duanNho\duan1.1\lib\io-7.0.2.jar:D:\duanNho\duan1.1\lib\itextpdf-5.5.13.3.jar:D:\duanNho\duan1.1\lib\javase-3.3.0.jar:D:\duanNho\duan1.1\lib\javase-3.5.0.jar:D:\duanNho\duan1.1\lib\javax.mail-1.6.1.jar:D:\duanNho\duan1.1\lib\jcalendar-1.4.jar:D:\duanNho\duan1.1\lib\jfreechart-1.5.0.jar:D:\duanNho\duan1.1\lib\jgoodies-common-1.2.0.jar:D:\duanNho\duan1.1\lib\jgoodies-looks-2.4.1.jar:D:\duanNho\duan1.1\lib\jsvg-1.2.0.jar:D:\duanNho\duan1.1\lib\junit-4.6.jar:D:\duanNho\duan1.1\lib\kernel-7.0.2.jar:D:\duanNho\duan1.1\lib\layout-7.0.2.jar:D:\duanNho\duan1.1\lib\log4j-1.2.17.jar:D:\duanNho\duan1.1\lib\log4j-api-2.17.2.jar:D:\duanNho\duan1.1\lib\log4j-core-2.17.2.jar:D:\duanNho\duan1.1\lib\mssql-jdbc-7.2.2.jre8.jar:D:\duanNho\duan1.1\lib\poi-4.0.1.jar:D:\duanNho\duan1.1\lib\poi-ooxml-4.0.1.jar:D:\duanNho\duan1.1\lib\poi-ooxml-schemas-4.0.1.jar:D:\duanNho\duan1.1\lib\slf4j-api-1.6.2.jar:D:\duanNho\duan1.1\lib\slf4j-api-1.7.13.jar:D:\duanNho\duan1.1\lib\slf4j-api-1.7.36.jar:D:\duanNho\duan1.1\lib\slf4j-log4j12-1.6.2.jar:D:\duanNho\duan1.1\lib\swing-toast-notifications-1.0.1.jar:D:\duanNho\duan1.1\lib\webcam-capture-0.3.12.jar:D:\duanNho\duan1.1\lib\xmlbeans-3.0.2.jar:lib\AbsoluteLayout.jar:lib\activation-1.1.jar:lib\bridj-0.6.2-windows-only.jar:lib\commons-codec-1.11.jar:lib\commons-codec-1.15.jar:lib\commons-collections4-4.2.jar:lib\commons-collections4-4.4.jar:lib\commons-compress-1.18.jar:lib\commons-compress-1.21.jar:lib\commons-io-2.11.0.jar:lib\commons-logging-1.2.jar:lib\commons-math3-3.6.1.jar:lib\core-3.3.0.jar:lib\io-7.0.2.jar:lib\itextpdf-5.5.13.3.jar:lib\javase-3.3.0.jar:lib\javax.mail-1.6.1.jar:lib\jcalendar-1.4.jar:lib\jfreechart-1.5.0.jar:lib\jgoodies-common-1.2.0.jar:lib\jgoodies-looks-2.4.1.jar:lib\junit-4.6.jar:lib\kernel-7.0.2.jar:lib\layout-7.0.2.jar:lib\log4j-1.2.17.jar:lib\log4j-api-2.17.2.jar:lib\log4j-core-2.17.2.jar:lib\mssql-jdbc-7.2.2.jre8.jar:lib\poi-4.0.1.jar:lib\poi-ooxml-4.0.1.jar:lib\poi-ooxml-schemas-4.0.1.jar:lib\slf4j-api-1.6.2.jar:lib\slf4j-api-1.7.13.jar:lib\slf4j-api-1.7.36.jar:lib\slf4j-log4j12-1.6.2.jar:lib\webcam-capture-0.3.12.jar:lib\xmlbeans-3.0.2.jar:..\..\..\Documents\sqljdbc_10.2\enu\mssql-jdbc-10.2.3.jre17.jar:C:\Users\admin\Desktop\selenium-api-4.19.0-sources.jar:C:\Users\admin\Desktop\selenium-api-4.19.0.jar:C:\Users\admin\Desktop\selenium-chrome-driver-4.19.0-sources.jar:C:\Users\admin\Desktop\selenium-chrome-driver-4.19.0.jar:C:\Users\admin\Desktop\selenium-chromium-driver-4.19.0-sources.jar:C:\Users\admin\Desktop\selenium-chromium-driver-4.19.0.jar:C:\Users\admin\Desktop\selenium-devtools-v121-4.19.0-sources.jar:C:\Users\admin\Desktop\selenium-devtools-v121-4.19.0.jar:C:\Users\admin\Desktop\selenium-devtools-v122-4.19.0-sources.jar:C:\Users\admin\Desktop\selenium-devtools-v122-4.19.0.jar:C:\Users\admin\Desktop\selenium-devtools-v123-4.19.0-sources.jar:C:\Users\admin\Desktop\selenium-devtools-v123-4.19.0.jar:C:\Users\admin\Desktop\selenium-devtools-v85-4.19.0-sources.jar:C:\Users\admin\Desktop\selenium-devtools-v85-4.19.0.jar:C:\Users\admin\Desktop\selenium-edge-driver-4.19.0-sources.jar:C:\Users\admin\Desktop\selenium-edge-driver-4.19.0.jar:C:\Users\admin\Desktop\selenium-firefox-driver-4.19.0-sources.jar:C:\Users\admin\Desktop\selenium-firefox-driver-4.19.0.jar:C:\Users\admin\Desktop\selenium-http-4.19.0-sources.jar:C:\Users\admin\Desktop\selenium-http-4.19.0.jar:C:\Users\admin\Desktop\selenium-ie-driver-4.19.0-sources.jar:C:\Users\admin\Desktop\selenium-ie-driver-4.19.0.jar:C:\Users\admin\Desktop\selenium-java-4.19.0-sources.jar:C:\Users\admin\Desktop\selenium-java-4.19.0.jar:C:\Users\admin\Desktop\selenium-json-4.19.0-sources.jar:C:\Users\admin\Desktop\selenium-json-4.19.0.jar:C:\Users\admin\Desktop\selenium-manager-4.19.0-sources.jar:C:\Users\admin\Desktop\selenium-manager-4.19.0.jar:C:\Users\admin\Desktop\selenium-os-4.19.0-sources.jar:C:\Users\admin\Desktop\selenium-os-4.19.0.jar:C:\Users\admin\Desktop\selenium-remote-driver-4.19.0-sources.jar:C:\Users\admin\Desktop\selenium-remote-driver-4.19.0.jar:C:\Users\admin\Desktop\selenium-safari-driver-4.19.0-sources.jar:C:\Users\admin\Desktop\selenium-safari-driver-4.19.0.jar:C:\Users\admin\Desktop\selenium-support-4.19.0-sources.jar:C:\Users\admin\Desktop\selenium-support-4.19.0.jar:C:\Users\admin\Documents\mssql-jdbc-10.2.3.jre17.jar:D:\Download\hamcrest-core-1.3-javadoc.jar:D:\Download\junit-4.13.2-javadoc.jar" />
    <property name="libs.javaee-api-6.0.javadoc" value="C:\Program Files\NetBeans-12.6\netbeansrr\enterprise\docs\javaee-doc-api.jar" />
    <property name="file.reference.selenium-remote-driver-4.19.0-sources.jar" value="C:\Users\admin\Desktop\selenium-remote-driver-4.19.0-sources.jar" />
    <property name="libs.JWSAntTasks.maven-pom" value="" />
    <property name="file.reference.poi-4.0.1.jar-4" value="lib\poi-4.0.1.jar" />
    <property name="file.reference.poi-4.0.1.jar-3" value="D:\duanNho\duan1.1\lib\poi-4.0.1.jar" />
    <property name="run.modulepath" value="" />
    <property name="file.reference.poi-4.0.1.jar-2" value="C:\Users\Admin\Documents\NetBeansProjects\Long_lib\Long_lib\poi-4.0.1.jar" />
    <property name="file.reference.poi-4.0.1.jar-1" value="E:\OneDrive\Máy tính\lib\lib\poi-4.0.1.jar" />
    <property name="do.archive+manifest.available" value="true" />
    <property name="apple.laf.useScreenMenuBar" value="true" />
    <property name="file.reference.slf4j-api-1.7.36.jar" value="E:\OneDrive\Máy tính\thuvienxuathoadonpdf\slf4j-api-1.7.36.jar" />
    <property name="file.reference.jgoodies-looks-2.4.1.jar" value="E:\OneDrive\Máy tính\lib\lib\jgoodies-looks-2.4.1.jar" />
    <property name="user.country" value="US" />
    <property name="sun.java.launcher" value="SUN_STANDARD" />
    <property name="libs.jakartaee-api-9.0.maven-pom" value="" />
    <property name="libs.jpa20-persistence.src" value="" />
    <property name="libs.restapi.javadoc" value="" />
    <property name="file.reference.selenium-devtools-v121-4.19.0-sources.jar" value="C:\Users\admin\Desktop\selenium-devtools-v121-4.19.0-sources.jar" />
    <property name="endorsed.classpath" value="" />
    <property name="javac.test.sourcepath" value="Y:\BL4\DuAn1\PRO1041_SD18307_Yennthph31906\build\empty" />
    <property name="libs.spring-webmvc3.0.maven-pom" value="" />
    <property name="file.reference.selenium-devtools-v85-4.19.0-sources.jar" value="C:\Users\admin\Desktop\selenium-devtools-v85-4.19.0-sources.jar" />
    <property name="includes" value="**" />
    <property name="libs.jsf12.javadoc" value="C:\Program Files\NetBeans-12.6\netbeansrr\enterprise\docs\javaee-doc-api.jar" />
    <property name="libs.hamcrest.classpath" value="C:\Program Files\NetBeans-12.6\netbeansrr\platform\modules\ext\hamcrest-core-1.3.jar" />
    <property name="javadoc.splitindex" value="true" />
    <property name="libs.JWSAntTasks.classpath" value="C:\Program Files\NetBeans-12.6\netbeansrr\java\ant\extra\org-netbeans-modules-javawebstart-anttasks.jar" />
    <property name="junit.available" value="true" />
    <property name="javac.processormodulepath" value="" />
    <property name="javadoc.encoding" value="UTF-8" />
    <property name="file.reference.slf4j-api-1.6.2.jar-1" value="D:\duanNho\duan1.1\lib\slf4j-api-1.6.2.jar" />
    <property name="file.reference.slf4j-api-1.6.2.jar-2" value="lib\slf4j-api-1.6.2.jar" />
    <property name="libs.jstl.src" value="" />
    <property name="libs.jsp-compilation-syscp.maven-pom" value="" />
    <property name="netbeans.hash.code" value="unique=NB_EXTIDE_JAVA_PHP_WEBCOMMON_WEBEE06c902789-2aac-49f0-bf81-a8ca474f0f7a_77efa4bd-37ae-401d-9b3e-a7bb2598b7b6" />
    <property name="org.netbeans.io.pending" value="56" />
    <property name="libs.spring-webmvc3.0.classpath" value="C:\Program Files\NetBeans-12.6\netbeansrr\java\modules\ext\spring-3.0\spring-webmvc-3.2.18.RELEASE.jar" />
    <property name="java.runtime.name" value="Java(TM) SE Runtime Environment" />
    <property name="libs.jaxb.javadoc" value="C:\Program Files\NetBeans-12.6\netbeansrr\ide\docs\jaxb-api-doc.jar" />
    <property name="manifest.available" value="true" />
    <property name="libs.spring-framework500.maven-pom" value="" />
    <property name="run.jvmargs.ide" value="" />
    <property name="file.reference.core-3.5.0.jar-2" value="C:\Users\Admin\Documents\NetBeansProjects\Long_lib\Long_lib\core-3.5.0.jar" />
    <property name="file.reference.core-3.5.0.jar-1" value="E:\OneDrive\Máy tính\lib\lib\core-3.5.0.jar" />
    <property name="file.reference.core-3.5.0.jar-3" value="D:\duanNho\duan1.1\lib\core-3.5.0.jar" />
    <property name="ant.core.lib" value="C:\Program Files\NetBeans-12.6\netbeansrr\extide\ant\lib\ant.jar" />
    <property name="file.reference.io-7.0.2.jar" value="E:\OneDrive\Máy tính\thuvienxuathoadonpdf\io-7.0.2.jar" />
    <property name="libs.jsp-compilation.maven-pom" value="" />
    <property name="javac.profile.cmd.line.arg" value="" />
    <property name="file.reference.slf4j-log4j12-1.6.2.jar" value="C:\Users\Admin\Documents\NetBeansProjects\Long_lib\Long_lib\slf4j-log4j12-1.6.2.jar" />
    <property name="libs.jakartaee-api-9.0.classpath" value="C:\Program Files\NetBeans-12.6\netbeansrr\enterprise\modules\ext\jakarta.jakartaee-api-9.0.0.jar" />
    <property name="file.reference.selenium-edge-driver-4.19.0-sources.jar" value="C:\Users\admin\Desktop\selenium-edge-driver-4.19.0-sources.jar" />
    <property name="application.title" value="phanmembantui" />
    <property name="do.archive+main.class.available" value="true" />
    <property name="javac.test.modulepath" value="" />
    <property name="libs.PostgreSQLDriver.javadoc" value="" />
    <property name="libs.jsp-compilation-syscp.classpath" value="C:\Program Files\NetBeans-12.6\netbeansrr\extide\ant\lib\ant.jar;C:\Program Files\NetBeans-12.6\netbeansrr\enterprise\modules\ext\servlet3.1-jsp2.3-api.jar;C:\Program Files\NetBeans-12.6\netbeansrr\enterprise\modules\ext\glassfish-jspparser-4.0.jar;C:\Program Files\NetBeans-12.6\netbeansrr\enterprise\modules\ext\jstl-impl.jar;C:\Program Files\NetBeans-12.6\netbeansrr\enterprise\modules\ext\jsf-2_2\javax.faces.jar" />
    <property name="libs.jsp-compilation.classpath" value="C:\Program Files\NetBeans-12.6\netbeansrr\extide\ant\lib\ant.jar;C:\Program Files\NetBeans-12.6\netbeansrr\enterprise\modules\ext\servlet3.1-jsp2.3-api.jar;C:\Program Files\NetBeans-12.6\netbeansrr\enterprise\modules\ext\glassfish-jspparser-4.0.jar;C:\Program Files\NetBeans-12.6\netbeansrr\enterprise\modules\ext\jsf-2_2\javax.faces.jar;C:\Program Files\NetBeans-12.6\netbeansrr\enterprise\modules\ext\jstl-api.jar;C:\Program Files\NetBeans-12.6\netbeansrr\extide\ant\lib\ant-launcher.jar" />
    <property name="file.reference.selenium-devtools-v85-4.19.0.jar" value="C:\Users\admin\Desktop\selenium-devtools-v85-4.19.0.jar" />
    <property name="file.reference.selenium-devtools-v123-4.19.0.jar" value="C:\Users\admin\Desktop\selenium-devtools-v123-4.19.0.jar" />
    <property name="libs.javaee-api-6.0.classpath" value="C:\Program Files\NetBeans-12.6\netbeansrr\enterprise\modules\ext\javaee-api-6.0.jar" />
    <property name="javac.includesfile.binary" value="Y:\BL4\DuAn1\PRO1041_SD18307_Yennthph31906\null356807149" />
    <property name="libs.javaee-api-7.0.classpath" value="C:\Program Files\NetBeans-12.6\netbeansrr\enterprise\modules\ext\javaee-api-7.0.jar" />
    <property name="file.reference.selenium-firefox-driver-4.19.0-sources.jar" value="C:\Users\admin\Desktop\selenium-firefox-driver-4.19.0-sources.jar" />
    <property name="sun.cpu.isalist" value="amd64" />
    <property name="file.reference.mssql-jdbc-10.2.3.jre17.jar-1" value="C:\Users\admin\Documents\mssql-jdbc-10.2.3.jre17.jar" />
    <property name="libs.restapi.maven-pom" value="" />
    <property name="do.depend" value="false" />
    <property name="javadoc.preview" value="true" />
    <property name="sun.arch.data.model" value="64" />
    <property name="libs.jakartaee-web-api-9.0.maven-pom" value="" />
    <property name="nb.show.statistics.ui" value="usageStatisticsEnabled" />
    <property name="libs.javaee-endorsed-api-7.0.src" value="" />
    <property name="file.reference.commons-codec-1.11.jar" value="D:\2. FPT Polytechnic\1. JAVA 1-6\Java3\JDBC Library\apache_poi\commons-codec-1.11.jar" />
    <property name="file.reference.activation-1.1.jar-1" value="E:\OneDrive\Máy tính\lib\lib\activation-1.1.jar" />
    <property name="file.reference.activation-1.1.jar-2" value="C:\Users\Admin\Documents\NetBeansProjects\jar_files\activation-1.1.jar" />
    <property name="file.reference.activation-1.1.jar-3" value="D:\duanNho\duan1.1\lib\activation-1.1.jar" />
    <property name="file.reference.activation-1.1.jar-4" value="lib\activation-1.1.jar" />
    <property name="annotation.processing.enabled" value="true" />
    <property name="libs.junit_5.src" value="C:\Program Files\NetBeans-12.6\netbeansrr\platform\docs\junit-jupiter-api-5.6.0-sources.jar;C:\Program Files\NetBeans-12.6\netbeansrr\platform\docs\junit-jupiter-params-5.6.0-sources.jar;C:\Program Files\NetBeans-12.6\netbeansrr\platform\docs\junit-jupiter-engine-5.6.0-sources.jar" />
    <property name="libs.jaxb.classpath" value="C:\Program Files\NetBeans-12.6\netbeansrr\ide\modules\ext\jaxb\jaxb-impl.jar;C:\Program Files\NetBeans-12.6\netbeansrr\ide\modules\ext\jaxb\jaxb-xjc.jar;C:\Program Files\NetBeans-12.6\netbeansrr\ide\modules\ext\jaxb\activation.jar;C:\Program Files\NetBeans-12.6\netbeansrr\ide\modules\ext\jaxb\api\jaxb-api.jar" />
    <property name="file.reference.commons-logging-1.2.jar" value="E:\OneDrive\Máy tính\lib\lib\commons-logging-1.2.jar" />
    <property name="libs.javaee-api-8.0.classpath" value="C:\Program Files\NetBeans-12.6\netbeansrr\enterprise\modules\ext\javaee-api-8.0.jar" />
    <property name="file.reference.commons-io-2.11.0.jar-2" value="lib\commons-io-2.11.0.jar" />
    <property name="file.reference.commons-io-2.11.0.jar-1" value="D:\duanNho\duan1.1\lib\commons-io-2.11.0.jar" />
    <property name="file.reference.selenium-chromium-driver-4.19.0.jar" value="C:\Users\admin\Desktop\selenium-chromium-driver-4.19.0.jar" />
    <property name="libs.CopyLibs.src" value="" />
    <property name="file.reference.webcam-capture-0.3.12.jar-2" value="lib\webcam-capture-0.3.12.jar" />
    <property name="file.reference.mssql-jdbc-11.2.3.jre17.jar" value="D:\2. FPT Polytechnic\1. JAVA 1-6\Java3\JDBC Library\mssql-jdbc-11.2.3.jre17.jar" />
    <property name="file.reference.selenium-devtools-v123-4.19.0-sources.jar" value="C:\Users\admin\Desktop\selenium-devtools-v123-4.19.0-sources.jar" />
    <property name="file.reference.commons-collections4-4.2.jar-4" value="lib\commons-collections4-4.2.jar" />
    <property name="file.reference.commons-collections4-4.2.jar-2" value="C:\Users\Admin\Documents\NetBeansProjects\Long_lib\Long_lib\commons-collections4-4.2.jar" />
    <property name="file.reference.commons-collections4-4.2.jar-3" value="D:\duanNho\duan1.1\lib\commons-collections4-4.2.jar" />
    <property name="java.specification.vendor" value="Oracle Corporation" />
    <property name="javac.source" value="1.8" />
    <property name="file.reference.commons-collections4-4.2.jar-1" value="E:\OneDrive\Máy tính\lib\lib\commons-collections4-4.2.jar" />
    <property name="java.version.date" value="2023-04-18" />
    <property name="java.home" value="C:\Program Files\Java\jdk-17" />
    <property name="file.reference.selenium-http-4.19.0-sources.jar" value="C:\Users\admin\Desktop\selenium-http-4.19.0-sources.jar" />
    <property name="work.dir" value="Y:\BL4\DuAn1\PRO1041_SD18307_Yennthph31906" />
    <property name="javac.test.compilerargs" value="" />
    <property name="jna.boot.library.name" value="jnidispatch-nb" />
    <property name="libs.PostgreSQLDriver.classpath" value="C:\Program Files\NetBeans-12.6\netbeansrr\ide\modules\ext\postgresql-42.2.16.jar" />
    <property name="libs.graaljs.javadoc" value="" />
    <property name="libs.spring-webmvc3.0.javadoc" value="" />
    <property name="file.reference.selenium-safari-driver-4.19.0-sources.jar" value="C:\Users\admin\Desktop\selenium-safari-driver-4.19.0-sources.jar" />
    <property name="libs.JAXB-ENDORSED.src" value="" />
    <property name="file.reference.webcam-capture-0.3.12.jar-1" value="D:\duanNho\duan1.1\lib\webcam-capture-0.3.12.jar" />
    <property name="file.reference.jsvg-1.2.0.jar" value="lib\jsvg-1.2.0.jar" />
    <property name="user.script" value="" />
    <property name="manifest.encoding" value="UTF-8" />
    <property name="sun.management.compiler" value="HotSpot 64-Bit Tiered Compilers" />
    <property name="libs.spring-framework400.src" value="" />
    <property name="run.test.modulepath" value="" />
    <property name="libs.javaee-web-api-6.0.classpath" value="C:\Program Files\NetBeans-12.6\netbeansrr\enterprise\modules\ext\javaee-web-api-6.0.jar" />
    <property name="libs.graaljs.classpath" value="C:\Program Files\NetBeans-12.6\netbeansrr\webcommon\modules\ext\js-20.3.0.jar;C:\Program Files\NetBeans-12.6\netbeansrr\webcommon\modules\ext\js-launcher-20.3.0.jar;C:\Program Files\NetBeans-12.6\netbeansrr\webcommon\modules\ext\regex-20.3.0.jar;C:\Program Files\NetBeans-12.6\netbeansrr\webcommon\modules\ext\icu4j-67.1.jar;C:\Program Files\NetBeans-12.6\netbeansrr\ide\modules\ext\graal-sdk-20.3.0.jar;C:\Program Files\NetBeans-12.6\netbeansrr\ide\modules\ext\launcher-common-20.3.0.jar;C:\Program Files\NetBeans-12.6\netbeansrr\ide\modules\ext\truffle-api-20.3.0.jar" />
    <property name="libs.jsp-compiler.javadoc" value="" />
    <property name="debug.test.modulepath" value="" />
    <property name="libs.javaee-web-api-7.0.classpath" value="C:\Program Files\NetBeans-12.6\netbeansrr\enterprise\modules\ext\javaee-web-api-7.0.jar" />
    <property name="file.reference.poi-ooxml-schemas-4.0.1.jar-1" value="E:\OneDrive\Máy tính\lib\lib\poi-ooxml-schemas-4.0.1.jar" />
    <property name="file.reference.poi-ooxml-schemas-4.0.1.jar-2" value="C:\Users\Admin\Documents\NetBeansProjects\Long_lib\Long_lib\poi-ooxml-schemas-4.0.1.jar" />
    <property name="file.reference.poi-ooxml-schemas-4.0.1.jar-3" value="D:\duanNho\duan1.1\lib\poi-ooxml-schemas-4.0.1.jar" />
    <property name="file.reference.poi-ooxml-schemas-4.0.1.jar-4" value="lib\poi-ooxml-schemas-4.0.1.jar" />
    <property name="file.encoding" value="Cp1252" />
    <property name="java.util.logging.config.class" value="org.netbeans.core.startup.TopLogging" />
    <property name="file.reference.jgoodies-common-1.2.0.jar" value="E:\OneDrive\Máy tính\lib\lib\jgoodies-common-1.2.0.jar" />
    <property name="https.nonProxyHosts" value="localhost|127.0.0.1|HaiYen" />
    <property name="libs.restlib.javadoc" value="" />
    <property name="libs.absolutelayout.classpath" value="C:\Program Files\NetBeans-12.6\netbeansrr\java\modules\ext\AbsoluteLayout.jar" />
    <property name="file.reference.kernel-7.0.2.jar-1" value="D:\duanNho\duan1.1\lib\kernel-7.0.2.jar" />
    <property name="file.reference.slf4j-api-1.7.13.jar" value="E:\OneDrive\Máy tính\thuvienxuathoadonpdf\slf4j-api-1.7.13.jar" />
    <property name="do.archive" value="true" />
    <property name="file.reference.kernel-7.0.2.jar-2" value="lib\kernel-7.0.2.jar" />
    <property name="libs.struts.maven-pom" value="" />
    <property name="built-jar.properties" value="Y:\BL4\DuAn1\PRO1041_SD18307_Yennthph31906\build\built-jar.properties" />
    <property name="file.reference.selenium-edge-driver-4.19.0.jar" value="C:\Users\admin\Desktop\selenium-edge-driver-4.19.0.jar" />
    <property name="file.reference.slf4j-api-1.7.13.jar-1" value="D:\duanNho\duan1.1\lib\slf4j-api-1.7.13.jar" />
    <property name="nb.native.filechooser" value="false" />
    <property name="file.reference.slf4j-api-1.7.13.jar-2" value="lib\slf4j-api-1.7.13.jar" />
    <property name="libs.testng.src" value="" />
    <property name="libs.javaee-web-api-8.0.classpath" value="C:\Program Files\NetBeans-12.6\netbeansrr\enterprise\modules\ext\javaee-web-api-8.0.jar" />
    <property name="platform.active" value="default_platform" />
    <property name="manifest.file" value="manifest.mf" />
    <property name="file.reference.selenium-support-4.19.0.jar" value="C:\Users\admin\Desktop\selenium-support-4.19.0.jar" />
    <property name="sun.io.unicode.encoding" value="UnicodeLittle" />
    <property name="libs.struts.javadoc" value="C:\Program Files\NetBeans-12.6\netbeansrr\enterprise\docs\struts-1.3.10-javadoc.zip" />
    <property name="file.reference.commons-codec-1.15.jar-1" value="D:\duanNho\duan1.1\lib\commons-codec-1.15.jar" />
    <property name="default.javac.source" value="17" />
    <property name="libs.javaee-web-api-8.0.javadoc" value="C:\Program Files\NetBeans-12.6\netbeansrr\enterprise\docs\javaee-doc-api.jar" />
    <property name="netbeans.dynamic.classpath" value="C:\Program Files\NetBeans-12.6\netbeansrr\platform\core\asm-9.2.jar;C:\Program Files\NetBeans-12.6\netbeansrr\platform\core\asm-commons-9.2.jar;C:\Program Files\NetBeans-12.6\netbeansrr\platform\core\asm-tree-9.2.jar;C:\Program Files\NetBeans-12.6\netbeansrr\platform\core\core-base.jar;C:\Program Files\NetBeans-12.6\netbeansrr\platform\core\core.jar;C:\Program Files\NetBeans-12.6\netbeansrr\platform\core\org-netbeans-libs-asm.jar;C:\Program Files\NetBeans-12.6\netbeansrr\platform\core\org-openide-filesystems-compat8.jar;C:\Program Files\NetBeans-12.6\netbeansrr\platform\core\org-openide-filesystems.jar;C:\Program Files\NetBeans-12.6\netbeansrr\nb\core\org-netbeans-upgrader.jar;C:\Program Files\NetBeans-12.6\netbeansrr\nb\core\locale\core_nb.jar" />
    <property name="libs.eclipselinkmodelgen.classpath" value="C:\Program Files\NetBeans-12.6\netbeansrr\java\modules\ext\eclipselink\org.eclipse.persistence.jpa.modelgen.processor-2.7.9.jar" />
    <property name="file.reference.selenium-os-4.19.0-sources.jar" value="C:\Users\admin\Desktop\selenium-os-4.19.0-sources.jar" />
    <property name="file.reference.commons-codec-1.15.jar-2" value="lib\commons-codec-1.15.jar" />
    <property name="file.reference.mssql-jdbc-10.2.3.jre17.jar" value="..\..\..\Documents\sqljdbc_10.2\enu\mssql-jdbc-10.2.3.jre17.jar" />
    <property name="netbeans.buildnumber" value="12.6-9cacf1fd305b775b176576c8b633b10b73524861" />
    <property name="php.global.include.path" value="" />
    <property name="endorsed.classpath.cmd.line.arg" value="" />
    <property name="libs.jpa20-persistence.maven-pom" value="" />
    <property name="os.name" value="Windows 10" />
    <property name="libs.CopyLibs.maven-pom" value="" />
    <property name="build.sysclasspath" value="ignore" />
    <property name="libs.jakartaee-api-8.0.maven-pom" value="" />
    <property name="jdkBug6558476" value="false" />
    <property name="javadoc.author" value="false" />
    <property name="http.nonProxyHosts" value="localhost|127.0.0.1|HaiYen" />
    <property name="file.reference.poi-ooxml-schemas-4.0.1.jar" value="D:\2. FPT Polytechnic\1. JAVA 1-6\Java3\JDBC Library\apache_poi\poi-ooxml-schemas-4.0.1.jar" />
    <property name="main.class" value="com.poly.Application" />
    <property name="libs.jsp-compilation-syscp.javadoc" value="" />
    <property name="source.encoding" value="UTF-8" />
    <property name="jar.compress" value="false" />
    <property name="libs.javaee-api-7.0.javadoc" value="C:\Program Files\NetBeans-12.6\netbeansrr\enterprise\docs\javaee-doc-api.jar" />
    <property name="libs.spring-webmvc5.0.src" value="" />
    <property name="libs.jsf20.maven-pom" value="" />
    <property name="file.reference.core-3.5.0.jar" value="lib\core-3.5.0.jar" />
    <property name="libs.restlib.classpath" value="C:\Program Files\NetBeans-12.6\netbeansrr\enterprise\modules\ext\jersey2\ext\jakarta.annotation-api-1.3.5.jar;C:\Program Files\NetBeans-12.6\netbeansrr\enterprise\modules\ext\jersey2\ext\jakarta.persistence-api-2.2.3.jar;C:\Program Files\NetBeans-12.6\netbeansrr\enterprise\modules\ext\jersey2\ext\jakarta.servlet-api-4.0.4.jar;C:\Program Files\NetBeans-12.6\netbeansrr\enterprise\modules\ext\jersey2\ext\jakarta.validation-api-2.0.2.jar;C:\Program Files\NetBeans-12.6\netbeansrr\enterprise\modules\ext\jersey2\ext\jakarta.xml.bind-api-2.3.3.jar;C:\Program Files\NetBeans-12.6\netbeansrr\enterprise\modules\ext\jersey2\jersey-client.jar;C:\Program Files\NetBeans-12.6\netbeansrr\enterprise\modules\ext\jersey2\jersey-common.jar;C:\Program Files\NetBeans-12.6\netbeansrr\enterprise\modules\ext\jersey2\jersey-server.jar;C:\Program Files\NetBeans-12.6\netbeansrr\enterprise\modules\ext\jersey2\ext\jersey-entity-filtering-2.34.jar;C:\Program Files\NetBeans-12.6\netbeansrr\enterprise\modules\ext\jersey2\ext\jersey-hk2-2.34.jar;C:\Program Files\NetBeans-12.6\netbeansrr\enterprise\modules\ext\jersey2\ext\jersey-media-moxy-2.34.jar;C:\Program Files\NetBeans-12.6\netbeansrr\enterprise\modules\ext\jersey2\jersey-container-servlet.jar;C:\Program Files\NetBeans-12.6\netbeansrr\enterprise\modules\ext\jersey2\jersey-container-servlet-core.jar;C:\Program Files\NetBeans-12.6\netbeansrr\enterprise\modules\ext\jersey2\ext\hk2-api-2.6.1.jar;C:\Program Files\NetBeans-12.6\netbeansrr\enterprise\modules\ext\jersey2\ext\hk2-locator-2.6.1.jar;C:\Program Files\NetBeans-12.6\netbeansrr\enterprise\modules\ext\jersey2\ext\hk2-utils-2.6.1.jar;C:\Program Files\NetBeans-12.6\netbeansrr\enterprise\modules\ext\jersey2\ext\jakarta.inject-2.6.1.jar;C:\Program Files\NetBeans-12.6\netbeansrr\enterprise\modules\ext\jersey2\ext\aopalliance-repackaged-2.6.1.jar;C:\Program Files\NetBeans-12.6\netbeansrr\enterprise\modules\ext\jersey2\ext\osgi.core-8.0.0.jar;C:\Program Files\NetBeans-12.6\netbeansrr\enterprise\modules\ext\jersey2\ext\osgi-resource-locator-1.0.3.jar;C:\Program Files\NetBeans-12.6\netbeansrr\java\modules\ext\eclipselink\org.eclipse.persistence.core-2.7.9.jar;C:\Program Files\NetBeans-12.6\netbeansrr\java\modules\ext\eclipselink\org.eclipse.persistence.asm-9.1.0.jar;C:\Program Files\NetBeans-12.6\netbeansrr\java\modules\ext\eclipselink\org.eclipse.persistence.antlr-2.7.9.jar;C:\Program Files\NetBeans-12.6\netbeansrr\java\modules\ext\eclipselink\org.eclipse.persistence.jpa-2.7.9.jar;C:\Program Files\NetBeans-12.6\netbeansrr\java\modules\ext\eclipselink\org.eclipse.persistence.jpa.jpql-2.7.9.jar;C:\Program Files\NetBeans-12.6\netbeansrr\java\modules\ext\eclipselink\org.eclipse.persistence.moxy-2.7.9.jar" />
    <property name="libs.jakartaee-web-api-8.0.javadoc" value="C:\Program Files\NetBeans-12.6\netbeansrr\enterprise\docs\jakartaee8-doc-api.jar" />
    <property name="apple.awt.graphics.UseQuartz" value="true" />
    <property name="libs.graaljs.src" value="" />
    <property name="file.reference.selenium-manager-4.19.0.jar" value="C:\Users\admin\Desktop\selenium-manager-4.19.0.jar" />
    <property name="run.jvmargs" value="" />
    <property name="libs.primefaces.src" value="" />
    <property name="file.reference.selenium-ie-driver-4.19.0-sources.jar" value="C:\Users\admin\Desktop\selenium-ie-driver-4.19.0-sources.jar" />
    <property name="file.reference.javase-3.3.0.jar" value="C:\Users\Admin\Documents\NetBeansProjects\Long_lib\Long_lib\javase-3.3.0.jar" />
    <property name="ant.file" value="Y:\BL4\DuAn1\PRO1041_SD18307_Yennthph31906\build.xml" />
    <property name="file.reference.jcalendar-1.4.jar" value="D:\2. FPT Polytechnic\1. JAVA 1-6\Java3\JDBC Library\jcalendar-1.4\lib\jcalendar-1.4.jar" />
    <property name="libs.struts.src" value="" />
    <property name="path.separator" value=";" />
    <property name="libs.JAXB-ENDORSED.classpath" value="C:\Program Files\NetBeans-12.6\netbeansrr\ide\modules\ext\jaxb\api\jaxb-api.jar" />
    <property name="libs.restlib.src" value="" />
    <property name="build.test.results.dir" value="build/test/results" />
    <property name="libs.jaxws21.javadoc" value="C:\Program Files\NetBeans-12.6\netbeansrr\java\docs\jaxws-api-doc.zip" />
    <property name="libs.spring-framework400.maven-pom" value="" />
    <property name="libs.javaee-endorsed-api-6.0.javadoc" value="C:\Program Files\NetBeans-12.6\netbeansrr\enterprise\docs\javaee-doc-api.jar" />
    <property name="ap.processors.internal" value="" />
    <property name="ant.file.type.phanmembantui" value="file" />
    <property name="libs.spring-webmvc5.0.javadoc" value="" />
    <property name="libs.jsf12.classpath" value="C:\Program Files\NetBeans-12.6\netbeansrr\enterprise\modules\ext\jsf-1_2\jsf-api.jar;C:\Program Files\NetBeans-12.6\netbeansrr\enterprise\modules\ext\jsf-1_2\jsf-impl.jar" />
    <property name="libs.spring-framework400.javadoc" value="" />
    <property name="libs.hamcrest.javadoc" value="" />
    <property name="file.reference.xmlbeans-3.0.2.jar" value="D:\2. FPT Polytechnic\1. JAVA 1-6\Java3\JDBC Library\apache_poi\xmlbeans-3.0.2.jar" />
    <property name="java.vm.info" value="mixed mode, sharing" />
    <property name="file.reference.selenium-json-4.19.0-sources.jar" value="C:\Users\admin\Desktop\selenium-json-4.19.0-sources.jar" />
    <property name="libs.primefaces.classpath" value="C:\Program Files\NetBeans-12.6\netbeansrr\enterprise\modules\ext\primefaces\primefaces-5.0.jar" />
    <property name="libs.jaxws21.maven-pom" value="" />
    <property name="run.test.classpath" value="lib\flatlaf-3.2.jar:lib\flatlaf-extras-3.2.jar:lib\flatlaf-fonts-roboto-2.137.jar:lib\swing-toast-notifications-1.0.1.jar:lib\jsvg-1.2.0.jar:C:\Users\Admin\Documents\NetBeansProjects\mssql-jdbc-7.2.2.jre8.jar:D:\2. FPT Polytechnic\1. JAVA 1-6\Java3\JDBC Library\mssql-jdbc-11.2.3.jre17.jar:D:\2. FPT Polytechnic\1. JAVA 1-6\Java3\JDBC Library\jcalendar-1.4\lib\jcalendar-1.4.jar:C:\Users\ThinkPad\Desktop\Hung_DuAn1\jar_files\activation-1.1.jar:C:\Users\ThinkPad\Desktop\Hung_DuAn1\jar_files\javax.mail-1.6.1.jar:D:\2. FPT Polytechnic\1. JAVA 1-6\Java3\JDBC Library\apache_poi\commons-codec-1.11.jar:D:\2. FPT Polytechnic\1. JAVA 1-6\Java3\JDBC Library\apache_poi\commons-collections4-4.2.jar:D:\2. FPT Polytechnic\1. JAVA 1-6\Java3\JDBC Library\apache_poi\commons-compress-1.18.jar:D:\2. FPT Polytechnic\1. JAVA 1-6\Java3\JDBC Library\apache_poi\poi-4.0.1.jar:D:\2. FPT Polytechnic\1. JAVA 1-6\Java3\JDBC Library\apache_poi\poi-ooxml-4.0.1.jar:D:\2. FPT Polytechnic\1. JAVA 1-6\Java3\JDBC Library\apache_poi\poi-ooxml-schemas-4.0.1.jar:D:\2. FPT Polytechnic\1. JAVA 1-6\Java3\JDBC Library\apache_poi\xmlbeans-3.0.2.jar:lib\core-3.5.0.jar:lib\javase-3.5.0.jar:E:\OneDrive\Máy tính\lib\lib\activation-1.1.jar:E:\OneDrive\Máy tính\lib\lib\commons-codec-1.11.jar:E:\OneDrive\Máy tính\lib\lib\commons-codec-1.15.jar:E:\OneDrive\Máy tính\lib\lib\commons-collections4-4.2.jar:E:\OneDrive\Máy tính\lib\lib\commons-collections4-4.4.jar:E:\OneDrive\Máy tính\lib\lib\commons-compress-1.18.jar:E:\OneDrive\Máy tính\lib\lib\commons-compress-1.21.jar:E:\OneDrive\Máy tính\lib\lib\commons-io-2.11.0.jar:E:\OneDrive\Máy tính\lib\lib\commons-logging-1.2.jar:E:\OneDrive\Máy tính\lib\lib\commons-math3-3.6.1.jar:E:\OneDrive\Máy tính\lib\lib\core-3.5.0.jar:E:\OneDrive\Máy tính\lib\lib\flatlaf-3.2.jar:E:\OneDrive\Máy tính\lib\lib\flatlaf-extras-3.2.jar:E:\OneDrive\Máy tính\lib\lib\flatlaf-fonts-roboto-2.137.jar:E:\OneDrive\Máy tính\lib\lib\javase-3.5.0.jar:E:\OneDrive\Máy tính\lib\lib\javax.mail-1.6.1.jar:E:\OneDrive\Máy tính\lib\lib\jcalendar-1.4.jar:E:\OneDrive\Máy tính\lib\lib\jgoodies-common-1.2.0.jar:E:\OneDrive\Máy tính\lib\lib\jgoodies-looks-2.4.1.jar:E:\OneDrive\Máy tính\lib\lib\jsvg-1.2.0.jar:E:\OneDrive\Máy tính\lib\lib\junit-4.6.jar:E:\OneDrive\Máy tính\lib\lib\log4j-1.2.17.jar:E:\OneDrive\Máy tính\lib\lib\log4j-api-2.17.2.jar:E:\OneDrive\Máy tính\lib\lib\log4j-core-2.17.2.jar:E:\OneDrive\Máy tính\lib\lib\poi-4.0.1.jar:E:\OneDrive\Máy tính\lib\lib\poi-ooxml-4.0.1.jar:E:\OneDrive\Máy tính\lib\lib\poi-ooxml-schemas-4.0.1.jar:E:\OneDrive\Máy tính\lib\lib\swing-toast-notifications-1.0.1.jar:E:\OneDrive\Máy tính\lib\lib\xmlbeans-3.0.2.jar:C:\Program Files\NetBeans-12.6\netbeansrr\java\modules\ext\AbsoluteLayout.jar:E:\OneDrive\Máy tính\thuvienxuathoadonpdf\io-7.0.2.jar:E:\OneDrive\Máy tính\thuvienxuathoadonpdf\itextpdf-5.5.13.3.jar:E:\OneDrive\Máy tính\thuvienxuathoadonpdf\kernel-7.0.2.jar:E:\OneDrive\Máy tính\thuvienxuathoadonpdf\layout-7.0.2.jar:E:\OneDrive\Máy tính\thuvienxuathoadonpdf\slf4j-api-1.7.13.jar:E:\OneDrive\Máy tính\thuvienxuathoadonpdf\slf4j-api-1.7.36.jar:C:\Users\Admin\Documents\NetBeansProjects\jar_files\activation-1.1.jar:C:\Users\Admin\Documents\NetBeansProjects\jar_files\javax.mail-1.6.1.jar:C:\Users\Admin\Documents\NetBeansProjects\jar_files\jfreechart-1.5.0.jar:C:\Users\Admin\Documents\NetBeansProjects\Long_lib\Long_lib\AbsoluteLayout.jar:C:\Users\Admin\Documents\NetBeansProjects\Long_lib\Long_lib\bridj-0.6.2-windows-only.jar:C:\Users\Admin\Documents\NetBeansProjects\Long_lib\Long_lib\commons-codec-1.11.jar:C:\Users\Admin\Documents\NetBeansProjects\Long_lib\Long_lib\commons-collections4-4.2.jar:C:\Users\Admin\Documents\NetBeansProjects\Long_lib\Long_lib\commons-compress-1.18.jar:C:\Users\Admin\Documents\NetBeansProjects\Long_lib\Long_lib\core-3.3.0.jar:C:\Users\Admin\Documents\NetBeansProjects\Long_lib\Long_lib\core-3.5.0.jar:C:\Users\Admin\Documents\NetBeansProjects\Long_lib\Long_lib\javase-3.3.0.jar:C:\Users\Admin\Documents\NetBeansProjects\Long_lib\Long_lib\javase-3.5.0.jar:C:\Users\Admin\Documents\NetBeansProjects\Long_lib\Long_lib\log4j-1.2.17.jar:C:\Users\Admin\Documents\NetBeansProjects\Long_lib\Long_lib\poi-4.0.1.jar:C:\Users\Admin\Documents\NetBeansProjects\Long_lib\Long_lib\poi-ooxml-4.0.1.jar:C:\Users\Admin\Documents\NetBeansProjects\Long_lib\Long_lib\poi-ooxml-schemas-4.0.1.jar:C:\Users\Admin\Documents\NetBeansProjects\Long_lib\Long_lib\slf4j-api-1.6.2.jar:C:\Users\Admin\Documents\NetBeansProjects\Long_lib\Long_lib\slf4j-log4j12-1.6.2.jar:C:\Users\Admin\Documents\NetBeansProjects\Long_lib\Long_lib\webcam-capture-0.3.12.jar:C:\Users\Admin\Documents\NetBeansProjects\Long_lib\Long_lib\xmlbeans-3.0.2.jar:D:\duanNho\duan1.1\lib\AbsoluteLayout.jar:D:\duanNho\duan1.1\lib\activation-1.1.jar:D:\duanNho\duan1.1\lib\bridj-0.6.2-windows-only.jar:D:\duanNho\duan1.1\lib\commons-codec-1.11.jar:D:\duanNho\duan1.1\lib\commons-codec-1.15.jar:D:\duanNho\duan1.1\lib\commons-collections4-4.2.jar:D:\duanNho\duan1.1\lib\commons-collections4-4.4.jar:D:\duanNho\duan1.1\lib\commons-compress-1.18.jar:D:\duanNho\duan1.1\lib\commons-compress-1.21.jar:D:\duanNho\duan1.1\lib\commons-io-2.11.0.jar:D:\duanNho\duan1.1\lib\commons-logging-1.2.jar:D:\duanNho\duan1.1\lib\commons-math3-3.6.1.jar:D:\duanNho\duan1.1\lib\core-3.3.0.jar:D:\duanNho\duan1.1\lib\core-3.5.0.jar:D:\duanNho\duan1.1\lib\flatlaf-3.2.jar:D:\duanNho\duan1.1\lib\flatlaf-extras-3.2.jar:D:\duanNho\duan1.1\lib\flatlaf-fonts-roboto-2.137.jar:D:\duanNho\duan1.1\lib\io-7.0.2.jar:D:\duanNho\duan1.1\lib\itextpdf-5.5.13.3.jar:D:\duanNho\duan1.1\lib\javase-3.3.0.jar:D:\duanNho\duan1.1\lib\javase-3.5.0.jar:D:\duanNho\duan1.1\lib\javax.mail-1.6.1.jar:D:\duanNho\duan1.1\lib\jcalendar-1.4.jar:D:\duanNho\duan1.1\lib\jfreechart-1.5.0.jar:D:\duanNho\duan1.1\lib\jgoodies-common-1.2.0.jar:D:\duanNho\duan1.1\lib\jgoodies-looks-2.4.1.jar:D:\duanNho\duan1.1\lib\jsvg-1.2.0.jar:D:\duanNho\duan1.1\lib\junit-4.6.jar:D:\duanNho\duan1.1\lib\kernel-7.0.2.jar:D:\duanNho\duan1.1\lib\layout-7.0.2.jar:D:\duanNho\duan1.1\lib\log4j-1.2.17.jar:D:\duanNho\duan1.1\lib\log4j-api-2.17.2.jar:D:\duanNho\duan1.1\lib\log4j-core-2.17.2.jar:D:\duanNho\duan1.1\lib\mssql-jdbc-7.2.2.jre8.jar:D:\duanNho\duan1.1\lib\poi-4.0.1.jar:D:\duanNho\duan1.1\lib\poi-ooxml-4.0.1.jar:D:\duanNho\duan1.1\lib\poi-ooxml-schemas-4.0.1.jar:D:\duanNho\duan1.1\lib\slf4j-api-1.6.2.jar:D:\duanNho\duan1.1\lib\slf4j-api-1.7.13.jar:D:\duanNho\duan1.1\lib\slf4j-api-1.7.36.jar:D:\duanNho\duan1.1\lib\slf4j-log4j12-1.6.2.jar:D:\duanNho\duan1.1\lib\swing-toast-notifications-1.0.1.jar:D:\duanNho\duan1.1\lib\webcam-capture-0.3.12.jar:D:\duanNho\duan1.1\lib\xmlbeans-3.0.2.jar:lib\AbsoluteLayout.jar:lib\activation-1.1.jar:lib\bridj-0.6.2-windows-only.jar:lib\commons-codec-1.11.jar:lib\commons-codec-1.15.jar:lib\commons-collections4-4.2.jar:lib\commons-collections4-4.4.jar:lib\commons-compress-1.18.jar:lib\commons-compress-1.21.jar:lib\commons-io-2.11.0.jar:lib\commons-logging-1.2.jar:lib\commons-math3-3.6.1.jar:lib\core-3.3.0.jar:lib\io-7.0.2.jar:lib\itextpdf-5.5.13.3.jar:lib\javase-3.3.0.jar:lib\javax.mail-1.6.1.jar:lib\jcalendar-1.4.jar:lib\jfreechart-1.5.0.jar:lib\jgoodies-common-1.2.0.jar:lib\jgoodies-looks-2.4.1.jar:lib\junit-4.6.jar:lib\kernel-7.0.2.jar:lib\layout-7.0.2.jar:lib\log4j-1.2.17.jar:lib\log4j-api-2.17.2.jar:lib\log4j-core-2.17.2.jar:lib\mssql-jdbc-7.2.2.jre8.jar:lib\poi-4.0.1.jar:lib\poi-ooxml-4.0.1.jar:lib\poi-ooxml-schemas-4.0.1.jar:lib\slf4j-api-1.6.2.jar:lib\slf4j-api-1.7.13.jar:lib\slf4j-api-1.7.36.jar:lib\slf4j-log4j12-1.6.2.jar:lib\webcam-capture-0.3.12.jar:lib\xmlbeans-3.0.2.jar:..\..\..\Documents\sqljdbc_10.2\enu\mssql-jdbc-10.2.3.jre17.jar:C:\Users\admin\Desktop\selenium-api-4.19.0-sources.jar:C:\Users\admin\Desktop\selenium-api-4.19.0.jar:C:\Users\admin\Desktop\selenium-chrome-driver-4.19.0-sources.jar:C:\Users\admin\Desktop\selenium-chrome-driver-4.19.0.jar:C:\Users\admin\Desktop\selenium-chromium-driver-4.19.0-sources.jar:C:\Users\admin\Desktop\selenium-chromium-driver-4.19.0.jar:C:\Users\admin\Desktop\selenium-devtools-v121-4.19.0-sources.jar:C:\Users\admin\Desktop\selenium-devtools-v121-4.19.0.jar:C:\Users\admin\Desktop\selenium-devtools-v122-4.19.0-sources.jar:C:\Users\admin\Desktop\selenium-devtools-v122-4.19.0.jar:C:\Users\admin\Desktop\selenium-devtools-v123-4.19.0-sources.jar:C:\Users\admin\Desktop\selenium-devtools-v123-4.19.0.jar:C:\Users\admin\Desktop\selenium-devtools-v85-4.19.0-sources.jar:C:\Users\admin\Desktop\selenium-devtools-v85-4.19.0.jar:C:\Users\admin\Desktop\selenium-edge-driver-4.19.0-sources.jar:C:\Users\admin\Desktop\selenium-edge-driver-4.19.0.jar:C:\Users\admin\Desktop\selenium-firefox-driver-4.19.0-sources.jar:C:\Users\admin\Desktop\selenium-firefox-driver-4.19.0.jar:C:\Users\admin\Desktop\selenium-http-4.19.0-sources.jar:C:\Users\admin\Desktop\selenium-http-4.19.0.jar:C:\Users\admin\Desktop\selenium-ie-driver-4.19.0-sources.jar:C:\Users\admin\Desktop\selenium-ie-driver-4.19.0.jar:C:\Users\admin\Desktop\selenium-java-4.19.0-sources.jar:C:\Users\admin\Desktop\selenium-java-4.19.0.jar:C:\Users\admin\Desktop\selenium-json-4.19.0-sources.jar:C:\Users\admin\Desktop\selenium-json-4.19.0.jar:C:\Users\admin\Desktop\selenium-manager-4.19.0-sources.jar:C:\Users\admin\Desktop\selenium-manager-4.19.0.jar:C:\Users\admin\Desktop\selenium-os-4.19.0-sources.jar:C:\Users\admin\Desktop\selenium-os-4.19.0.jar:C:\Users\admin\Desktop\selenium-remote-driver-4.19.0-sources.jar:C:\Users\admin\Desktop\selenium-remote-driver-4.19.0.jar:C:\Users\admin\Desktop\selenium-safari-driver-4.19.0-sources.jar:C:\Users\admin\Desktop\selenium-safari-driver-4.19.0.jar:C:\Users\admin\Desktop\selenium-support-4.19.0-sources.jar:C:\Users\admin\Desktop\selenium-support-4.19.0.jar:C:\Users\admin\Documents\mssql-jdbc-10.2.3.jre17.jar:D:\Download\hamcrest-core-1.3-javadoc.jar:D:\Download\junit-4.13.2-javadoc.jar:build/classes:build/test/classes" />
    <property name="dist.jlink.output" value="dist/jlink/phanmembantui" />
    <property name="java.class.version" value="61.0" />
    <property name="javadoc.encoding.used" value="UTF-8" />
    <property name="src.dir" value="src" />
    <property name="debug.classpath" value="lib\flatlaf-3.2.jar:lib\flatlaf-extras-3.2.jar:lib\flatlaf-fonts-roboto-2.137.jar:lib\swing-toast-notifications-1.0.1.jar:lib\jsvg-1.2.0.jar:C:\Users\Admin\Documents\NetBeansProjects\mssql-jdbc-7.2.2.jre8.jar:D:\2. FPT Polytechnic\1. JAVA 1-6\Java3\JDBC Library\mssql-jdbc-11.2.3.jre17.jar:D:\2. FPT Polytechnic\1. JAVA 1-6\Java3\JDBC Library\jcalendar-1.4\lib\jcalendar-1.4.jar:C:\Users\ThinkPad\Desktop\Hung_DuAn1\jar_files\activation-1.1.jar:C:\Users\ThinkPad\Desktop\Hung_DuAn1\jar_files\javax.mail-1.6.1.jar:D:\2. FPT Polytechnic\1. JAVA 1-6\Java3\JDBC Library\apache_poi\commons-codec-1.11.jar:D:\2. FPT Polytechnic\1. JAVA 1-6\Java3\JDBC Library\apache_poi\commons-collections4-4.2.jar:D:\2. FPT Polytechnic\1. JAVA 1-6\Java3\JDBC Library\apache_poi\commons-compress-1.18.jar:D:\2. FPT Polytechnic\1. JAVA 1-6\Java3\JDBC Library\apache_poi\poi-4.0.1.jar:D:\2. FPT Polytechnic\1. JAVA 1-6\Java3\JDBC Library\apache_poi\poi-ooxml-4.0.1.jar:D:\2. FPT Polytechnic\1. JAVA 1-6\Java3\JDBC Library\apache_poi\poi-ooxml-schemas-4.0.1.jar:D:\2. FPT Polytechnic\1. JAVA 1-6\Java3\JDBC Library\apache_poi\xmlbeans-3.0.2.jar:lib\core-3.5.0.jar:lib\javase-3.5.0.jar:E:\OneDrive\Máy tính\lib\lib\activation-1.1.jar:E:\OneDrive\Máy tính\lib\lib\commons-codec-1.11.jar:E:\OneDrive\Máy tính\lib\lib\commons-codec-1.15.jar:E:\OneDrive\Máy tính\lib\lib\commons-collections4-4.2.jar:E:\OneDrive\Máy tính\lib\lib\commons-collections4-4.4.jar:E:\OneDrive\Máy tính\lib\lib\commons-compress-1.18.jar:E:\OneDrive\Máy tính\lib\lib\commons-compress-1.21.jar:E:\OneDrive\Máy tính\lib\lib\commons-io-2.11.0.jar:E:\OneDrive\Máy tính\lib\lib\commons-logging-1.2.jar:E:\OneDrive\Máy tính\lib\lib\commons-math3-3.6.1.jar:E:\OneDrive\Máy tính\lib\lib\core-3.5.0.jar:E:\OneDrive\Máy tính\lib\lib\flatlaf-3.2.jar:E:\OneDrive\Máy tính\lib\lib\flatlaf-extras-3.2.jar:E:\OneDrive\Máy tính\lib\lib\flatlaf-fonts-roboto-2.137.jar:E:\OneDrive\Máy tính\lib\lib\javase-3.5.0.jar:E:\OneDrive\Máy tính\lib\lib\javax.mail-1.6.1.jar:E:\OneDrive\Máy tính\lib\lib\jcalendar-1.4.jar:E:\OneDrive\Máy tính\lib\lib\jgoodies-common-1.2.0.jar:E:\OneDrive\Máy tính\lib\lib\jgoodies-looks-2.4.1.jar:E:\OneDrive\Máy tính\lib\lib\jsvg-1.2.0.jar:E:\OneDrive\Máy tính\lib\lib\junit-4.6.jar:E:\OneDrive\Máy tính\lib\lib\log4j-1.2.17.jar:E:\OneDrive\Máy tính\lib\lib\log4j-api-2.17.2.jar:E:\OneDrive\Máy tính\lib\lib\log4j-core-2.17.2.jar:E:\OneDrive\Máy tính\lib\lib\poi-4.0.1.jar:E:\OneDrive\Máy tính\lib\lib\poi-ooxml-4.0.1.jar:E:\OneDrive\Máy tính\lib\lib\poi-ooxml-schemas-4.0.1.jar:E:\OneDrive\Máy tính\lib\lib\swing-toast-notifications-1.0.1.jar:E:\OneDrive\Máy tính\lib\lib\xmlbeans-3.0.2.jar:C:\Program Files\NetBeans-12.6\netbeansrr\java\modules\ext\AbsoluteLayout.jar:E:\OneDrive\Máy tính\thuvienxuathoadonpdf\io-7.0.2.jar:E:\OneDrive\Máy tính\thuvienxuathoadonpdf\itextpdf-5.5.13.3.jar:E:\OneDrive\Máy tính\thuvienxuathoadonpdf\kernel-7.0.2.jar:E:\OneDrive\Máy tính\thuvienxuathoadonpdf\layout-7.0.2.jar:E:\OneDrive\Máy tính\thuvienxuathoadonpdf\slf4j-api-1.7.13.jar:E:\OneDrive\Máy tính\thuvienxuathoadonpdf\slf4j-api-1.7.36.jar:C:\Users\Admin\Documents\NetBeansProjects\jar_files\activation-1.1.jar:C:\Users\Admin\Documents\NetBeansProjects\jar_files\javax.mail-1.6.1.jar:C:\Users\Admin\Documents\NetBeansProjects\jar_files\jfreechart-1.5.0.jar:C:\Users\Admin\Documents\NetBeansProjects\Long_lib\Long_lib\AbsoluteLayout.jar:C:\Users\Admin\Documents\NetBeansProjects\Long_lib\Long_lib\bridj-0.6.2-windows-only.jar:C:\Users\Admin\Documents\NetBeansProjects\Long_lib\Long_lib\commons-codec-1.11.jar:C:\Users\Admin\Documents\NetBeansProjects\Long_lib\Long_lib\commons-collections4-4.2.jar:C:\Users\Admin\Documents\NetBeansProjects\Long_lib\Long_lib\commons-compress-1.18.jar:C:\Users\Admin\Documents\NetBeansProjects\Long_lib\Long_lib\core-3.3.0.jar:C:\Users\Admin\Documents\NetBeansProjects\Long_lib\Long_lib\core-3.5.0.jar:C:\Users\Admin\Documents\NetBeansProjects\Long_lib\Long_lib\javase-3.3.0.jar:C:\Users\Admin\Documents\NetBeansProjects\Long_lib\Long_lib\javase-3.5.0.jar:C:\Users\Admin\Documents\NetBeansProjects\Long_lib\Long_lib\log4j-1.2.17.jar:C:\Users\Admin\Documents\NetBeansProjects\Long_lib\Long_lib\poi-4.0.1.jar:C:\Users\Admin\Documents\NetBeansProjects\Long_lib\Long_lib\poi-ooxml-4.0.1.jar:C:\Users\Admin\Documents\NetBeansProjects\Long_lib\Long_lib\poi-ooxml-schemas-4.0.1.jar:C:\Users\Admin\Documents\NetBeansProjects\Long_lib\Long_lib\slf4j-api-1.6.2.jar:C:\Users\Admin\Documents\NetBeansProjects\Long_lib\Long_lib\slf4j-log4j12-1.6.2.jar:C:\Users\Admin\Documents\NetBeansProjects\Long_lib\Long_lib\webcam-capture-0.3.12.jar:C:\Users\Admin\Documents\NetBeansProjects\Long_lib\Long_lib\xmlbeans-3.0.2.jar:D:\duanNho\duan1.1\lib\AbsoluteLayout.jar:D:\duanNho\duan1.1\lib\activation-1.1.jar:D:\duanNho\duan1.1\lib\bridj-0.6.2-windows-only.jar:D:\duanNho\duan1.1\lib\commons-codec-1.11.jar:D:\duanNho\duan1.1\lib\commons-codec-1.15.jar:D:\duanNho\duan1.1\lib\commons-collections4-4.2.jar:D:\duanNho\duan1.1\lib\commons-collections4-4.4.jar:D:\duanNho\duan1.1\lib\commons-compress-1.18.jar:D:\duanNho\duan1.1\lib\commons-compress-1.21.jar:D:\duanNho\duan1.1\lib\commons-io-2.11.0.jar:D:\duanNho\duan1.1\lib\commons-logging-1.2.jar:D:\duanNho\duan1.1\lib\commons-math3-3.6.1.jar:D:\duanNho\duan1.1\lib\core-3.3.0.jar:D:\duanNho\duan1.1\lib\core-3.5.0.jar:D:\duanNho\duan1.1\lib\flatlaf-3.2.jar:D:\duanNho\duan1.1\lib\flatlaf-extras-3.2.jar:D:\duanNho\duan1.1\lib\flatlaf-fonts-roboto-2.137.jar:D:\duanNho\duan1.1\lib\io-7.0.2.jar:D:\duanNho\duan1.1\lib\itextpdf-5.5.13.3.jar:D:\duanNho\duan1.1\lib\javase-3.3.0.jar:D:\duanNho\duan1.1\lib\javase-3.5.0.jar:D:\duanNho\duan1.1\lib\javax.mail-1.6.1.jar:D:\duanNho\duan1.1\lib\jcalendar-1.4.jar:D:\duanNho\duan1.1\lib\jfreechart-1.5.0.jar:D:\duanNho\duan1.1\lib\jgoodies-common-1.2.0.jar:D:\duanNho\duan1.1\lib\jgoodies-looks-2.4.1.jar:D:\duanNho\duan1.1\lib\jsvg-1.2.0.jar:D:\duanNho\duan1.1\lib\junit-4.6.jar:D:\duanNho\duan1.1\lib\kernel-7.0.2.jar:D:\duanNho\duan1.1\lib\layout-7.0.2.jar:D:\duanNho\duan1.1\lib\log4j-1.2.17.jar:D:\duanNho\duan1.1\lib\log4j-api-2.17.2.jar:D:\duanNho\duan1.1\lib\log4j-core-2.17.2.jar:D:\duanNho\duan1.1\lib\mssql-jdbc-7.2.2.jre8.jar:D:\duanNho\duan1.1\lib\poi-4.0.1.jar:D:\duanNho\duan1.1\lib\poi-ooxml-4.0.1.jar:D:\duanNho\duan1.1\lib\poi-ooxml-schemas-4.0.1.jar:D:\duanNho\duan1.1\lib\slf4j-api-1.6.2.jar:D:\duanNho\duan1.1\lib\slf4j-api-1.7.13.jar:D:\duanNho\duan1.1\lib\slf4j-api-1.7.36.jar:D:\duanNho\duan1.1\lib\slf4j-log4j12-1.6.2.jar:D:\duanNho\duan1.1\lib\swing-toast-notifications-1.0.1.jar:D:\duanNho\duan1.1\lib\webcam-capture-0.3.12.jar:D:\duanNho\duan1.1\lib\xmlbeans-3.0.2.jar:lib\AbsoluteLayout.jar:lib\activation-1.1.jar:lib\bridj-0.6.2-windows-only.jar:lib\commons-codec-1.11.jar:lib\commons-codec-1.15.jar:lib\commons-collections4-4.2.jar:lib\commons-collections4-4.4.jar:lib\commons-compress-1.18.jar:lib\commons-compress-1.21.jar:lib\commons-io-2.11.0.jar:lib\commons-logging-1.2.jar:lib\commons-math3-3.6.1.jar:lib\core-3.3.0.jar:lib\io-7.0.2.jar:lib\itextpdf-5.5.13.3.jar:lib\javase-3.3.0.jar:lib\javax.mail-1.6.1.jar:lib\jcalendar-1.4.jar:lib\jfreechart-1.5.0.jar:lib\jgoodies-common-1.2.0.jar:lib\jgoodies-looks-2.4.1.jar:lib\junit-4.6.jar:lib\kernel-7.0.2.jar:lib\layout-7.0.2.jar:lib\log4j-1.2.17.jar:lib\log4j-api-2.17.2.jar:lib\log4j-core-2.17.2.jar:lib\mssql-jdbc-7.2.2.jre8.jar:lib\poi-4.0.1.jar:lib\poi-ooxml-4.0.1.jar:lib\poi-ooxml-schemas-4.0.1.jar:lib\slf4j-api-1.6.2.jar:lib\slf4j-api-1.7.13.jar:lib\slf4j-api-1.7.36.jar:lib\slf4j-log4j12-1.6.2.jar:lib\webcam-capture-0.3.12.jar:lib\xmlbeans-3.0.2.jar:..\..\..\Documents\sqljdbc_10.2\enu\mssql-jdbc-10.2.3.jre17.jar:C:\Users\admin\Desktop\selenium-api-4.19.0-sources.jar:C:\Users\admin\Desktop\selenium-api-4.19.0.jar:C:\Users\admin\Desktop\selenium-chrome-driver-4.19.0-sources.jar:C:\Users\admin\Desktop\selenium-chrome-driver-4.19.0.jar:C:\Users\admin\Desktop\selenium-chromium-driver-4.19.0-sources.jar:C:\Users\admin\Desktop\selenium-chromium-driver-4.19.0.jar:C:\Users\admin\Desktop\selenium-devtools-v121-4.19.0-sources.jar:C:\Users\admin\Desktop\selenium-devtools-v121-4.19.0.jar:C:\Users\admin\Desktop\selenium-devtools-v122-4.19.0-sources.jar:C:\Users\admin\Desktop\selenium-devtools-v122-4.19.0.jar:C:\Users\admin\Desktop\selenium-devtools-v123-4.19.0-sources.jar:C:\Users\admin\Desktop\selenium-devtools-v123-4.19.0.jar:C:\Users\admin\Desktop\selenium-devtools-v85-4.19.0-sources.jar:C:\Users\admin\Desktop\selenium-devtools-v85-4.19.0.jar:C:\Users\admin\Desktop\selenium-edge-driver-4.19.0-sources.jar:C:\Users\admin\Desktop\selenium-edge-driver-4.19.0.jar:C:\Users\admin\Desktop\selenium-firefox-driver-4.19.0-sources.jar:C:\Users\admin\Desktop\selenium-firefox-driver-4.19.0.jar:C:\Users\admin\Desktop\selenium-http-4.19.0-sources.jar:C:\Users\admin\Desktop\selenium-http-4.19.0.jar:C:\Users\admin\Desktop\selenium-ie-driver-4.19.0-sources.jar:C:\Users\admin\Desktop\selenium-ie-driver-4.19.0.jar:C:\Users\admin\Desktop\selenium-java-4.19.0-sources.jar:C:\Users\admin\Desktop\selenium-java-4.19.0.jar:C:\Users\admin\Desktop\selenium-json-4.19.0-sources.jar:C:\Users\admin\Desktop\selenium-json-4.19.0.jar:C:\Users\admin\Desktop\selenium-manager-4.19.0-sources.jar:C:\Users\admin\Desktop\selenium-manager-4.19.0.jar:C:\Users\admin\Desktop\selenium-os-4.19.0-sources.jar:C:\Users\admin\Desktop\selenium-os-4.19.0.jar:C:\Users\admin\Desktop\selenium-remote-driver-4.19.0-sources.jar:C:\Users\admin\Desktop\selenium-remote-driver-4.19.0.jar:C:\Users\admin\Desktop\selenium-safari-driver-4.19.0-sources.jar:C:\Users\admin\Desktop\selenium-safari-driver-4.19.0.jar:C:\Users\admin\Desktop\selenium-support-4.19.0-sources.jar:C:\Users\admin\Desktop\selenium-support-4.19.0.jar:C:\Users\admin\Documents\mssql-jdbc-10.2.3.jre17.jar:D:\Download\hamcrest-core-1.3-javadoc.jar:D:\Download\junit-4.13.2-javadoc.jar:build/classes" />
    <property name="ant.project.default-target" value="default" />
    <property name="excludes" value="" />
    <property name="libs.javaee-api-7.0.src" value="" />
    <property name="run.test.jvmargs" value="" />
    <property name="libs.junit_4.javadoc" value="C:\Program Files\NetBeans-12.6\netbeansrr\platform\docs\junit-4.13.2-javadoc.jar" />
    <property name="sun.jnu.encoding" value="Cp1252" />
    <property name="libs.spring-webmvc4.0.src" value="" />
    <property name="sun.java2d.dpiaware" value="true" />
    <property name="file.reference.bridj-0.6.2-windows-only.jar-1" value="D:\duanNho\duan1.1\lib\bridj-0.6.2-windows-only.jar" />
    <property name="file.reference.bridj-0.6.2-windows-only.jar-2" value="lib\bridj-0.6.2-windows-only.jar" />
    <property name="ant.file.phanmembantui" value="Y:\BL4\DuAn1\PRO1041_SD18307_Yennthph31906\build.xml" />
    <property name="main.class.available" value="true" />
    <property name="libs.jsf20.javadoc" value="C:\Program Files\NetBeans-12.6\netbeansrr\enterprise\docs\javaee-doc-api.jar" />
    <property name="file.reference.javase-3.5.0.jar" value="lib\javase-3.5.0.jar" />
    <property name="file.reference.flatlaf-fonts-roboto-2.137.jar-2" value="D:\duanNho\duan1.1\lib\flatlaf-fonts-roboto-2.137.jar" />
    <property name="file.reference.flatlaf-fonts-roboto-2.137.jar-1" value="E:\OneDrive\Máy tính\lib\lib\flatlaf-fonts-roboto-2.137.jar" />
    <property name="ant.file.type.phanmembantui-impl" value="file" />
    <property name="netbeans.importclass" value="org.netbeans.upgrade.AutoUpgrade" />
    <property name="netbeans.autoupdate.version" value="1.23" />
    <property name="file.reference.selenium-devtools-v122-4.19.0-sources.jar" value="C:\Users\admin\Desktop\selenium-devtools-v122-4.19.0-sources.jar" />
    <property name="file.reference.jgoodies-common-1.2.0.jar-2" value="lib\jgoodies-common-1.2.0.jar" />
    <property name="file.reference.jgoodies-common-1.2.0.jar-1" value="D:\duanNho\duan1.1\lib\jgoodies-common-1.2.0.jar" />
    <property name="empty.dir" value="Y:\BL4\DuAn1\PRO1041_SD18307_Yennthph31906\build\empty" />
    <property name="netbeans.user" value="C:\Users\admin\AppData\Roaming\NetBeans\12.6" />
    <property name="file.reference.commons-logging-1.2.jar-2" value="lib\commons-logging-1.2.jar" />
    <property name="javac.includes.binary" value="Y:\BL4\DuAn1\PRO1041_SD18307_Yennthph31906\build\test\classes\Test1\TestQuanLyVoucher.class" />
    <property name="file.reference.commons-logging-1.2.jar-1" value="D:\duanNho\duan1.1\lib\commons-logging-1.2.jar" />
    <property name="file.separator" value="\" />
    <property name="line.separator" value="&#xd;&#xa;" />
    <property name="javadoc.additionalparam" value="" />
    <property name="file.reference.swing-toast-notifications-1.0.1.jar-1" value="E:\OneDrive\Máy tính\lib\lib\swing-toast-notifications-1.0.1.jar" />
    <property name="file.reference.swing-toast-notifications-1.0.1.jar-2" value="D:\duanNho\duan1.1\lib\swing-toast-notifications-1.0.1.jar" />
    <property name="libs.spring-webmvc5.0.classpath" value="C:\Program Files\NetBeans-12.6\netbeansrr\java\modules\ext\spring-5\spring-webmvc-5.2.9.RELEASE.jar" />
    <property name="file.reference.itextpdf-5.5.13.3.jar" value="E:\OneDrive\Máy tính\thuvienxuathoadonpdf\itextpdf-5.5.13.3.jar" />
    <property name="test.method" value="deleteVoucherInValid" />
    <property name="javac.debug" value="true" />
    <property name="libs.restlib.maven-pom" value="" />
    <property name="libs.testng.classpath" value="C:\Program Files\NetBeans-12.6\netbeansrr\platform\modules\ext\testng-6.14.3.jar;C:\Program Files\NetBeans-12.6\netbeansrr\platform\modules\ext\jcommander-1.78.jar" />
    <property name="file.reference.junit-4.6.jar" value="E:\OneDrive\Máy tính\lib\lib\junit-4.6.jar" />
    <property name="libs.jsp-compiler.src" value="" />
    <property name="file.reference.flatlaf-3.2.jar" value="lib\flatlaf-3.2.jar" />
    <property name="user.name" value="admin" />
    <property name="build.classes.dir" value="build/classes" />
    <property name="nb.junit.single" value="true" />
    <property name="javadoc.windowtitle" value="" />
    <property name="file.reference.selenium-api-4.19.0-sources.jar" value="C:\Users\admin\Desktop\selenium-api-4.19.0-sources.jar" />
    <property name="nb.internal.action.name" value="run.single.method" />
    <property name="libs.javaee-api-8.0.maven-pom" value="" />
    <property name="libs.jaxws21.src" value="" />
    <property name="file.reference.commons-collections4-4.2.jar" value="D:\2. FPT Polytechnic\1. JAVA 1-6\Java3\JDBC Library\apache_poi\commons-collections4-4.2.jar" />
    <property name="libs.jakartaee-web-api-9.0.javadoc" value="C:\Program Files\NetBeans-12.6\netbeansrr\enterprise\docs\jakartaee9-doc-api.jar" />
    <property name="jna.loaded" value="true" />
    <property name="file.reference.log4j-api-2.17.2.jar-1" value="D:\duanNho\duan1.1\lib\log4j-api-2.17.2.jar" />
    <property name="file.reference.log4j-api-2.17.2.jar-2" value="lib\log4j-api-2.17.2.jar" />
    <property name="file.reference.selenium-devtools-v121-4.19.0.jar" value="C:\Users\admin\Desktop\selenium-devtools-v121-4.19.0.jar" />
    <property name="libs.junit_5.maven-pom" value="" />
    <property name="libs.jpa20-persistence.javadoc" value="C:\Program Files\NetBeans-12.6\netbeansrr\java\modules\ext\docs\javax.persistence-2.2.1-doc.zip" />
    <property name="file.reference.selenium-http-4.19.0.jar" value="C:\Users\admin\Desktop\selenium-http-4.19.0.jar" />
    <property name="ant.junit.enabletestlistenerevents" value="true" />
    <property name="libs.JWSAntTasks.src" value="" />
    <property name="libs.spring-webmvc3.0.src" value="" />
    <property name="ant.home" value="C:\Program Files\NetBeans-12.6\netbeansrr\extide\ant" />
    <property name="debug.test.classpath" value="lib\flatlaf-3.2.jar:lib\flatlaf-extras-3.2.jar:lib\flatlaf-fonts-roboto-2.137.jar:lib\swing-toast-notifications-1.0.1.jar:lib\jsvg-1.2.0.jar:C:\Users\Admin\Documents\NetBeansProjects\mssql-jdbc-7.2.2.jre8.jar:D:\2. FPT Polytechnic\1. JAVA 1-6\Java3\JDBC Library\mssql-jdbc-11.2.3.jre17.jar:D:\2. FPT Polytechnic\1. JAVA 1-6\Java3\JDBC Library\jcalendar-1.4\lib\jcalendar-1.4.jar:C:\Users\ThinkPad\Desktop\Hung_DuAn1\jar_files\activation-1.1.jar:C:\Users\ThinkPad\Desktop\Hung_DuAn1\jar_files\javax.mail-1.6.1.jar:D:\2. FPT Polytechnic\1. JAVA 1-6\Java3\JDBC Library\apache_poi\commons-codec-1.11.jar:D:\2. FPT Polytechnic\1. JAVA 1-6\Java3\JDBC Library\apache_poi\commons-collections4-4.2.jar:D:\2. FPT Polytechnic\1. JAVA 1-6\Java3\JDBC Library\apache_poi\commons-compress-1.18.jar:D:\2. FPT Polytechnic\1. JAVA 1-6\Java3\JDBC Library\apache_poi\poi-4.0.1.jar:D:\2. FPT Polytechnic\1. JAVA 1-6\Java3\JDBC Library\apache_poi\poi-ooxml-4.0.1.jar:D:\2. FPT Polytechnic\1. JAVA 1-6\Java3\JDBC Library\apache_poi\poi-ooxml-schemas-4.0.1.jar:D:\2. FPT Polytechnic\1. JAVA 1-6\Java3\JDBC Library\apache_poi\xmlbeans-3.0.2.jar:lib\core-3.5.0.jar:lib\javase-3.5.0.jar:E:\OneDrive\Máy tính\lib\lib\activation-1.1.jar:E:\OneDrive\Máy tính\lib\lib\commons-codec-1.11.jar:E:\OneDrive\Máy tính\lib\lib\commons-codec-1.15.jar:E:\OneDrive\Máy tính\lib\lib\commons-collections4-4.2.jar:E:\OneDrive\Máy tính\lib\lib\commons-collections4-4.4.jar:E:\OneDrive\Máy tính\lib\lib\commons-compress-1.18.jar:E:\OneDrive\Máy tính\lib\lib\commons-compress-1.21.jar:E:\OneDrive\Máy tính\lib\lib\commons-io-2.11.0.jar:E:\OneDrive\Máy tính\lib\lib\commons-logging-1.2.jar:E:\OneDrive\Máy tính\lib\lib\commons-math3-3.6.1.jar:E:\OneDrive\Máy tính\lib\lib\core-3.5.0.jar:E:\OneDrive\Máy tính\lib\lib\flatlaf-3.2.jar:E:\OneDrive\Máy tính\lib\lib\flatlaf-extras-3.2.jar:E:\OneDrive\Máy tính\lib\lib\flatlaf-fonts-roboto-2.137.jar:E:\OneDrive\Máy tính\lib\lib\javase-3.5.0.jar:E:\OneDrive\Máy tính\lib\lib\javax.mail-1.6.1.jar:E:\OneDrive\Máy tính\lib\lib\jcalendar-1.4.jar:E:\OneDrive\Máy tính\lib\lib\jgoodies-common-1.2.0.jar:E:\OneDrive\Máy tính\lib\lib\jgoodies-looks-2.4.1.jar:E:\OneDrive\Máy tính\lib\lib\jsvg-1.2.0.jar:E:\OneDrive\Máy tính\lib\lib\junit-4.6.jar:E:\OneDrive\Máy tính\lib\lib\log4j-1.2.17.jar:E:\OneDrive\Máy tính\lib\lib\log4j-api-2.17.2.jar:E:\OneDrive\Máy tính\lib\lib\log4j-core-2.17.2.jar:E:\OneDrive\Máy tính\lib\lib\poi-4.0.1.jar:E:\OneDrive\Máy tính\lib\lib\poi-ooxml-4.0.1.jar:E:\OneDrive\Máy tính\lib\lib\poi-ooxml-schemas-4.0.1.jar:E:\OneDrive\Máy tính\lib\lib\swing-toast-notifications-1.0.1.jar:E:\OneDrive\Máy tính\lib\lib\xmlbeans-3.0.2.jar:C:\Program Files\NetBeans-12.6\netbeansrr\java\modules\ext\AbsoluteLayout.jar:E:\OneDrive\Máy tính\thuvienxuathoadonpdf\io-7.0.2.jar:E:\OneDrive\Máy tính\thuvienxuathoadonpdf\itextpdf-5.5.13.3.jar:E:\OneDrive\Máy tính\thuvienxuathoadonpdf\kernel-7.0.2.jar:E:\OneDrive\Máy tính\thuvienxuathoadonpdf\layout-7.0.2.jar:E:\OneDrive\Máy tính\thuvienxuathoadonpdf\slf4j-api-1.7.13.jar:E:\OneDrive\Máy tính\thuvienxuathoadonpdf\slf4j-api-1.7.36.jar:C:\Users\Admin\Documents\NetBeansProjects\jar_files\activation-1.1.jar:C:\Users\Admin\Documents\NetBeansProjects\jar_files\javax.mail-1.6.1.jar:C:\Users\Admin\Documents\NetBeansProjects\jar_files\jfreechart-1.5.0.jar:C:\Users\Admin\Documents\NetBeansProjects\Long_lib\Long_lib\AbsoluteLayout.jar:C:\Users\Admin\Documents\NetBeansProjects\Long_lib\Long_lib\bridj-0.6.2-windows-only.jar:C:\Users\Admin\Documents\NetBeansProjects\Long_lib\Long_lib\commons-codec-1.11.jar:C:\Users\Admin\Documents\NetBeansProjects\Long_lib\Long_lib\commons-collections4-4.2.jar:C:\Users\Admin\Documents\NetBeansProjects\Long_lib\Long_lib\commons-compress-1.18.jar:C:\Users\Admin\Documents\NetBeansProjects\Long_lib\Long_lib\core-3.3.0.jar:C:\Users\Admin\Documents\NetBeansProjects\Long_lib\Long_lib\core-3.5.0.jar:C:\Users\Admin\Documents\NetBeansProjects\Long_lib\Long_lib\javase-3.3.0.jar:C:\Users\Admin\Documents\NetBeansProjects\Long_lib\Long_lib\javase-3.5.0.jar:C:\Users\Admin\Documents\NetBeansProjects\Long_lib\Long_lib\log4j-1.2.17.jar:C:\Users\Admin\Documents\NetBeansProjects\Long_lib\Long_lib\poi-4.0.1.jar:C:\Users\Admin\Documents\NetBeansProjects\Long_lib\Long_lib\poi-ooxml-4.0.1.jar:C:\Users\Admin\Documents\NetBeansProjects\Long_lib\Long_lib\poi-ooxml-schemas-4.0.1.jar:C:\Users\Admin\Documents\NetBeansProjects\Long_lib\Long_lib\slf4j-api-1.6.2.jar:C:\Users\Admin\Documents\NetBeansProjects\Long_lib\Long_lib\slf4j-log4j12-1.6.2.jar:C:\Users\Admin\Documents\NetBeansProjects\Long_lib\Long_lib\webcam-capture-0.3.12.jar:C:\Users\Admin\Documents\NetBeansProjects\Long_lib\Long_lib\xmlbeans-3.0.2.jar:D:\duanNho\duan1.1\lib\AbsoluteLayout.jar:D:\duanNho\duan1.1\lib\activation-1.1.jar:D:\duanNho\duan1.1\lib\bridj-0.6.2-windows-only.jar:D:\duanNho\duan1.1\lib\commons-codec-1.11.jar:D:\duanNho\duan1.1\lib\commons-codec-1.15.jar:D:\duanNho\duan1.1\lib\commons-collections4-4.2.jar:D:\duanNho\duan1.1\lib\commons-collections4-4.4.jar:D:\duanNho\duan1.1\lib\commons-compress-1.18.jar:D:\duanNho\duan1.1\lib\commons-compress-1.21.jar:D:\duanNho\duan1.1\lib\commons-io-2.11.0.jar:D:\duanNho\duan1.1\lib\commons-logging-1.2.jar:D:\duanNho\duan1.1\lib\commons-math3-3.6.1.jar:D:\duanNho\duan1.1\lib\core-3.3.0.jar:D:\duanNho\duan1.1\lib\core-3.5.0.jar:D:\duanNho\duan1.1\lib\flatlaf-3.2.jar:D:\duanNho\duan1.1\lib\flatlaf-extras-3.2.jar:D:\duanNho\duan1.1\lib\flatlaf-fonts-roboto-2.137.jar:D:\duanNho\duan1.1\lib\io-7.0.2.jar:D:\duanNho\duan1.1\lib\itextpdf-5.5.13.3.jar:D:\duanNho\duan1.1\lib\javase-3.3.0.jar:D:\duanNho\duan1.1\lib\javase-3.5.0.jar:D:\duanNho\duan1.1\lib\javax.mail-1.6.1.jar:D:\duanNho\duan1.1\lib\jcalendar-1.4.jar:D:\duanNho\duan1.1\lib\jfreechart-1.5.0.jar:D:\duanNho\duan1.1\lib\jgoodies-common-1.2.0.jar:D:\duanNho\duan1.1\lib\jgoodies-looks-2.4.1.jar:D:\duanNho\duan1.1\lib\jsvg-1.2.0.jar:D:\duanNho\duan1.1\lib\junit-4.6.jar:D:\duanNho\duan1.1\lib\kernel-7.0.2.jar:D:\duanNho\duan1.1\lib\layout-7.0.2.jar:D:\duanNho\duan1.1\lib\log4j-1.2.17.jar:D:\duanNho\duan1.1\lib\log4j-api-2.17.2.jar:D:\duanNho\duan1.1\lib\log4j-core-2.17.2.jar:D:\duanNho\duan1.1\lib\mssql-jdbc-7.2.2.jre8.jar:D:\duanNho\duan1.1\lib\poi-4.0.1.jar:D:\duanNho\duan1.1\lib\poi-ooxml-4.0.1.jar:D:\duanNho\duan1.1\lib\poi-ooxml-schemas-4.0.1.jar:D:\duanNho\duan1.1\lib\slf4j-api-1.6.2.jar:D:\duanNho\duan1.1\lib\slf4j-api-1.7.13.jar:D:\duanNho\duan1.1\lib\slf4j-api-1.7.36.jar:D:\duanNho\duan1.1\lib\slf4j-log4j12-1.6.2.jar:D:\duanNho\duan1.1\lib\swing-toast-notifications-1.0.1.jar:D:\duanNho\duan1.1\lib\webcam-capture-0.3.12.jar:D:\duanNho\duan1.1\lib\xmlbeans-3.0.2.jar:lib\AbsoluteLayout.jar:lib\activation-1.1.jar:lib\bridj-0.6.2-windows-only.jar:lib\commons-codec-1.11.jar:lib\commons-codec-1.15.jar:lib\commons-collections4-4.2.jar:lib\commons-collections4-4.4.jar:lib\commons-compress-1.18.jar:lib\commons-compress-1.21.jar:lib\commons-io-2.11.0.jar:lib\commons-logging-1.2.jar:lib\commons-math3-3.6.1.jar:lib\core-3.3.0.jar:lib\io-7.0.2.jar:lib\itextpdf-5.5.13.3.jar:lib\javase-3.3.0.jar:lib\javax.mail-1.6.1.jar:lib\jcalendar-1.4.jar:lib\jfreechart-1.5.0.jar:lib\jgoodies-common-1.2.0.jar:lib\jgoodies-looks-2.4.1.jar:lib\junit-4.6.jar:lib\kernel-7.0.2.jar:lib\layout-7.0.2.jar:lib\log4j-1.2.17.jar:lib\log4j-api-2.17.2.jar:lib\log4j-core-2.17.2.jar:lib\mssql-jdbc-7.2.2.jre8.jar:lib\poi-4.0.1.jar:lib\poi-ooxml-4.0.1.jar:lib\poi-ooxml-schemas-4.0.1.jar:lib\slf4j-api-1.6.2.jar:lib\slf4j-api-1.7.13.jar:lib\slf4j-api-1.7.36.jar:lib\slf4j-log4j12-1.6.2.jar:lib\webcam-capture-0.3.12.jar:lib\xmlbeans-3.0.2.jar:..\..\..\Documents\sqljdbc_10.2\enu\mssql-jdbc-10.2.3.jre17.jar:C:\Users\admin\Desktop\selenium-api-4.19.0-sources.jar:C:\Users\admin\Desktop\selenium-api-4.19.0.jar:C:\Users\admin\Desktop\selenium-chrome-driver-4.19.0-sources.jar:C:\Users\admin\Desktop\selenium-chrome-driver-4.19.0.jar:C:\Users\admin\Desktop\selenium-chromium-driver-4.19.0-sources.jar:C:\Users\admin\Desktop\selenium-chromium-driver-4.19.0.jar:C:\Users\admin\Desktop\selenium-devtools-v121-4.19.0-sources.jar:C:\Users\admin\Desktop\selenium-devtools-v121-4.19.0.jar:C:\Users\admin\Desktop\selenium-devtools-v122-4.19.0-sources.jar:C:\Users\admin\Desktop\selenium-devtools-v122-4.19.0.jar:C:\Users\admin\Desktop\selenium-devtools-v123-4.19.0-sources.jar:C:\Users\admin\Desktop\selenium-devtools-v123-4.19.0.jar:C:\Users\admin\Desktop\selenium-devtools-v85-4.19.0-sources.jar:C:\Users\admin\Desktop\selenium-devtools-v85-4.19.0.jar:C:\Users\admin\Desktop\selenium-edge-driver-4.19.0-sources.jar:C:\Users\admin\Desktop\selenium-edge-driver-4.19.0.jar:C:\Users\admin\Desktop\selenium-firefox-driver-4.19.0-sources.jar:C:\Users\admin\Desktop\selenium-firefox-driver-4.19.0.jar:C:\Users\admin\Desktop\selenium-http-4.19.0-sources.jar:C:\Users\admin\Desktop\selenium-http-4.19.0.jar:C:\Users\admin\Desktop\selenium-ie-driver-4.19.0-sources.jar:C:\Users\admin\Desktop\selenium-ie-driver-4.19.0.jar:C:\Users\admin\Desktop\selenium-java-4.19.0-sources.jar:C:\Users\admin\Desktop\selenium-java-4.19.0.jar:C:\Users\admin\Desktop\selenium-json-4.19.0-sources.jar:C:\Users\admin\Desktop\selenium-json-4.19.0.jar:C:\Users\admin\Desktop\selenium-manager-4.19.0-sources.jar:C:\Users\admin\Desktop\selenium-manager-4.19.0.jar:C:\Users\admin\Desktop\selenium-os-4.19.0-sources.jar:C:\Users\admin\Desktop\selenium-os-4.19.0.jar:C:\Users\admin\Desktop\selenium-remote-driver-4.19.0-sources.jar:C:\Users\admin\Desktop\selenium-remote-driver-4.19.0.jar:C:\Users\admin\Desktop\selenium-safari-driver-4.19.0-sources.jar:C:\Users\admin\Desktop\selenium-safari-driver-4.19.0.jar:C:\Users\admin\Desktop\selenium-support-4.19.0-sources.jar:C:\Users\admin\Desktop\selenium-support-4.19.0.jar:C:\Users\admin\Documents\mssql-jdbc-10.2.3.jre17.jar:D:\Download\hamcrest-core-1.3-javadoc.jar:D:\Download\junit-4.13.2-javadoc.jar:build/classes:build/test/classes" />
    <property name="have.tests" value="true" />
    <property name="javac.external.vm" value="true" />
    <property name="testng.debug.mode" value="" />
    <property name="javac.target" value="1.8" />
    <property name="ant.version" value="Apache Ant(TM) version 1.10.8 compiled on May 10 2020" />
    <property name="libs.absolutelayout.maven-pom" value="" />
    <property name="java.failonerror" value="true" />
    <property name="javac.modulepath" value="" />
    <property name="libs.spring-framework500.src" value="" />
    <property name="file.reference.selenium-manager-4.19.0-sources.jar" value="C:\Users\admin\Desktop\selenium-manager-4.19.0-sources.jar" />
    <property name="user.properties.file" value="C:\Users\admin\AppData\Roaming\NetBeans\12.6\build.properties" />
    <property name="libs.javaee-api-6.0.src" value="" />
    <property name="javac.includes" value="Test1/TestQuanLyVoucher.java" />
    <property name="file.reference.mssql-jdbc-7.2.2.jre8.jar-2" value="lib\mssql-jdbc-7.2.2.jre8.jar" />
    <property name="netbeans.autoupdate.country" value="US" />
    <property name="file.reference.mssql-jdbc-7.2.2.jre8.jar-1" value="D:\duanNho\duan1.1\lib\mssql-jdbc-7.2.2.jre8.jar" />
    <property name="java.class.path" value="Y:\BL4\DuAn1\PRO1041_SD18307_Yennthph31906\lib\flatlaf-3.2.jar;Y:\BL4\DuAn1\PRO1041_SD18307_Yennthph31906\lib\flatlaf-extras-3.2.jar;Y:\BL4\DuAn1\PRO1041_SD18307_Yennthph31906\lib\flatlaf-fonts-roboto-2.137.jar;Y:\BL4\DuAn1\PRO1041_SD18307_Yennthph31906\lib\swing-toast-notifications-1.0.1.jar;Y:\BL4\DuAn1\PRO1041_SD18307_Yennthph31906\lib\jsvg-1.2.0.jar;Y:\BL4\DuAn1\PRO1041_SD18307_Yennthph31906\lib\core-3.5.0.jar;Y:\BL4\DuAn1\PRO1041_SD18307_Yennthph31906\lib\javase-3.5.0.jar;C:\Program Files\NetBeans-12.6\netbeansrr\java\modules\ext\AbsoluteLayout.jar;Y:\BL4\DuAn1\PRO1041_SD18307_Yennthph31906\lib\AbsoluteLayout.jar;Y:\BL4\DuAn1\PRO1041_SD18307_Yennthph31906\lib\activation-1.1.jar;Y:\BL4\DuAn1\PRO1041_SD18307_Yennthph31906\lib\bridj-0.6.2-windows-only.jar;Y:\BL4\DuAn1\PRO1041_SD18307_Yennthph31906\lib\commons-codec-1.11.jar;Y:\BL4\DuAn1\PRO1041_SD18307_Yennthph31906\lib\commons-codec-1.15.jar;Y:\BL4\DuAn1\PRO1041_SD18307_Yennthph31906\lib\commons-collections4-4.2.jar;Y:\BL4\DuAn1\PRO1041_SD18307_Yennthph31906\lib\commons-collections4-4.4.jar;Y:\BL4\DuAn1\PRO1041_SD18307_Yennthph31906\lib\commons-compress-1.18.jar;Y:\BL4\DuAn1\PRO1041_SD18307_Yennthph31906\lib\commons-compress-1.21.jar;Y:\BL4\DuAn1\PRO1041_SD18307_Yennthph31906\lib\commons-io-2.11.0.jar;Y:\BL4\DuAn1\PRO1041_SD18307_Yennthph31906\lib\commons-logging-1.2.jar;Y:\BL4\DuAn1\PRO1041_SD18307_Yennthph31906\lib\commons-math3-3.6.1.jar;Y:\BL4\DuAn1\PRO1041_SD18307_Yennthph31906\lib\core-3.3.0.jar;Y:\BL4\DuAn1\PRO1041_SD18307_Yennthph31906\lib\io-7.0.2.jar;Y:\BL4\DuAn1\PRO1041_SD18307_Yennthph31906\lib\itextpdf-5.5.13.3.jar;Y:\BL4\DuAn1\PRO1041_SD18307_Yennthph31906\lib\javase-3.3.0.jar;Y:\BL4\DuAn1\PRO1041_SD18307_Yennthph31906\lib\javax.mail-1.6.1.jar;Y:\BL4\DuAn1\PRO1041_SD18307_Yennthph31906\lib\jcalendar-1.4.jar;Y:\BL4\DuAn1\PRO1041_SD18307_Yennthph31906\lib\jfreechart-1.5.0.jar;Y:\BL4\DuAn1\PRO1041_SD18307_Yennthph31906\lib\jgoodies-common-1.2.0.jar;Y:\BL4\DuAn1\PRO1041_SD18307_Yennthph31906\lib\jgoodies-looks-2.4.1.jar;Y:\BL4\DuAn1\PRO1041_SD18307_Yennthph31906\lib\junit-4.6.jar;Y:\BL4\DuAn1\PRO1041_SD18307_Yennthph31906\lib\kernel-7.0.2.jar;Y:\BL4\DuAn1\PRO1041_SD18307_Yennthph31906\lib\layout-7.0.2.jar;Y:\BL4\DuAn1\PRO1041_SD18307_Yennthph31906\lib\log4j-1.2.17.jar;Y:\BL4\DuAn1\PRO1041_SD18307_Yennthph31906\lib\log4j-api-2.17.2.jar;Y:\BL4\DuAn1\PRO1041_SD18307_Yennthph31906\lib\log4j-core-2.17.2.jar;Y:\BL4\DuAn1\PRO1041_SD18307_Yennthph31906\lib\poi-4.0.1.jar;Y:\BL4\DuAn1\PRO1041_SD18307_Yennthph31906\lib\poi-ooxml-4.0.1.jar;Y:\BL4\DuAn1\PRO1041_SD18307_Yennthph31906\lib\poi-ooxml-schemas-4.0.1.jar;Y:\BL4\DuAn1\PRO1041_SD18307_Yennthph31906\lib\slf4j-api-1.6.2.jar;Y:\BL4\DuAn1\PRO1041_SD18307_Yennthph31906\lib\slf4j-api-1.7.13.jar;Y:\BL4\DuAn1\PRO1041_SD18307_Yennthph31906\lib\slf4j-api-1.7.36.jar;Y:\BL4\DuAn1\PRO1041_SD18307_Yennthph31906\lib\slf4j-log4j12-1.6.2.jar;Y:\BL4\DuAn1\PRO1041_SD18307_Yennthph31906\lib\webcam-capture-0.3.12.jar;Y:\BL4\DuAn1\PRO1041_SD18307_Yennthph31906\lib\xmlbeans-3.0.2.jar;C:\Users\admin\Documents\mssql-jdbc-10.2.3.jre17.jar;D:\Download\hamcrest-core-1.3-javadoc.jar;D:\Download\junit-4.13.2-javadoc.jar;Y:\BL4\DuAn1\PRO1041_SD18307_Yennthph31906\build\classes;Y:\BL4\DuAn1\PRO1041_SD18307_Yennthph31906\build\test\classes;C:\Program Files\NetBeans-12.6\netbeansrr\extide\ant\lib\ant-launcher.jar;C:\Program Files\NetBeans-12.6\netbeansrr\extide\ant\lib\ant.jar;C:\Program Files\NetBeans-12.6\netbeansrr\extide\ant\lib\ant-junit.jar;C:\Program Files\NetBeans-12.6\netbeansrr\extide\ant\lib\ant-junit4.jar" />
    <property name="libs.javaee-web-api-6.0.maven-pom" value="" />
    <property name="java.vm.vendor" value="Oracle Corporation" />
    <property name="ap.supported.internal" value="true" />
    <property name="user.variant" value="" />
    <property name="file.reference.itextpdf-5.5.13.3.jar-2" value="lib\itextpdf-5.5.13.3.jar" />
    <property name="file.reference.itextpdf-5.5.13.3.jar-1" value="D:\duanNho\duan1.1\lib\itextpdf-5.5.13.3.jar" />
    <property name="netbeans.home+have.tests" value="true" />
    <property name="test.binaryexcludes" value="" />
    <property name="javac.compilerargs" value="" />
    <property name="libs.jstl.maven-pom" value="" />
    <property name="libs.jakartaee-web-api-8.0.src" value="" />
    <property name="sun.cpu.endian" value="little" />
    <property name="libs.jakartaee-api-9.0.src" value="" />
    <property name="libs.junit_4.src" value="C:\Program Files\NetBeans-12.6\netbeansrr\platform\docs\junit-4.13.2-sources.jar" />
    <property name="user.language" value="en" />
    <property name="copylibs.rebase" value="true" />
    <property name="file.reference.layout-7.0.2.jar-2" value="lib\layout-7.0.2.jar" />
    <property name="maven.defaultProjectBuilder.disableGlobalModelCache" value="true" />
    <property name="libs.javaee-web-api-6.0.src" value="" />
    <property name="file.reference.layout-7.0.2.jar-1" value="D:\duanNho\duan1.1\lib\layout-7.0.2.jar" />
    <property name="file.reference.webcam-capture-0.3.12.jar" value="C:\Users\Admin\Documents\NetBeansProjects\Long_lib\Long_lib\webcam-capture-0.3.12.jar" />
    <property name="javadoc.nonavbar" value="false" />
    <property name="libs.javaee-api-8.0.src" value="" />
    <property name="file.reference.kernel-7.0.2.jar" value="E:\OneDrive\Máy tính\thuvienxuathoadonpdf\kernel-7.0.2.jar" />
    <property name="ant.java.version" value="17" />
    <property name="libs.junit_4.classpath" value="C:\Program Files\NetBeans-12.6\netbeansrr\platform\modules\ext\junit-4.13.2.jar" />
    <property name="libs.jakartaee-api-9.0.javadoc" value="C:\Program Files\NetBeans-12.6\netbeansrr\enterprise\docs\jakartaee9-doc-api.jar" />
    <property name="jlink.launcher.name" value="phanmembantui" />
    <property name="test.binarytestincludes" value="" />
    <property name="sun.awt.keepWorkingSetOnMinimize" value="true" />
    <property name="libs.junit_4.maven-pom" value="" />
    <property name="libs.spring-webmvc5.0.maven-pom" value="" />
    <property name="runtime.encoding" value="UTF-8" />
    <property name="libs.jsp-compiler.maven-pom" value="" />
    <property name="jlink.additionalmodules" value="" />
    <property name="libs.jakartaee-web-api-8.0.classpath" value="C:\Program Files\NetBeans-12.6\netbeansrr\enterprise\modules\ext\jakarta.jakartaee-web-api-8.0.0.jar" />
    <property name="javac.classpath" value="lib\flatlaf-3.2.jar:lib\flatlaf-extras-3.2.jar:lib\flatlaf-fonts-roboto-2.137.jar:lib\swing-toast-notifications-1.0.1.jar:lib\jsvg-1.2.0.jar:C:\Users\Admin\Documents\NetBeansProjects\mssql-jdbc-7.2.2.jre8.jar:D:\2. FPT Polytechnic\1. JAVA 1-6\Java3\JDBC Library\mssql-jdbc-11.2.3.jre17.jar:D:\2. FPT Polytechnic\1. JAVA 1-6\Java3\JDBC Library\jcalendar-1.4\lib\jcalendar-1.4.jar:C:\Users\ThinkPad\Desktop\Hung_DuAn1\jar_files\activation-1.1.jar:C:\Users\ThinkPad\Desktop\Hung_DuAn1\jar_files\javax.mail-1.6.1.jar:D:\2. FPT Polytechnic\1. JAVA 1-6\Java3\JDBC Library\apache_poi\commons-codec-1.11.jar:D:\2. FPT Polytechnic\1. JAVA 1-6\Java3\JDBC Library\apache_poi\commons-collections4-4.2.jar:D:\2. FPT Polytechnic\1. JAVA 1-6\Java3\JDBC Library\apache_poi\commons-compress-1.18.jar:D:\2. FPT Polytechnic\1. JAVA 1-6\Java3\JDBC Library\apache_poi\poi-4.0.1.jar:D:\2. FPT Polytechnic\1. JAVA 1-6\Java3\JDBC Library\apache_poi\poi-ooxml-4.0.1.jar:D:\2. FPT Polytechnic\1. JAVA 1-6\Java3\JDBC Library\apache_poi\poi-ooxml-schemas-4.0.1.jar:D:\2. FPT Polytechnic\1. JAVA 1-6\Java3\JDBC Library\apache_poi\xmlbeans-3.0.2.jar:lib\core-3.5.0.jar:lib\javase-3.5.0.jar:E:\OneDrive\Máy tính\lib\lib\activation-1.1.jar:E:\OneDrive\Máy tính\lib\lib\commons-codec-1.11.jar:E:\OneDrive\Máy tính\lib\lib\commons-codec-1.15.jar:E:\OneDrive\Máy tính\lib\lib\commons-collections4-4.2.jar:E:\OneDrive\Máy tính\lib\lib\commons-collections4-4.4.jar:E:\OneDrive\Máy tính\lib\lib\commons-compress-1.18.jar:E:\OneDrive\Máy tính\lib\lib\commons-compress-1.21.jar:E:\OneDrive\Máy tính\lib\lib\commons-io-2.11.0.jar:E:\OneDrive\Máy tính\lib\lib\commons-logging-1.2.jar:E:\OneDrive\Máy tính\lib\lib\commons-math3-3.6.1.jar:E:\OneDrive\Máy tính\lib\lib\core-3.5.0.jar:E:\OneDrive\Máy tính\lib\lib\flatlaf-3.2.jar:E:\OneDrive\Máy tính\lib\lib\flatlaf-extras-3.2.jar:E:\OneDrive\Máy tính\lib\lib\flatlaf-fonts-roboto-2.137.jar:E:\OneDrive\Máy tính\lib\lib\javase-3.5.0.jar:E:\OneDrive\Máy tính\lib\lib\javax.mail-1.6.1.jar:E:\OneDrive\Máy tính\lib\lib\jcalendar-1.4.jar:E:\OneDrive\Máy tính\lib\lib\jgoodies-common-1.2.0.jar:E:\OneDrive\Máy tính\lib\lib\jgoodies-looks-2.4.1.jar:E:\OneDrive\Máy tính\lib\lib\jsvg-1.2.0.jar:E:\OneDrive\Máy tính\lib\lib\junit-4.6.jar:E:\OneDrive\Máy tính\lib\lib\log4j-1.2.17.jar:E:\OneDrive\Máy tính\lib\lib\log4j-api-2.17.2.jar:E:\OneDrive\Máy tính\lib\lib\log4j-core-2.17.2.jar:E:\OneDrive\Máy tính\lib\lib\poi-4.0.1.jar:E:\OneDrive\Máy tính\lib\lib\poi-ooxml-4.0.1.jar:E:\OneDrive\Máy tính\lib\lib\poi-ooxml-schemas-4.0.1.jar:E:\OneDrive\Máy tính\lib\lib\swing-toast-notifications-1.0.1.jar:E:\OneDrive\Máy tính\lib\lib\xmlbeans-3.0.2.jar:C:\Program Files\NetBeans-12.6\netbeansrr\java\modules\ext\AbsoluteLayout.jar:E:\OneDrive\Máy tính\thuvienxuathoadonpdf\io-7.0.2.jar:E:\OneDrive\Máy tính\thuvienxuathoadonpdf\itextpdf-5.5.13.3.jar:E:\OneDrive\Máy tính\thuvienxuathoadonpdf\kernel-7.0.2.jar:E:\OneDrive\Máy tính\thuvienxuathoadonpdf\layout-7.0.2.jar:E:\OneDrive\Máy tính\thuvienxuathoadonpdf\slf4j-api-1.7.13.jar:E:\OneDrive\Máy tính\thuvienxuathoadonpdf\slf4j-api-1.7.36.jar:C:\Users\Admin\Documents\NetBeansProjects\jar_files\activation-1.1.jar:C:\Users\Admin\Documents\NetBeansProjects\jar_files\javax.mail-1.6.1.jar:C:\Users\Admin\Documents\NetBeansProjects\jar_files\jfreechart-1.5.0.jar:C:\Users\Admin\Documents\NetBeansProjects\Long_lib\Long_lib\AbsoluteLayout.jar:C:\Users\Admin\Documents\NetBeansProjects\Long_lib\Long_lib\bridj-0.6.2-windows-only.jar:C:\Users\Admin\Documents\NetBeansProjects\Long_lib\Long_lib\commons-codec-1.11.jar:C:\Users\Admin\Documents\NetBeansProjects\Long_lib\Long_lib\commons-collections4-4.2.jar:C:\Users\Admin\Documents\NetBeansProjects\Long_lib\Long_lib\commons-compress-1.18.jar:C:\Users\Admin\Documents\NetBeansProjects\Long_lib\Long_lib\core-3.3.0.jar:C:\Users\Admin\Documents\NetBeansProjects\Long_lib\Long_lib\core-3.5.0.jar:C:\Users\Admin\Documents\NetBeansProjects\Long_lib\Long_lib\javase-3.3.0.jar:C:\Users\Admin\Documents\NetBeansProjects\Long_lib\Long_lib\javase-3.5.0.jar:C:\Users\Admin\Documents\NetBeansProjects\Long_lib\Long_lib\log4j-1.2.17.jar:C:\Users\Admin\Documents\NetBeansProjects\Long_lib\Long_lib\poi-4.0.1.jar:C:\Users\Admin\Documents\NetBeansProjects\Long_lib\Long_lib\poi-ooxml-4.0.1.jar:C:\Users\Admin\Documents\NetBeansProjects\Long_lib\Long_lib\poi-ooxml-schemas-4.0.1.jar:C:\Users\Admin\Documents\NetBeansProjects\Long_lib\Long_lib\slf4j-api-1.6.2.jar:C:\Users\Admin\Documents\NetBeansProjects\Long_lib\Long_lib\slf4j-log4j12-1.6.2.jar:C:\Users\Admin\Documents\NetBeansProjects\Long_lib\Long_lib\webcam-capture-0.3.12.jar:C:\Users\Admin\Documents\NetBeansProjects\Long_lib\Long_lib\xmlbeans-3.0.2.jar:D:\duanNho\duan1.1\lib\AbsoluteLayout.jar:D:\duanNho\duan1.1\lib\activation-1.1.jar:D:\duanNho\duan1.1\lib\bridj-0.6.2-windows-only.jar:D:\duanNho\duan1.1\lib\commons-codec-1.11.jar:D:\duanNho\duan1.1\lib\commons-codec-1.15.jar:D:\duanNho\duan1.1\lib\commons-collections4-4.2.jar:D:\duanNho\duan1.1\lib\commons-collections4-4.4.jar:D:\duanNho\duan1.1\lib\commons-compress-1.18.jar:D:\duanNho\duan1.1\lib\commons-compress-1.21.jar:D:\duanNho\duan1.1\lib\commons-io-2.11.0.jar:D:\duanNho\duan1.1\lib\commons-logging-1.2.jar:D:\duanNho\duan1.1\lib\commons-math3-3.6.1.jar:D:\duanNho\duan1.1\lib\core-3.3.0.jar:D:\duanNho\duan1.1\lib\core-3.5.0.jar:D:\duanNho\duan1.1\lib\flatlaf-3.2.jar:D:\duanNho\duan1.1\lib\flatlaf-extras-3.2.jar:D:\duanNho\duan1.1\lib\flatlaf-fonts-roboto-2.137.jar:D:\duanNho\duan1.1\lib\io-7.0.2.jar:D:\duanNho\duan1.1\lib\itextpdf-5.5.13.3.jar:D:\duanNho\duan1.1\lib\javase-3.3.0.jar:D:\duanNho\duan1.1\lib\javase-3.5.0.jar:D:\duanNho\duan1.1\lib\javax.mail-1.6.1.jar:D:\duanNho\duan1.1\lib\jcalendar-1.4.jar:D:\duanNho\duan1.1\lib\jfreechart-1.5.0.jar:D:\duanNho\duan1.1\lib\jgoodies-common-1.2.0.jar:D:\duanNho\duan1.1\lib\jgoodies-looks-2.4.1.jar:D:\duanNho\duan1.1\lib\jsvg-1.2.0.jar:D:\duanNho\duan1.1\lib\junit-4.6.jar:D:\duanNho\duan1.1\lib\kernel-7.0.2.jar:D:\duanNho\duan1.1\lib\layout-7.0.2.jar:D:\duanNho\duan1.1\lib\log4j-1.2.17.jar:D:\duanNho\duan1.1\lib\log4j-api-2.17.2.jar:D:\duanNho\duan1.1\lib\log4j-core-2.17.2.jar:D:\duanNho\duan1.1\lib\mssql-jdbc-7.2.2.jre8.jar:D:\duanNho\duan1.1\lib\poi-4.0.1.jar:D:\duanNho\duan1.1\lib\poi-ooxml-4.0.1.jar:D:\duanNho\duan1.1\lib\poi-ooxml-schemas-4.0.1.jar:D:\duanNho\duan1.1\lib\slf4j-api-1.6.2.jar:D:\duanNho\duan1.1\lib\slf4j-api-1.7.13.jar:D:\duanNho\duan1.1\lib\slf4j-api-1.7.36.jar:D:\duanNho\duan1.1\lib\slf4j-log4j12-1.6.2.jar:D:\duanNho\duan1.1\lib\swing-toast-notifications-1.0.1.jar:D:\duanNho\duan1.1\lib\webcam-capture-0.3.12.jar:D:\duanNho\duan1.1\lib\xmlbeans-3.0.2.jar:lib\AbsoluteLayout.jar:lib\activation-1.1.jar:lib\bridj-0.6.2-windows-only.jar:lib\commons-codec-1.11.jar:lib\commons-codec-1.15.jar:lib\commons-collections4-4.2.jar:lib\commons-collections4-4.4.jar:lib\commons-compress-1.18.jar:lib\commons-compress-1.21.jar:lib\commons-io-2.11.0.jar:lib\commons-logging-1.2.jar:lib\commons-math3-3.6.1.jar:lib\core-3.3.0.jar:lib\io-7.0.2.jar:lib\itextpdf-5.5.13.3.jar:lib\javase-3.3.0.jar:lib\javax.mail-1.6.1.jar:lib\jcalendar-1.4.jar:lib\jfreechart-1.5.0.jar:lib\jgoodies-common-1.2.0.jar:lib\jgoodies-looks-2.4.1.jar:lib\junit-4.6.jar:lib\kernel-7.0.2.jar:lib\layout-7.0.2.jar:lib\log4j-1.2.17.jar:lib\log4j-api-2.17.2.jar:lib\log4j-core-2.17.2.jar:lib\mssql-jdbc-7.2.2.jre8.jar:lib\poi-4.0.1.jar:lib\poi-ooxml-4.0.1.jar:lib\poi-ooxml-schemas-4.0.1.jar:lib\slf4j-api-1.6.2.jar:lib\slf4j-api-1.7.13.jar:lib\slf4j-api-1.7.36.jar:lib\slf4j-log4j12-1.6.2.jar:lib\webcam-capture-0.3.12.jar:lib\xmlbeans-3.0.2.jar:..\..\..\Documents\sqljdbc_10.2\enu\mssql-jdbc-10.2.3.jre17.jar:C:\Users\admin\Desktop\selenium-api-4.19.0-sources.jar:C:\Users\admin\Desktop\selenium-api-4.19.0.jar:C:\Users\admin\Desktop\selenium-chrome-driver-4.19.0-sources.jar:C:\Users\admin\Desktop\selenium-chrome-driver-4.19.0.jar:C:\Users\admin\Desktop\selenium-chromium-driver-4.19.0-sources.jar:C:\Users\admin\Desktop\selenium-chromium-driver-4.19.0.jar:C:\Users\admin\Desktop\selenium-devtools-v121-4.19.0-sources.jar:C:\Users\admin\Desktop\selenium-devtools-v121-4.19.0.jar:C:\Users\admin\Desktop\selenium-devtools-v122-4.19.0-sources.jar:C:\Users\admin\Desktop\selenium-devtools-v122-4.19.0.jar:C:\Users\admin\Desktop\selenium-devtools-v123-4.19.0-sources.jar:C:\Users\admin\Desktop\selenium-devtools-v123-4.19.0.jar:C:\Users\admin\Desktop\selenium-devtools-v85-4.19.0-sources.jar:C:\Users\admin\Desktop\selenium-devtools-v85-4.19.0.jar:C:\Users\admin\Desktop\selenium-edge-driver-4.19.0-sources.jar:C:\Users\admin\Desktop\selenium-edge-driver-4.19.0.jar:C:\Users\admin\Desktop\selenium-firefox-driver-4.19.0-sources.jar:C:\Users\admin\Desktop\selenium-firefox-driver-4.19.0.jar:C:\Users\admin\Desktop\selenium-http-4.19.0-sources.jar:C:\Users\admin\Desktop\selenium-http-4.19.0.jar:C:\Users\admin\Desktop\selenium-ie-driver-4.19.0-sources.jar:C:\Users\admin\Desktop\selenium-ie-driver-4.19.0.jar:C:\Users\admin\Desktop\selenium-java-4.19.0-sources.jar:C:\Users\admin\Desktop\selenium-java-4.19.0.jar:C:\Users\admin\Desktop\selenium-json-4.19.0-sources.jar:C:\Users\admin\Desktop\selenium-json-4.19.0.jar:C:\Users\admin\Desktop\selenium-manager-4.19.0-sources.jar:C:\Users\admin\Desktop\selenium-manager-4.19.0.jar:C:\Users\admin\Desktop\selenium-os-4.19.0-sources.jar:C:\Users\admin\Desktop\selenium-os-4.19.0.jar:C:\Users\admin\Desktop\selenium-remote-driver-4.19.0-sources.jar:C:\Users\admin\Desktop\selenium-remote-driver-4.19.0.jar:C:\Users\admin\Desktop\selenium-safari-driver-4.19.0-sources.jar:C:\Users\admin\Desktop\selenium-safari-driver-4.19.0.jar:C:\Users\admin\Desktop\selenium-support-4.19.0-sources.jar:C:\Users\admin\Desktop\selenium-support-4.19.0.jar:C:\Users\admin\Documents\mssql-jdbc-10.2.3.jre17.jar:D:\Download\hamcrest-core-1.3-javadoc.jar:D:\Download\junit-4.13.2-javadoc.jar" />
    <property name="file.reference.jcalendar-1.4.jar-3" value="lib\jcalendar-1.4.jar" />
    <property name="file.reference.mssql-jdbc-7.2.2.jre8.jar" value="C:\Users\Admin\Documents\NetBeansProjects\mssql-jdbc-7.2.2.jre8.jar" />
    <property name="dist.jlink.dir" value="dist/jlink" />
    <property name="nb.junit.batch" value="false" />
    <property name="file.reference.bridj-0.6.2-windows-only.jar" value="C:\Users\Admin\Documents\NetBeansProjects\Long_lib\Long_lib\bridj-0.6.2-windows-only.jar" />
    <property name="build.test.classes.dir" value="build/test/classes" />
    <property name="file.reference.selenium-support-4.19.0-sources.jar" value="C:\Users\admin\Desktop\selenium-support-4.19.0-sources.jar" />
    <property name="libs.spring-framework300.maven-pom" value="" />
    <property name="ant.project.invoked-targets" value="test-single-method" />
    <property name="file.reference.jcalendar-1.4.jar-1" value="E:\OneDrive\Máy tính\lib\lib\jcalendar-1.4.jar" />
    <property name="libs.jstl.classpath" value="C:\Program Files\NetBeans-12.6\netbeansrr\enterprise\modules\ext\jstl-impl.jar;C:\Program Files\NetBeans-12.6\netbeansrr\enterprise\modules\ext\jstl-api.jar" />
    <property name="file.reference.jcalendar-1.4.jar-2" value="D:\duanNho\duan1.1\lib\jcalendar-1.4.jar" />
    <property name="ap.cmd.line.internal" value="" />
    <property name="file.reference.commons-compress-1.21.jar-1" value="D:\duanNho\duan1.1\lib\commons-compress-1.21.jar" />
    <property name="file.reference.commons-compress-1.21.jar-2" value="lib\commons-compress-1.21.jar" />
    <property name="libs.PostgreSQLDriver.src" value="" />
    <property name="java.vendor.url.bug" value="https://bugreport.java.com/bugreport/" />
    <property name="annotation.processing.source.output" value="build/generated-sources/ap-source-output" />
    <property name="libs.javaee-endorsed-api-6.0.maven-pom" value="" />
    <property name="user.dir" value="Y:\BL4\DuAn1\PRO1041_SD18307_Yennthph31906" />
    <property name="platform.java" value="C:\Program Files\Java\jdk-17/bin/java" />
    <property name="file.reference.flatlaf-3.2.jar-1" value="E:\OneDrive\Máy tính\lib\lib\flatlaf-3.2.jar" />
    <property name="file.reference.flatlaf-3.2.jar-2" value="D:\duanNho\duan1.1\lib\flatlaf-3.2.jar" />
    <property name="application.args" value="" />
    <property name="org.xml.sax.driver" value="com.sun.org.apache.xerces.internal.jaxp.SAXParserImpl$JAXPSAXParser" />
    <property name="file.reference.selenium-os-4.19.0.jar" value="C:\Users\admin\Desktop\selenium-os-4.19.0.jar" />
    <property name="file.reference.selenium-remote-driver-4.19.0.jar" value="C:\Users\admin\Desktop\selenium-remote-driver-4.19.0.jar" />
    <property name="libs.jakartaee-web-api-8.0.maven-pom" value="" />
    <property name="libs.eclipselink.src" value="" />
    <property name="file.reference.slf4j-api-1.6.2.jar" value="C:\Users\Admin\Documents\NetBeansProjects\Long_lib\Long_lib\slf4j-api-1.6.2.jar" />
    <property name="java.vm.version" value="17.0.7+8-LTS-224" />
    <property name="libs.metro.javadoc" value="C:\Program Files\NetBeans-12.6\netbeansrr\enterprise\docs\webservices-api-javadoc.jar;C:\Program Files\NetBeans-12.6\netbeansrr\enterprise\docs\webservices-extra-javadoc.jar;C:\Program Files\NetBeans-12.6\netbeansrr\enterprise\docs\webservices-extra-api-javadoc.jar;C:\Program Files\NetBeans-12.6\netbeansrr\enterprise\docs\webservices-rt-javadoc.jar;C:\Program Files\NetBeans-12.6\netbeansrr\enterprise\docs\webservices-tools-javadoc.jar" />
    <property name="libs.jakartaee-web-api-9.0.src" value="" />
    <property name="sun.awt.datatransfer.timeout" value="1000" />
    <property name="test.class" value="Test1.TestQuanLyVoucher" />
    <property name="libs.jsp-compiler.classpath" value="C:\Program Files\NetBeans-12.6\netbeansrr\enterprise\ant\extra\jspcompile.jar" />
    <property name="junit.forkmode" value="perTest" />
    <property name="annotation.processing.run.all.processors" value="true" />
    <property name="libs.jakartaee-api-8.0.src" value="" />
    <property name="libs.javaee-web-api-7.0.src" value="" />
    <property name="libs.javaee-endorsed-api-6.0.classpath" value="C:\Program Files\NetBeans-12.6\netbeansrr\enterprise\modules\ext\javaee6-endorsed\javax.annotation.jar;C:\Program Files\NetBeans-12.6\netbeansrr\enterprise\modules\ext\javaee6-endorsed\jaxb-api-osgi.jar;C:\Program Files\NetBeans-12.6\netbeansrr\enterprise\modules\ext\javaee6-endorsed\webservices-api-osgi.jar" />
  </properties>
  <testcase classname="Test1.TestQuanLyVoucher" name="deleteVoucherInValid" time="0.871" />
  <system-out><![CDATA[]]></system-out>
  <system-err><![CDATA[]]></system-err>
</testsuite>
